This file contains any messages produced by compilers while
running configure, to aid debugging if configure makes a mistake.

It was created by LRDE Tiger Compiler configure 1.91.c, which was
generated by GNU Autoconf 2.71.  Invocation command line was

  $ /Users/matheo/local_doc/info_ing1/tiger/github/configure

## --------- ##
## Platform. ##
## --------- ##

hostname = MacBook-Pro-de-Matheo.local
uname -m = arm64
uname -r = 21.4.0
uname -s = Darwin
uname -v = Darwin Kernel Version 21.4.0: Mon Feb 21 20:35:58 PST 2022; root:xnu-8020.101.4~2/RELEASE_ARM64_T6000

/usr/bin/uname -p = arm
/bin/uname -X     = unknown

/bin/arch              = unknown
/usr/bin/arch -k       = unknown
/usr/convex/getsysinfo = unknown
/usr/bin/hostinfo      = Mach kernel version:
	 Darwin Kernel Version 21.4.0: Mon Feb 21 20:35:58 PST 2022; root:xnu-8020.101.4~2/RELEASE_ARM64_T6000
Kernel configured for up to 10 processors.
10 processors are physically available.
10 processors are logically available.
Processor type: arm64e (ARM64E)
Processors active: 0 1 2 3 4 5 6 7 8 9
Primary memory available: 16.00 gigabytes
Default processor set: 536 tasks, 2430 threads, 10 processors
Load average: 4.87, Mach factor: 5.21
/bin/machine           = unknown
/usr/bin/oslevel       = unknown
/bin/universe          = unknown

PATH: /opt/homebrew/opt/bison/bin/
PATH: /opt/local/bin/
PATH: /opt/local/sbin/
PATH: /opt/homebrew/bin/
PATH: /opt/homebrew/sbin/
PATH: /usr/local/bin/
PATH: /usr/bin/
PATH: /bin/
PATH: /usr/sbin/
PATH: /sbin/
PATH: /Library/Apple/usr/bin/


## ----------- ##
## Core tests. ##
## ----------- ##

configure:2881: looking for aux files: ltmain.sh compile ar-lib config.guess config.sub missing install-sh
configure:2894:  trying /Users/matheo/local_doc/info_ing1/tiger/github/build-aux/
configure:2923:   /Users/matheo/local_doc/info_ing1/tiger/github/build-aux/ltmain.sh found
configure:2923:   /Users/matheo/local_doc/info_ing1/tiger/github/build-aux/compile found
configure:2923:   /Users/matheo/local_doc/info_ing1/tiger/github/build-aux/ar-lib found
configure:2923:   /Users/matheo/local_doc/info_ing1/tiger/github/build-aux/config.guess found
configure:2923:   /Users/matheo/local_doc/info_ing1/tiger/github/build-aux/config.sub found
configure:2923:   /Users/matheo/local_doc/info_ing1/tiger/github/build-aux/missing found
configure:2905:   /Users/matheo/local_doc/info_ing1/tiger/github/build-aux/install-sh found
configure:3058: checking for a BSD-compatible install
configure:3131: result: /usr/bin/install -c
configure:3142: checking whether build environment is sane
configure:3197: result: yes
configure:3356: checking for a race-free mkdir -p
configure:3400: result: /Users/matheo/local_doc/info_ing1/tiger/github/build-aux/install-sh -c -d
configure:3407: checking for gawk
configure:3442: result: no
configure:3407: checking for mawk
configure:3442: result: no
configure:3407: checking for nawk
configure:3442: result: no
configure:3407: checking for awk
configure:3428: found /usr/bin/awk
configure:3439: result: awk
configure:3450: checking whether make sets $(MAKE)
configure:3473: result: yes
configure:3503: checking whether make supports nested variables
configure:3521: result: yes
configure:3671: checking whether make supports nested variables
configure:3689: result: yes
configure:3782: checking for g++
configure:3803: found /usr/bin/g++
configure:3814: result: g++
configure:3841: checking for C++ compiler version
configure:3850: g++ --version >&5
Apple clang version 13.1.6 (clang-1316.0.21.2)
Target: arm64-apple-darwin21.4.0
Thread model: posix
InstalledDir: /Applications/Xcode.app/Contents/Developer/Toolchains/XcodeDefault.xctoolchain/usr/bin
configure:3861: $? = 0
configure:3850: g++ -v >&5
Apple clang version 13.1.6 (clang-1316.0.21.2)
Target: arm64-apple-darwin21.4.0
Thread model: posix
InstalledDir: /Applications/Xcode.app/Contents/Developer/Toolchains/XcodeDefault.xctoolchain/usr/bin
configure:3861: $? = 0
configure:3850: g++ -V >&5
clang: error: argument to '-V' is missing (expected 1 value)
clang: error: no input files
configure:3861: $? = 1
configure:3850: g++ -qversion >&5
clang: error: unknown argument '-qversion'; did you mean '--version'?
clang: error: no input files
configure:3861: $? = 1
configure:3881: checking whether the C++ compiler works
configure:3903: g++    conftest.cpp  >&5
configure:3907: $? = 0
configure:3957: result: yes
configure:3960: checking for C++ compiler default output file name
configure:3962: result: a.out
configure:3968: checking for suffix of executables
configure:3975: g++ -o conftest    conftest.cpp  >&5
configure:3979: $? = 0
configure:4002: result: 
configure:4024: checking whether we are cross compiling
configure:4032: g++ -o conftest    conftest.cpp  >&5
configure:4036: $? = 0
configure:4043: ./conftest
configure:4047: $? = 0
configure:4062: result: no
configure:4067: checking for suffix of object files
configure:4090: g++ -c   conftest.cpp >&5
configure:4094: $? = 0
configure:4116: result: o
configure:4120: checking whether the compiler supports GNU C++
configure:4140: g++ -c   conftest.cpp >&5
configure:4140: $? = 0
configure:4150: result: yes
configure:4161: checking whether g++ accepts -g
configure:4182: g++ -c -g  conftest.cpp >&5
configure:4182: $? = 0
configure:4226: result: yes
configure:4246: checking for g++ option to enable C++11 features
configure:4261: g++  -c -g -O2  conftest.cpp >&5
conftest.cpp:57:3: error: "Compiler does not advertise C++11 conformance"
# error "Compiler does not advertise C++11 conformance"
  ^
conftest.cpp:62:3: error: unknown type name 'constexpr'
  constexpr int get_val() { return 20; }
  ^
conftest.cpp:74:17: error: delegating constructors are permitted only in C++11
    delegate(): delegate(2354) {}
                ^~~~~~~~
conftest.cpp:85:26: warning: 'override' keyword is a C++11 extension [-Wc++11-extensions]
    virtual int getval() override final { return this->n * 2; }
                         ^
conftest.cpp:85:35: warning: 'final' keyword is a C++11 extension [-Wc++11-extensions]
    virtual int getval() override final { return this->n * 2; }
                                  ^
conftest.cpp:92:16: warning: defaulted function definitions are a C++11 extension [-Wc++11-extensions]
    nocopy() = default;
               ^
conftest.cpp:93:29: warning: deleted function definitions are a C++11 extension [-Wc++11-extensions]
    nocopy(const nocopy&) = delete;
                            ^
conftest.cpp:94:41: warning: deleted function definitions are a C++11 extension [-Wc++11-extensions]
    nocopy & operator=(const nocopy&) = delete;
                                        ^
conftest.cpp:106:25: warning: 'auto' type specifier is a C++11 extension [-Wc++11-extensions]
  template <typename V> auto sum(V first) -> V
                        ^
conftest.cpp:106:25: error: 'auto' not allowed in function return type
  template <typename V> auto sum(V first) -> V
                        ^~~~
conftest.cpp:106:42: error: expected ';' at end of declaration
  template <typename V> auto sum(V first) -> V
                                         ^
                                         ;
conftest.cpp:106:43: error: cannot use arrow operator on a type
  template <typename V> auto sum(V first) -> V
                                          ^
conftest.cpp:110:33: warning: variadic templates are a C++11 extension [-Wc++11-extensions]
  template <typename V, typename... Args> auto sum(V first, Args... rest) -> V
                                ^
conftest.cpp:110:43: warning: 'auto' type specifier is a C++11 extension [-Wc++11-extensions]
  template <typename V, typename... Args> auto sum(V first, Args... rest) -> V
                                          ^
conftest.cpp:110:43: error: 'auto' not allowed in function return type
  template <typename V, typename... Args> auto sum(V first, Args... rest) -> V
                                          ^~~~
conftest.cpp:110:74: error: expected ';' at end of declaration
  template <typename V, typename... Args> auto sum(V first, Args... rest) -> V
                                                                         ^
                                                                         ;
conftest.cpp:110:75: error: cannot use arrow operator on a type
  template <typename V, typename... Args> auto sum(V first, Args... rest) -> V
                                                                          ^
conftest.cpp:134:3: warning: 'auto' type specifier is a C++11 extension [-Wc++11-extensions]
  auto a1 = 6538;
  ^
conftest.cpp:135:3: warning: 'auto' type specifier is a C++11 extension [-Wc++11-extensions]
  auto a2 = 48573953.4;
  ^
conftest.cpp:136:3: warning: 'auto' type specifier is a C++11 extension [-Wc++11-extensions]
  auto a3 = "String literal";
  ^
conftest.cpp:139:8: warning: 'auto' type specifier is a C++11 extension [-Wc++11-extensions]
  for (auto i = a3; *i; ++i) { total += *i; }
       ^
conftest.cpp:155:8: warning: 'auto' type specifier is a C++11 extension [-Wc++11-extensions]
  for (auto &x : array) { x += 23; }
       ^
conftest.cpp:155:16: warning: range-based for loop is a C++11 extension [-Wc++11-extensions]
  for (auto &x : array) { x += 23; }
               ^
conftest.cpp:160:17: error: expected expression
  assert (eval ([](int x) { return x*2; }, 21) == 42);
                ^
conftest.cpp:162:17: error: expected expression
  assert (eval ([&](double x) { return d += x; }, 3.0) == 5.0);
                ^
conftest.cpp:164:17: error: expected expression
  assert (eval ([=](double x) mutable { return d += x; }, 4.0) == 9.0);
                ^
conftest.cpp:170:3: warning: 'auto' type specifier is a C++11 extension [-Wc++11-extensions]
  auto a = sum(1);
  ^
conftest.cpp:170:12: error: no matching function for call to 'sum'
  auto a = sum(1);
           ^~~
conftest.cpp:171:3: warning: 'auto' type specifier is a C++11 extension [-Wc++11-extensions]
  auto b = sum(1, 2);
  ^
conftest.cpp:171:12: error: no matching function for call to 'sum'
  auto b = sum(1, 2);
           ^~~
conftest.cpp:172:3: warning: 'auto' type specifier is a C++11 extension [-Wc++11-extensions]
  auto c = sum(1.0, 2.0, 3.0);
  ^
conftest.cpp:172:12: error: no matching function for call to 'sum'
  auto c = sum(1.0, 2.0, 3.0);
           ^~~
conftest.cpp:177:25: warning: empty parentheses interpreted as a function declaration [-Wvexing-parse]
  cxx11test::delegate d2();
                        ^~
conftest.cpp:177:25: note: remove parentheses to declare a variable
  cxx11test::delegate d2();
                        ^~
conftest.cpp:190:16: error: found '<::' after a template name which forms the digraph '<:' (aka '[') and a ':', did you mean '< ::'?
  test_template<::test_template<int>> v(test_template<int>(12));
               ^~~
               < ::
conftest.cpp:190:36: error: a space is required between consecutive right angle brackets (use '> >')
  test_template<::test_template<int>> v(test_template<int>(12));
                                   ^~
                                   > >
conftest.cpp:194:22: error: use of undeclared identifier 'u8'
  char const *utf8 = u8"UTF-8 string \u2500";
                     ^
conftest.cpp:194:24: error: expected ';' at end of declaration
  char const *utf8 = u8"UTF-8 string \u2500";
                       ^
                       ;
fatal error: too many errors emitted, stopping now [-ferror-limit=]
18 warnings and 20 errors generated.
configure:4261: $? = 1
configure: failed program was:
| /* confdefs.h */
| #define PACKAGE_NAME "LRDE Tiger Compiler"
| #define PACKAGE_TARNAME "tc"
| #define PACKAGE_VERSION "1.91.c"
| #define PACKAGE_STRING "LRDE Tiger Compiler 1.91.c"
| #define PACKAGE_BUGREPORT "tiger@lrde.epita.fr"
| #define PACKAGE_URL "http://tiger.lrde.epita.fr"
| #define PACKAGE "tc"
| #define VERSION "1.91.c"
| /* end confdefs.h.  */
| 
| // Does the compiler advertise C++98 conformance?
| #if !defined __cplusplus || __cplusplus < 199711L
| # error "Compiler does not advertise C++98 conformance"
| #endif
| 
| // These inclusions are to reject old compilers that
| // lack the unsuffixed header files.
| #include <cstdlib>
| #include <exception>
| 
| // <cassert> and <cstring> are *not* freestanding headers in C++98.
| extern void assert (int);
| namespace std {
|   extern int strcmp (const char *, const char *);
| }
| 
| // Namespaces, exceptions, and templates were all added after "C++ 2.0".
| using std::exception;
| using std::strcmp;
| 
| namespace {
| 
| void test_exception_syntax()
| {
|   try {
|     throw "test";
|   } catch (const char *s) {
|     // Extra parentheses suppress a warning when building autoconf itself,
|     // due to lint rules shared with more typical C programs.
|     assert (!(strcmp) (s, "test"));
|   }
| }
| 
| template <typename T> struct test_template
| {
|   T const val;
|   explicit test_template(T t) : val(t) {}
|   template <typename U> T add(U u) { return static_cast<T>(u) + val; }
| };
| 
| } // anonymous namespace
| 
| 
| // Does the compiler advertise C++ 2011 conformance?
| #if !defined __cplusplus || __cplusplus < 201103L
| # error "Compiler does not advertise C++11 conformance"
| #endif
| 
| namespace cxx11test
| {
|   constexpr int get_val() { return 20; }
| 
|   struct testinit
|   {
|     int i;
|     double d;
|   };
| 
|   class delegate
|   {
|   public:
|     delegate(int n) : n(n) {}
|     delegate(): delegate(2354) {}
| 
|     virtual int getval() { return this->n; };
|   protected:
|     int n;
|   };
| 
|   class overridden : public delegate
|   {
|   public:
|     overridden(int n): delegate(n) {}
|     virtual int getval() override final { return this->n * 2; }
|   };
| 
|   class nocopy
|   {
|   public:
|     nocopy(int i): i(i) {}
|     nocopy() = default;
|     nocopy(const nocopy&) = delete;
|     nocopy & operator=(const nocopy&) = delete;
|   private:
|     int i;
|   };
| 
|   // for testing lambda expressions
|   template <typename Ret, typename Fn> Ret eval(Fn f, Ret v)
|   {
|     return f(v);
|   }
| 
|   // for testing variadic templates and trailing return types
|   template <typename V> auto sum(V first) -> V
|   {
|     return first;
|   }
|   template <typename V, typename... Args> auto sum(V first, Args... rest) -> V
|   {
|     return first + sum(rest...);
|   }
| }
| 
| 
| int
| main (int argc, char **argv)
| {
|   int ok = 0;
|   
|   assert (argc);
|   assert (! argv[0]);
| {
|   test_exception_syntax ();
|   test_template<double> tt (2.0);
|   assert (tt.add (4) == 6.0);
|   assert (true && !false);
| }
| 
|   
| {
|   // Test auto and decltype
|   auto a1 = 6538;
|   auto a2 = 48573953.4;
|   auto a3 = "String literal";
| 
|   int total = 0;
|   for (auto i = a3; *i; ++i) { total += *i; }
| 
|   decltype(a2) a4 = 34895.034;
| }
| {
|   // Test constexpr
|   short sa[cxx11test::get_val()] = { 0 };
| }
| {
|   // Test initializer lists
|   cxx11test::testinit il = { 4323, 435234.23544 };
| }
| {
|   // Test range-based for
|   int array[] = {9, 7, 13, 15, 4, 18, 12, 10, 5, 3,
|                  14, 19, 17, 8, 6, 20, 16, 2, 11, 1};
|   for (auto &x : array) { x += 23; }
| }
| {
|   // Test lambda expressions
|   using cxx11test::eval;
|   assert (eval ([](int x) { return x*2; }, 21) == 42);
|   double d = 2.0;
|   assert (eval ([&](double x) { return d += x; }, 3.0) == 5.0);
|   assert (d == 5.0);
|   assert (eval ([=](double x) mutable { return d += x; }, 4.0) == 9.0);
|   assert (d == 5.0);
| }
| {
|   // Test use of variadic templates
|   using cxx11test::sum;
|   auto a = sum(1);
|   auto b = sum(1, 2);
|   auto c = sum(1.0, 2.0, 3.0);
| }
| {
|   // Test constructor delegation
|   cxx11test::delegate d1;
|   cxx11test::delegate d2();
|   cxx11test::delegate d3(45);
| }
| {
|   // Test override and final
|   cxx11test::overridden o1(55464);
| }
| {
|   // Test nullptr
|   char *c = nullptr;
| }
| {
|   // Test template brackets
|   test_template<::test_template<int>> v(test_template<int>(12));
| }
| {
|   // Unicode literals
|   char const *utf8 = u8"UTF-8 string \u2500";
|   char16_t const *utf16 = u"UTF-8 string \u2500";
|   char32_t const *utf32 = U"UTF-32 string \u2500";
| }
| 
|   return ok;
| }
| 
configure:4279: result: none needed
configure:4353: checking for style of include used by make
configure:4401: result: GNU
configure:4428: checking dependency style of g++
configure:4540: result: gcc3
configure:4602: checking build system type
configure:4617: result: aarch64-apple-darwin21.4.0
configure:4637: checking host system type
configure:4651: result: aarch64-apple-darwin21.4.0
configure:4679: checking whether C++ compiler accepts -std=c++20 -stdlib=libc++
configure:4699: g++ -c -g -O2  -std=c++20 -stdlib=libc++  conftest.cpp >&5
configure:4699: $? = 0
configure:4708: result: yes
configure:4767: checking whether C++ compiler accepts -pipe
configure:4787: g++ -c -g -O2 -std=c++20 -stdlib=libc++  -pipe  conftest.cpp >&5
configure:4787: $? = 0
configure:4796: result: yes
configure:4807: checking for grep that handles long lines and -e
configure:4871: result: /usr/bin/grep
configure:4876: checking for egrep
configure:4944: result: /usr/bin/grep -E
configure:4949: checking whether C++ compiler accepts -Wall
configure:4970: g++ -c -g -O2 -std=c++20 -stdlib=libc++ -pipe -Wall  conftest.cpp >&5
configure:4978: $? = 0
configure:4981: test -s conftest.o
configure:4984: $? = 0
configure:4999: result: yes
configure:5005: checking whether C++ compiler accepts -W
configure:5026: g++ -c -g -O2 -std=c++20 -stdlib=libc++ -pipe -W  conftest.cpp >&5
configure:5034: $? = 0
configure:5037: test -s conftest.o
configure:5040: $? = 0
configure:5055: result: yes
configure:5061: checking whether C++ compiler accepts -Wcast-align
configure:5082: g++ -c -g -O2 -std=c++20 -stdlib=libc++ -pipe -Wcast-align  conftest.cpp >&5
configure:5090: $? = 0
configure:5093: test -s conftest.o
configure:5096: $? = 0
configure:5111: result: yes
configure:5117: checking whether C++ compiler accepts -Wcast-qual
configure:5138: g++ -c -g -O2 -std=c++20 -stdlib=libc++ -pipe -Wcast-qual  conftest.cpp >&5
configure:5146: $? = 0
configure:5149: test -s conftest.o
configure:5152: $? = 0
configure:5167: result: yes
configure:5173: checking whether C++ compiler accepts -Wformat
configure:5194: g++ -c -g -O2 -std=c++20 -stdlib=libc++ -pipe -Wformat  conftest.cpp >&5
configure:5202: $? = 0
configure:5205: test -s conftest.o
configure:5208: $? = 0
configure:5223: result: yes
configure:5229: checking whether C++ compiler accepts -Wmissing-prototypes
configure:5250: g++ -c -g -O2 -std=c++20 -stdlib=libc++ -pipe -Wmissing-prototypes  conftest.cpp >&5
configure:5258: $? = 0
configure:5261: test -s conftest.o
configure:5264: $? = 0
configure:5279: result: yes
configure:5285: checking whether C++ compiler accepts -Wstrict-prototypes
configure:5306: g++ -c -g -O2 -std=c++20 -stdlib=libc++ -pipe -Wstrict-prototypes  conftest.cpp >&5
configure:5314: $? = 0
configure:5317: test -s conftest.o
configure:5320: $? = 0
configure:5335: result: yes
configure:5341: checking whether C++ compiler accepts -Wwrite-strings
configure:5362: g++ -c -g -O2 -std=c++20 -stdlib=libc++ -pipe -Wwrite-strings  conftest.cpp >&5
configure:5370: $? = 0
configure:5373: test -s conftest.o
configure:5376: $? = 0
configure:5391: result: yes
configure:5397: checking whether C++ compiler accepts -Wbad-function-cast
configure:5418: g++ -c -g -O2 -std=c++20 -stdlib=libc++ -pipe -Wbad-function-cast  conftest.cpp >&5
configure:5426: $? = 0
configure:5429: test -s conftest.o
configure:5432: $? = 0
configure:5447: result: yes
configure:5453: checking whether C++ compiler accepts -Wmissing-declarations
configure:5474: g++ -c -g -O2 -std=c++20 -stdlib=libc++ -pipe -Wmissing-declarations  conftest.cpp >&5
configure:5482: $? = 0
configure:5485: test -s conftest.o
configure:5488: $? = 0
configure:5503: result: yes
configure:5509: checking whether C++ compiler accepts -Wnested-externs
configure:5530: g++ -c -g -O2 -std=c++20 -stdlib=libc++ -pipe -Wnested-externs  conftest.cpp >&5
configure:5538: $? = 0
configure:5541: test -s conftest.o
configure:5544: $? = 0
configure:5559: result: yes
configure:5565: checking whether C++ compiler accepts -Wunused-parameter
configure:5586: g++ -c -g -O2 -std=c++20 -stdlib=libc++ -pipe -Wunused-parameter  conftest.cpp >&5
configure:5594: $? = 0
configure:5597: test -s conftest.o
configure:5600: $? = 0
configure:5615: result: yes
configure:5621: checking whether C++ compiler accepts -Wunused-function
configure:5642: g++ -c -g -O2 -std=c++20 -stdlib=libc++ -pipe -Wunused-function  conftest.cpp >&5
configure:5650: $? = 0
configure:5653: test -s conftest.o
configure:5656: $? = 0
configure:5671: result: yes
configure:5677: checking whether C++ compiler accepts -Woverloaded-virtual
configure:5698: g++ -c -g -O2 -std=c++20 -stdlib=libc++ -pipe -Woverloaded-virtual  conftest.cpp >&5
configure:5706: $? = 0
configure:5709: test -s conftest.o
configure:5712: $? = 0
configure:5727: result: yes
configure:5733: checking whether C++ compiler accepts 
configure:5754: g++ -c -g -O2 -std=c++20 -stdlib=libc++ -pipe   conftest.cpp >&5
configure:5762: $? = 0
configure:5765: test -s conftest.o
configure:5768: $? = 0
configure:5783: result: yes
configure:5795: checking whether C++ compiler accepts -Wno-shadow
configure:5816: g++ -c -g -O2 -std=c++20 -stdlib=libc++ -pipe -Wno-shadow  conftest.cpp >&5
configure:5824: $? = 0
configure:5827: test -s conftest.o
configure:5830: $? = 0
configure:5845: result: yes
configure:5910: checking whether C++ compiler accepts -wd111,193,279,383,444,522,654,810,981,1418
configure:5931: g++ -c -g -O2 -std=c++20 -stdlib=libc++ -pipe -wd111,193,279,383,444,522,654,810,981,1418  conftest.cpp >&5
clang: error: unknown argument: '-wd111,193,279,383,444,522,654,810,981,1418'
configure:5939: $? = 1
configure: failed program was:
| /* confdefs.h */
| #define PACKAGE_NAME "LRDE Tiger Compiler"
| #define PACKAGE_TARNAME "tc"
| #define PACKAGE_VERSION "1.91.c"
| #define PACKAGE_STRING "LRDE Tiger Compiler 1.91.c"
| #define PACKAGE_BUGREPORT "tiger@lrde.epita.fr"
| #define PACKAGE_URL "http://tiger.lrde.epita.fr"
| #define PACKAGE "tc"
| #define VERSION "1.91.c"
| /* end confdefs.h.  */
| 
| int
| main (void)
| {
| 
|   ;
|   return 0;
| }
configure:5960: result: no
configure:5993: checking whether C++ compiler accepts -Wno-strict-aliasing
configure:6014: g++ -c -g -O2 -std=c++20 -stdlib=libc++ -pipe -Wno-strict-aliasing  conftest.cpp >&5
configure:6022: $? = 0
configure:6025: test -s conftest.o
configure:6028: $? = 0
configure:6043: result: yes
configure:6063: checking for flex
configure:6084: found /usr/bin/flex
configure:6095: result: flex
configure:6110: checking for flex >= 2.5.35
configure:6152: result: yes
configure:6182: checking for bison
configure:6203: found /opt/homebrew/opt/bison/bin/bison
configure:6214: result: bison
configure:6229: checking for bison >= 3.8.2
configure:6271: result: yes
configure:6290: checking for emacs
configure:6325: result: no
configure:6290: checking for xemacs
configure:6325: result: no
configure:6347: checking where .elc files should go
configure:6377: result: ${datadir}/emacs/site-lisp
configure:6449: checking for gcc
configure:6470: found /opt/homebrew/bin/gcc
configure:6481: result: gcc
configure:6834: checking for C compiler version
configure:6843: gcc --version >&5
gcc (Homebrew GCC 11.2.0) 11.1.0
Copyright (C) 2021 Free Software Foundation, Inc.
This is free software; see the source for copying conditions.  There is NO
warranty; not even for MERCHANTABILITY or FITNESS FOR A PARTICULAR PURPOSE.

configure:6854: $? = 0
configure:6843: gcc -v >&5
Using built-in specs.
COLLECT_GCC=gcc
COLLECT_LTO_WRAPPER=/opt/homebrew/Cellar/gcc/11.2.0/libexec/gcc/aarch64-apple-darwin20/11.1.0/lto-wrapper
Target: aarch64-apple-darwin20
Configured with: ../configure --prefix=/opt/homebrew/Cellar/gcc/11.2.0 --libdir=/opt/homebrew/Cellar/gcc/11.2.0/lib/gcc/11 --disable-nls --enable-checking=release --enable-languages=c,c++,objc,obj-c++,fortran --program-suffix=-11 --with-gmp=/opt/homebrew/opt/gmp --with-mpfr=/opt/homebrew/opt/mpfr --with-mpc=/opt/homebrew/opt/libmpc --with-isl=/opt/homebrew/opt/isl --with-zstd=/opt/homebrew/opt/zstd --with-pkgversion='Homebrew GCC 11.2.0' --with-bugurl=https://github.com/Homebrew/homebrew-core/issues --build=aarch64-apple-darwin20 --with-system-zlib --disable-multilib --with-native-system-header-dir=/usr/include --with-sysroot=/Library/Developer/CommandLineTools/SDKs/MacOSX.sdk
Thread model: posix
Supported LTO compression algorithms: zlib zstd
gcc version 11.1.0 (Homebrew GCC 11.2.0) 
configure:6854: $? = 0
configure:6843: gcc -V >&5
gcc: error: unrecognized command-line option '-V'
gcc: fatal error: no input files
compilation terminated.
configure:6854: $? = 1
configure:6843: gcc -qversion >&5
gcc: error: unrecognized command-line option '-qversion'; did you mean '--version'?
gcc: fatal error: no input files
compilation terminated.
configure:6854: $? = 1
configure:6843: gcc -version >&5
gcc: error: unrecognized command-line option '-version'
gcc: fatal error: no input files
compilation terminated.
configure:6854: $? = 1
configure:6858: checking whether the compiler supports GNU C
configure:6878: gcc -c   conftest.c >&5
configure:6878: $? = 0
configure:6888: result: yes
configure:6899: checking whether gcc accepts -g
configure:6920: gcc -c -g  conftest.c >&5
configure:6920: $? = 0
configure:6964: result: yes
configure:6984: checking for gcc option to enable C11 features
configure:6999: gcc  -c -g -O2  conftest.c >&5
configure:6999: $? = 0
configure:7017: result: none needed
configure:7133: checking whether gcc understands -c and -o together
configure:7156: gcc -c conftest.c -o conftest2.o
configure:7159: $? = 0
configure:7156: gcc -c conftest.c -o conftest2.o
configure:7159: $? = 0
configure:7171: result: yes
configure:7190: checking dependency style of gcc
configure:7302: result: gcc3
configure:7373: checking for ar
configure:7394: found /usr/bin/ar
configure:7405: result: ar
configure:7431: checking the archiver (ar) interface
configure:7448: gcc -c -g -O2  conftest.c >&5
configure:7448: $? = 0
configure:7451: ar cru libconftest.a conftest.o >&5
configure:7454: $? = 0
configure:7482: result: ar
configure:7551: checking how to print strings
configure:7578: result: printf
configure:7599: checking for a sed that does not truncate output
configure:7669: result: /usr/bin/sed
configure:7687: checking for fgrep
configure:7755: result: /usr/bin/grep -F
configure:7791: checking for ld used by gcc
configure:7859: result: /usr/bin/ld
configure:7866: checking if the linker (/usr/bin/ld) is GNU ld
configure:7882: result: no
configure:7894: checking for BSD- or MS-compatible name lister (nm)
configure:7949: result: /usr/bin/nm -B
configure:8089: checking the name lister (/usr/bin/nm -B) interface
configure:8097: g++ -c -g -O2 -std=c++20 -stdlib=libc++ -pipe  conftest.cpp >&5
configure:8100: /usr/bin/nm -B "conftest.o"
configure:8103: output
0000000000000260 S _some_variable
0000000000000000 t ltmp0
0000000000000260 s ltmp1
configure:8110: result: BSD nm
configure:8113: checking whether ln -s works
configure:8117: result: yes
configure:8125: checking the maximum length of command line arguments
configure:8257: result: 786432
configure:8305: checking how to convert aarch64-apple-darwin21.4.0 file names to aarch64-apple-darwin21.4.0 format
configure:8346: result: func_convert_file_noop
configure:8353: checking how to convert aarch64-apple-darwin21.4.0 file names to toolchain format
configure:8374: result: func_convert_file_noop
configure:8381: checking for /usr/bin/ld option to reload object files
configure:8389: result: -r
configure:8468: checking for objdump
configure:8489: found /usr/bin/objdump
configure:8500: result: objdump
configure:8532: checking how to recognize dependent libraries
configure:8733: result: pass_all
configure:8823: checking for dlltool
configure:8858: result: no
configure:8888: checking how to associate runtime and link libraries
configure:8916: result: printf %s\n
configure:9050: checking for archiver @FILE support
configure:9068: g++ -c -g -O2 -std=c++20 -stdlib=libc++ -pipe  conftest.cpp >&5
configure:9068: $? = 0
configure:9072: ar cru libconftest.a @conftest.lst >&5
ar: @conftest.lst: No such file or directory
configure:9075: $? = 1
configure:9095: result: no
configure:9158: checking for strip
configure:9179: found /usr/bin/strip
configure:9190: result: strip
configure:9267: checking for ranlib
configure:9288: found /usr/bin/ranlib
configure:9299: result: ranlib
configure:9401: checking command to parse /usr/bin/nm -B output from gcc object
configure:9555: g++ -c -g -O2 -std=c++20 -stdlib=libc++ -pipe  conftest.cpp >&5
configure:9558: $? = 0
configure:9562: /usr/bin/nm -B conftest.o \| sed -n -e 's/^.*[ ]\([ABCDGIRSTW][ABCDGIRSTW]*\)[ ][ ]*\([_A-Za-z][_A-Za-z0-9]*\)$/\1 \2 \2/p' | sed '/ __gnu_lto/d' \> conftest.nm
configure:9565: $? = 0
cannot find nm_test_var in conftest.nm
configure:9555: g++ -c -g -O2 -std=c++20 -stdlib=libc++ -pipe  conftest.cpp >&5
configure:9558: $? = 0
configure:9562: /usr/bin/nm -B conftest.o \| sed -n -e 's/^.*[ ]\([ABCDGIRSTW][ABCDGIRSTW]*\)[ ][ ]*_\([_A-Za-z][_A-Za-z0-9]*\)$/\1 _\2 \2/p' | sed '/ __gnu_lto/d' \> conftest.nm
configure:9565: $? = 0
configure:9631: g++ -o conftest -g -O2 -std=c++20 -stdlib=libc++ -pipe   conftest.cpp conftstm.o >&5
configure:9634: $? = 0
configure:9672: result: ok
configure:9719: checking for sysroot
configure:9750: result: no
configure:9757: checking for a working dd
configure:9801: result: /bin/dd
configure:9805: checking how to truncate binary pipes
configure:9821: result: /bin/dd bs=4096 count=1
configure:10158: checking for mt
configure:10193: result: no
configure:10213: checking if : is a manifest tool
configure:10220: : '-?'
configure:10228: result: no
configure:10289: checking for dsymutil
configure:10310: found /usr/bin/dsymutil
configure:10321: result: dsymutil
configure:10391: checking for nmedit
configure:10412: found /usr/bin/nmedit
configure:10423: result: nmedit
configure:10493: checking for lipo
configure:10514: found /usr/bin/lipo
configure:10525: result: lipo
configure:10595: checking for otool
configure:10616: found /usr/bin/otool
configure:10627: result: otool
configure:10697: checking for otool64
configure:10732: result: no
configure:10777: checking for -single_module linker flag
gcc -g -O2  -o libconftest.dylib -dynamiclib -Wl,-single_module conftest.c
configure:10811: result: yes
configure:10814: checking for -exported_symbols_list linker flag
configure:10835: g++ -o conftest -g -O2 -std=c++20 -stdlib=libc++ -pipe   -Wl,-exported_symbols_list,conftest.sym conftest.cpp  >&5
configure:10835: $? = 0
configure:10846: result: yes
configure:10849: checking for -force_load linker flag
gcc -g -O2 -c -o conftest.o conftest.c
ar cru libconftest.a conftest.o
ranlib libconftest.a
gcc -g -O2  -o conftest conftest.c -Wl,-force_load,./libconftest.a
configure:10882: result: yes
configure:10953: checking for stdio.h
configure:10953: g++ -c -g -O2 -std=c++20 -stdlib=libc++ -pipe  conftest.cpp >&5
configure:10953: $? = 0
configure:10953: result: yes
configure:10953: checking for stdlib.h
configure:10953: g++ -c -g -O2 -std=c++20 -stdlib=libc++ -pipe  conftest.cpp >&5
configure:10953: $? = 0
configure:10953: result: yes
configure:10953: checking for string.h
configure:10953: g++ -c -g -O2 -std=c++20 -stdlib=libc++ -pipe  conftest.cpp >&5
configure:10953: $? = 0
configure:10953: result: yes
configure:10953: checking for inttypes.h
configure:10953: g++ -c -g -O2 -std=c++20 -stdlib=libc++ -pipe  conftest.cpp >&5
configure:10953: $? = 0
configure:10953: result: yes
configure:10953: checking for stdint.h
configure:10953: g++ -c -g -O2 -std=c++20 -stdlib=libc++ -pipe  conftest.cpp >&5
configure:10953: $? = 0
configure:10953: result: yes
configure:10953: checking for strings.h
configure:10953: g++ -c -g -O2 -std=c++20 -stdlib=libc++ -pipe  conftest.cpp >&5
configure:10953: $? = 0
configure:10953: result: yes
configure:10953: checking for sys/stat.h
configure:10953: g++ -c -g -O2 -std=c++20 -stdlib=libc++ -pipe  conftest.cpp >&5
configure:10953: $? = 0
configure:10953: result: yes
configure:10953: checking for sys/types.h
configure:10953: g++ -c -g -O2 -std=c++20 -stdlib=libc++ -pipe  conftest.cpp >&5
configure:10953: $? = 0
configure:10953: result: yes
configure:10953: checking for unistd.h
configure:10953: g++ -c -g -O2 -std=c++20 -stdlib=libc++ -pipe  conftest.cpp >&5
configure:10953: $? = 0
configure:10953: result: yes
configure:10978: checking for dlfcn.h
configure:10978: g++ -c -g -O2 -std=c++20 -stdlib=libc++ -pipe  conftest.cpp >&5
configure:10978: $? = 0
configure:10978: result: yes
configure:11246: checking for objdir
configure:11262: result: .libs
configure:11526: checking if gcc supports -fno-rtti -fno-exceptions
configure:11545: gcc -c -g -O2  -fno-rtti -fno-exceptions conftest.c >&5
cc1: warning: command-line option '-fno-rtti' is valid for C++/D/ObjC++ but not for C
configure:11549: $? = 0
configure:11562: result: no
configure:11920: checking for gcc option to produce PIC
configure:11928: result: -fno-common -DPIC
configure:11936: checking if gcc PIC flag -fno-common -DPIC works
configure:11955: gcc -c -g -O2  -fno-common -DPIC -DPIC conftest.c >&5
configure:11959: $? = 0
configure:11972: result: yes
configure:12001: checking if gcc static flag -static works
configure:12030: result: no
configure:12045: checking if gcc supports -c -o file.o
configure:12067: gcc -c -g -O2  -o out/conftest2.o conftest.c >&5
configure:12071: $? = 0
configure:12093: result: yes
configure:12101: checking if gcc supports -c -o file.o
configure:12149: result: yes
configure:12182: checking whether the gcc linker (/usr/bin/ld) supports shared libraries
configure:13448: result: yes
configure:13689: checking dynamic linker characteristics
configure:14510: result: darwin21.4.0 dyld
configure:14632: checking how to hardcode library paths into programs
configure:14657: result: immediate
configure:15209: checking whether stripping libraries is possible
configure:15223: result: yes
configure:15249: checking if libtool supports shared libraries
configure:15251: result: yes
configure:15254: checking whether to build shared libraries
configure:15279: result: no
configure:15282: checking whether to build static libraries
configure:15286: result: yes
configure:15309: checking how to run the C++ preprocessor
configure:15331: g++ -E  conftest.cpp
configure:15331: $? = 0
configure:15346: g++ -E  conftest.cpp
conftest.cpp:26:10: fatal error: 'ac_nonexistent.h' file not found
#include <ac_nonexistent.h>
         ^~~~~~~~~~~~~~~~~~
1 error generated.
configure:15346: $? = 1
configure: failed program was:
| /* confdefs.h */
| #define PACKAGE_NAME "LRDE Tiger Compiler"
| #define PACKAGE_TARNAME "tc"
| #define PACKAGE_VERSION "1.91.c"
| #define PACKAGE_STRING "LRDE Tiger Compiler 1.91.c"
| #define PACKAGE_BUGREPORT "tiger@lrde.epita.fr"
| #define PACKAGE_URL "http://tiger.lrde.epita.fr"
| #define PACKAGE "tc"
| #define VERSION "1.91.c"
| #define FLEX_MAJOR_VERSION 2
| #define FLEX_MINOR_VERSION 6
| #define FLEX_SUBMINOR_VERSION 4
| #define HAVE_STDIO_H 1
| #define HAVE_STDLIB_H 1
| #define HAVE_STRING_H 1
| #define HAVE_INTTYPES_H 1
| #define HAVE_STDINT_H 1
| #define HAVE_STRINGS_H 1
| #define HAVE_SYS_STAT_H 1
| #define HAVE_SYS_TYPES_H 1
| #define HAVE_UNISTD_H 1
| #define STDC_HEADERS 1
| #define HAVE_DLFCN_H 1
| #define LT_OBJDIR ".libs/"
| /* end confdefs.h.  */
| #include <ac_nonexistent.h>
configure:15373: result: g++ -E
configure:15387: g++ -E  conftest.cpp
configure:15387: $? = 0
configure:15402: g++ -E  conftest.cpp
conftest.cpp:26:10: fatal error: 'ac_nonexistent.h' file not found
#include <ac_nonexistent.h>
         ^~~~~~~~~~~~~~~~~~
1 error generated.
configure:15402: $? = 1
configure: failed program was:
| /* confdefs.h */
| #define PACKAGE_NAME "LRDE Tiger Compiler"
| #define PACKAGE_TARNAME "tc"
| #define PACKAGE_VERSION "1.91.c"
| #define PACKAGE_STRING "LRDE Tiger Compiler 1.91.c"
| #define PACKAGE_BUGREPORT "tiger@lrde.epita.fr"
| #define PACKAGE_URL "http://tiger.lrde.epita.fr"
| #define PACKAGE "tc"
| #define VERSION "1.91.c"
| #define FLEX_MAJOR_VERSION 2
| #define FLEX_MINOR_VERSION 6
| #define FLEX_SUBMINOR_VERSION 4
| #define HAVE_STDIO_H 1
| #define HAVE_STDLIB_H 1
| #define HAVE_STRING_H 1
| #define HAVE_INTTYPES_H 1
| #define HAVE_STDINT_H 1
| #define HAVE_STRINGS_H 1
| #define HAVE_SYS_STAT_H 1
| #define HAVE_SYS_TYPES_H 1
| #define HAVE_UNISTD_H 1
| #define STDC_HEADERS 1
| #define HAVE_DLFCN_H 1
| #define LT_OBJDIR ".libs/"
| /* end confdefs.h.  */
| #include <ac_nonexistent.h>
configure:15567: checking for ld used by g++
configure:15635: result: /usr/bin/ld
configure:15642: checking if the linker (/usr/bin/ld) is GNU ld
configure:15658: result: no
configure:15713: checking whether the g++ linker (/usr/bin/ld) supports shared libraries
configure:16790: result: yes
configure:16826: g++ -c -g -O2 -std=c++20 -stdlib=libc++ -pipe  conftest.cpp >&5
configure:16829: $? = 0
configure:17310: checking for g++ option to produce PIC
configure:17318: result: -fno-common -DPIC
configure:17326: checking if g++ PIC flag -fno-common -DPIC works
configure:17345: g++ -c -g -O2 -std=c++20 -stdlib=libc++ -pipe  -fno-common -DPIC -DPIC conftest.cpp >&5
configure:17349: $? = 0
configure:17362: result: yes
configure:17385: checking if g++ static flag -static works
configure:17414: result: no
configure:17426: checking if g++ supports -c -o file.o
configure:17448: g++ -c -g -O2 -std=c++20 -stdlib=libc++ -pipe  -o out/conftest2.o conftest.cpp >&5
configure:17452: $? = 0
configure:17474: result: yes
configure:17479: checking if g++ supports -c -o file.o
configure:17527: result: yes
configure:17557: checking whether the g++ linker (/usr/bin/ld) supports shared libraries
configure:17597: result: yes
configure:17739: checking dynamic linker characteristics
configure:18487: result: darwin21.4.0 dyld
configure:18552: checking how to hardcode library paths into programs
configure:18577: result: immediate
configure:18677: checking for clang-format
configure:18698: found /opt/homebrew/bin/clang-format
configure:18709: result: clang-format
configure: this is boost.m4 serial 24
configure:18745: Detected BOOST_ROOT; continuing with --with-boost=/opt/homebrew/opt/boost
configure:18755: checking for Boost headers version >= 1.61.0
configure:18827: g++ -c -g -O2 -std=c++20 -stdlib=libc++ -pipe  -I/opt/homebrew/opt/boost/include conftest.cpp >&5
configure:18827: $? = 0
configure:18849: result: /opt/homebrew/opt/boost/include
configure:18868: checking for Boost's header version
configure:18900: result: 1_78
configure:18923: checking for boost/cast.hpp
configure:18923: g++ -c -g -O2 -std=c++20 -stdlib=libc++ -pipe  -I/opt/homebrew/opt/boost/include conftest.cpp >&5
configure:18923: $? = 0
configure:18923: result: yes
configure:18952: checking for boost/lexical_cast.hpp
configure:18952: g++ -c -g -O2 -std=c++20 -stdlib=libc++ -pipe  -I/opt/homebrew/opt/boost/include conftest.cpp >&5
configure:18952: $? = 0
configure:18952: result: yes
configure:18972: checking for the toolset name used by Boost for g++
configure:19087: g++ -c -g -O2 -std=c++20 -stdlib=libc++ -pipe  conftest.cpp >&5
conftest.cpp:33:3: error: defined __GNUC__ && __GNUC__ == 5 && __GNUC_MINOR__ == 0 && !defined __ICC &&   (defined WIN32 || defined WINNT || defined _WIN32 || defined __WIN32          || defined __WIN32__ || defined __WINNT || defined __WINNT__)
# error defined __GNUC__ && __GNUC__ == 5 && __GNUC_MINOR__ == 0 && !defined __ICC &&   (defined WIN32 || defined WINNT || defined _WIN32 || defined __WIN32          || defined __WIN32__ || defined __WINNT || defined __WINNT__)
  ^
1 error generated.
configure:19087: $? = 1
configure: failed program was:
| /* confdefs.h */
| #define PACKAGE_NAME "LRDE Tiger Compiler"
| #define PACKAGE_TARNAME "tc"
| #define PACKAGE_VERSION "1.91.c"
| #define PACKAGE_STRING "LRDE Tiger Compiler 1.91.c"
| #define PACKAGE_BUGREPORT "tiger@lrde.epita.fr"
| #define PACKAGE_URL "http://tiger.lrde.epita.fr"
| #define PACKAGE "tc"
| #define VERSION "1.91.c"
| #define FLEX_MAJOR_VERSION 2
| #define FLEX_MINOR_VERSION 6
| #define FLEX_SUBMINOR_VERSION 4
| #define HAVE_STDIO_H 1
| #define HAVE_STDLIB_H 1
| #define HAVE_STRING_H 1
| #define HAVE_INTTYPES_H 1
| #define HAVE_STDINT_H 1
| #define HAVE_STRINGS_H 1
| #define HAVE_SYS_STAT_H 1
| #define HAVE_SYS_TYPES_H 1
| #define HAVE_UNISTD_H 1
| #define STDC_HEADERS 1
| #define HAVE_DLFCN_H 1
| #define LT_OBJDIR ".libs/"
| #define HAVE_BOOST 1
| #define HAVE_BOOST_CAST_HPP 1
| #define HAVE_BOOST_LEXICAL_CAST_HPP 1
| /* end confdefs.h.  */
| 
| #if defined __GNUC__ && __GNUC__ == 5 && __GNUC_MINOR__ == 0 && !defined __ICC &&   (defined WIN32 || defined WINNT || defined _WIN32 || defined __WIN32          || defined __WIN32__ || defined __WINNT || defined __WINNT__)
| /* OK */
| #else
| # error defined __GNUC__ && __GNUC__ == 5 && __GNUC_MINOR__ == 0 && !defined __ICC &&   (defined WIN32 || defined WINNT || defined _WIN32 || defined __WIN32          || defined __WIN32__ || defined __WINNT || defined __WINNT__)
| #endif
| 
| int
| main (void)
| {
| 
|   ;
|   return 0;
| }
configure:19087: g++ -c -g -O2 -std=c++20 -stdlib=libc++ -pipe  conftest.cpp >&5
conftest.cpp:33:3: error: defined __GNUC__ && __GNUC__ == 5 && __GNUC_MINOR__ == 0 && !defined __ICC
# error defined __GNUC__ && __GNUC__ == 5 && __GNUC_MINOR__ == 0 && !defined __ICC
  ^
1 error generated.
configure:19087: $? = 1
configure: failed program was:
| /* confdefs.h */
| #define PACKAGE_NAME "LRDE Tiger Compiler"
| #define PACKAGE_TARNAME "tc"
| #define PACKAGE_VERSION "1.91.c"
| #define PACKAGE_STRING "LRDE Tiger Compiler 1.91.c"
| #define PACKAGE_BUGREPORT "tiger@lrde.epita.fr"
| #define PACKAGE_URL "http://tiger.lrde.epita.fr"
| #define PACKAGE "tc"
| #define VERSION "1.91.c"
| #define FLEX_MAJOR_VERSION 2
| #define FLEX_MINOR_VERSION 6
| #define FLEX_SUBMINOR_VERSION 4
| #define HAVE_STDIO_H 1
| #define HAVE_STDLIB_H 1
| #define HAVE_STRING_H 1
| #define HAVE_INTTYPES_H 1
| #define HAVE_STDINT_H 1
| #define HAVE_STRINGS_H 1
| #define HAVE_SYS_STAT_H 1
| #define HAVE_SYS_TYPES_H 1
| #define HAVE_UNISTD_H 1
| #define STDC_HEADERS 1
| #define HAVE_DLFCN_H 1
| #define LT_OBJDIR ".libs/"
| #define HAVE_BOOST 1
| #define HAVE_BOOST_CAST_HPP 1
| #define HAVE_BOOST_LEXICAL_CAST_HPP 1
| /* end confdefs.h.  */
| 
| #if defined __GNUC__ && __GNUC__ == 5 && __GNUC_MINOR__ == 0 && !defined __ICC
| /* OK */
| #else
| # error defined __GNUC__ && __GNUC__ == 5 && __GNUC_MINOR__ == 0 && !defined __ICC
| #endif
| 
| int
| main (void)
| {
| 
|   ;
|   return 0;
| }
configure:19087: g++ -c -g -O2 -std=c++20 -stdlib=libc++ -pipe  conftest.cpp >&5
conftest.cpp:33:3: error: defined __GNUC__ && __GNUC__ == 4 && __GNUC_MINOR__ == 10 && !defined __ICC &&   (defined WIN32 || defined WINNT || defined _WIN32 || defined __WIN32          || defined __WIN32__ || defined __WINNT || defined __WINNT__)
# error defined __GNUC__ && __GNUC__ == 4 && __GNUC_MINOR__ == 10 && !defined __ICC &&   (defined WIN32 || defined WINNT || defined _WIN32 || defined __WIN32          || defined __WIN32__ || defined __WINNT || defined __WINNT__)
  ^
1 error generated.
configure:19087: $? = 1
configure: failed program was:
| /* confdefs.h */
| #define PACKAGE_NAME "LRDE Tiger Compiler"
| #define PACKAGE_TARNAME "tc"
| #define PACKAGE_VERSION "1.91.c"
| #define PACKAGE_STRING "LRDE Tiger Compiler 1.91.c"
| #define PACKAGE_BUGREPORT "tiger@lrde.epita.fr"
| #define PACKAGE_URL "http://tiger.lrde.epita.fr"
| #define PACKAGE "tc"
| #define VERSION "1.91.c"
| #define FLEX_MAJOR_VERSION 2
| #define FLEX_MINOR_VERSION 6
| #define FLEX_SUBMINOR_VERSION 4
| #define HAVE_STDIO_H 1
| #define HAVE_STDLIB_H 1
| #define HAVE_STRING_H 1
| #define HAVE_INTTYPES_H 1
| #define HAVE_STDINT_H 1
| #define HAVE_STRINGS_H 1
| #define HAVE_SYS_STAT_H 1
| #define HAVE_SYS_TYPES_H 1
| #define HAVE_UNISTD_H 1
| #define STDC_HEADERS 1
| #define HAVE_DLFCN_H 1
| #define LT_OBJDIR ".libs/"
| #define HAVE_BOOST 1
| #define HAVE_BOOST_CAST_HPP 1
| #define HAVE_BOOST_LEXICAL_CAST_HPP 1
| /* end confdefs.h.  */
| 
| #if defined __GNUC__ && __GNUC__ == 4 && __GNUC_MINOR__ == 10 && !defined __ICC &&   (defined WIN32 || defined WINNT || defined _WIN32 || defined __WIN32          || defined __WIN32__ || defined __WINNT || defined __WINNT__)
| /* OK */
| #else
| # error defined __GNUC__ && __GNUC__ == 4 && __GNUC_MINOR__ == 10 && !defined __ICC &&   (defined WIN32 || defined WINNT || defined _WIN32 || defined __WIN32          || defined __WIN32__ || defined __WINNT || defined __WINNT__)
| #endif
| 
| int
| main (void)
| {
| 
|   ;
|   return 0;
| }
configure:19087: g++ -c -g -O2 -std=c++20 -stdlib=libc++ -pipe  conftest.cpp >&5
conftest.cpp:33:3: error: defined __GNUC__ && __GNUC__ == 4 && __GNUC_MINOR__ == 10 && !defined __ICC
# error defined __GNUC__ && __GNUC__ == 4 && __GNUC_MINOR__ == 10 && !defined __ICC
  ^
1 error generated.
configure:19087: $? = 1
configure: failed program was:
| /* confdefs.h */
| #define PACKAGE_NAME "LRDE Tiger Compiler"
| #define PACKAGE_TARNAME "tc"
| #define PACKAGE_VERSION "1.91.c"
| #define PACKAGE_STRING "LRDE Tiger Compiler 1.91.c"
| #define PACKAGE_BUGREPORT "tiger@lrde.epita.fr"
| #define PACKAGE_URL "http://tiger.lrde.epita.fr"
| #define PACKAGE "tc"
| #define VERSION "1.91.c"
| #define FLEX_MAJOR_VERSION 2
| #define FLEX_MINOR_VERSION 6
| #define FLEX_SUBMINOR_VERSION 4
| #define HAVE_STDIO_H 1
| #define HAVE_STDLIB_H 1
| #define HAVE_STRING_H 1
| #define HAVE_INTTYPES_H 1
| #define HAVE_STDINT_H 1
| #define HAVE_STRINGS_H 1
| #define HAVE_SYS_STAT_H 1
| #define HAVE_SYS_TYPES_H 1
| #define HAVE_UNISTD_H 1
| #define STDC_HEADERS 1
| #define HAVE_DLFCN_H 1
| #define LT_OBJDIR ".libs/"
| #define HAVE_BOOST 1
| #define HAVE_BOOST_CAST_HPP 1
| #define HAVE_BOOST_LEXICAL_CAST_HPP 1
| /* end confdefs.h.  */
| 
| #if defined __GNUC__ && __GNUC__ == 4 && __GNUC_MINOR__ == 10 && !defined __ICC
| /* OK */
| #else
| # error defined __GNUC__ && __GNUC__ == 4 && __GNUC_MINOR__ == 10 && !defined __ICC
| #endif
| 
| int
| main (void)
| {
| 
|   ;
|   return 0;
| }
configure:19087: g++ -c -g -O2 -std=c++20 -stdlib=libc++ -pipe  conftest.cpp >&5
conftest.cpp:33:3: error: defined __GNUC__ && __GNUC__ == 4 && __GNUC_MINOR__ == 9 && !defined __ICC &&   (defined WIN32 || defined WINNT || defined _WIN32 || defined __WIN32          || defined __WIN32__ || defined __WINNT || defined __WINNT__)
# error defined __GNUC__ && __GNUC__ == 4 && __GNUC_MINOR__ == 9 && !defined __ICC &&   (defined WIN32 || defined WINNT || defined _WIN32 || defined __WIN32          || defined __WIN32__ || defined __WINNT || defined __WINNT__)
  ^
1 error generated.
configure:19087: $? = 1
configure: failed program was:
| /* confdefs.h */
| #define PACKAGE_NAME "LRDE Tiger Compiler"
| #define PACKAGE_TARNAME "tc"
| #define PACKAGE_VERSION "1.91.c"
| #define PACKAGE_STRING "LRDE Tiger Compiler 1.91.c"
| #define PACKAGE_BUGREPORT "tiger@lrde.epita.fr"
| #define PACKAGE_URL "http://tiger.lrde.epita.fr"
| #define PACKAGE "tc"
| #define VERSION "1.91.c"
| #define FLEX_MAJOR_VERSION 2
| #define FLEX_MINOR_VERSION 6
| #define FLEX_SUBMINOR_VERSION 4
| #define HAVE_STDIO_H 1
| #define HAVE_STDLIB_H 1
| #define HAVE_STRING_H 1
| #define HAVE_INTTYPES_H 1
| #define HAVE_STDINT_H 1
| #define HAVE_STRINGS_H 1
| #define HAVE_SYS_STAT_H 1
| #define HAVE_SYS_TYPES_H 1
| #define HAVE_UNISTD_H 1
| #define STDC_HEADERS 1
| #define HAVE_DLFCN_H 1
| #define LT_OBJDIR ".libs/"
| #define HAVE_BOOST 1
| #define HAVE_BOOST_CAST_HPP 1
| #define HAVE_BOOST_LEXICAL_CAST_HPP 1
| /* end confdefs.h.  */
| 
| #if defined __GNUC__ && __GNUC__ == 4 && __GNUC_MINOR__ == 9 && !defined __ICC &&   (defined WIN32 || defined WINNT || defined _WIN32 || defined __WIN32          || defined __WIN32__ || defined __WINNT || defined __WINNT__)
| /* OK */
| #else
| # error defined __GNUC__ && __GNUC__ == 4 && __GNUC_MINOR__ == 9 && !defined __ICC &&   (defined WIN32 || defined WINNT || defined _WIN32 || defined __WIN32          || defined __WIN32__ || defined __WINNT || defined __WINNT__)
| #endif
| 
| int
| main (void)
| {
| 
|   ;
|   return 0;
| }
configure:19087: g++ -c -g -O2 -std=c++20 -stdlib=libc++ -pipe  conftest.cpp >&5
conftest.cpp:33:3: error: defined __GNUC__ && __GNUC__ == 4 && __GNUC_MINOR__ == 9 && !defined __ICC
# error defined __GNUC__ && __GNUC__ == 4 && __GNUC_MINOR__ == 9 && !defined __ICC
  ^
1 error generated.
configure:19087: $? = 1
configure: failed program was:
| /* confdefs.h */
| #define PACKAGE_NAME "LRDE Tiger Compiler"
| #define PACKAGE_TARNAME "tc"
| #define PACKAGE_VERSION "1.91.c"
| #define PACKAGE_STRING "LRDE Tiger Compiler 1.91.c"
| #define PACKAGE_BUGREPORT "tiger@lrde.epita.fr"
| #define PACKAGE_URL "http://tiger.lrde.epita.fr"
| #define PACKAGE "tc"
| #define VERSION "1.91.c"
| #define FLEX_MAJOR_VERSION 2
| #define FLEX_MINOR_VERSION 6
| #define FLEX_SUBMINOR_VERSION 4
| #define HAVE_STDIO_H 1
| #define HAVE_STDLIB_H 1
| #define HAVE_STRING_H 1
| #define HAVE_INTTYPES_H 1
| #define HAVE_STDINT_H 1
| #define HAVE_STRINGS_H 1
| #define HAVE_SYS_STAT_H 1
| #define HAVE_SYS_TYPES_H 1
| #define HAVE_UNISTD_H 1
| #define STDC_HEADERS 1
| #define HAVE_DLFCN_H 1
| #define LT_OBJDIR ".libs/"
| #define HAVE_BOOST 1
| #define HAVE_BOOST_CAST_HPP 1
| #define HAVE_BOOST_LEXICAL_CAST_HPP 1
| /* end confdefs.h.  */
| 
| #if defined __GNUC__ && __GNUC__ == 4 && __GNUC_MINOR__ == 9 && !defined __ICC
| /* OK */
| #else
| # error defined __GNUC__ && __GNUC__ == 4 && __GNUC_MINOR__ == 9 && !defined __ICC
| #endif
| 
| int
| main (void)
| {
| 
|   ;
|   return 0;
| }
configure:19087: g++ -c -g -O2 -std=c++20 -stdlib=libc++ -pipe  conftest.cpp >&5
conftest.cpp:33:3: error: defined __GNUC__ && __GNUC__ == 4 && __GNUC_MINOR__ == 8 && !defined __ICC &&   (defined WIN32 || defined WINNT || defined _WIN32 || defined __WIN32          || defined __WIN32__ || defined __WINNT || defined __WINNT__)
# error defined __GNUC__ && __GNUC__ == 4 && __GNUC_MINOR__ == 8 && !defined __ICC &&   (defined WIN32 || defined WINNT || defined _WIN32 || defined __WIN32          || defined __WIN32__ || defined __WINNT || defined __WINNT__)
  ^
1 error generated.
configure:19087: $? = 1
configure: failed program was:
| /* confdefs.h */
| #define PACKAGE_NAME "LRDE Tiger Compiler"
| #define PACKAGE_TARNAME "tc"
| #define PACKAGE_VERSION "1.91.c"
| #define PACKAGE_STRING "LRDE Tiger Compiler 1.91.c"
| #define PACKAGE_BUGREPORT "tiger@lrde.epita.fr"
| #define PACKAGE_URL "http://tiger.lrde.epita.fr"
| #define PACKAGE "tc"
| #define VERSION "1.91.c"
| #define FLEX_MAJOR_VERSION 2
| #define FLEX_MINOR_VERSION 6
| #define FLEX_SUBMINOR_VERSION 4
| #define HAVE_STDIO_H 1
| #define HAVE_STDLIB_H 1
| #define HAVE_STRING_H 1
| #define HAVE_INTTYPES_H 1
| #define HAVE_STDINT_H 1
| #define HAVE_STRINGS_H 1
| #define HAVE_SYS_STAT_H 1
| #define HAVE_SYS_TYPES_H 1
| #define HAVE_UNISTD_H 1
| #define STDC_HEADERS 1
| #define HAVE_DLFCN_H 1
| #define LT_OBJDIR ".libs/"
| #define HAVE_BOOST 1
| #define HAVE_BOOST_CAST_HPP 1
| #define HAVE_BOOST_LEXICAL_CAST_HPP 1
| /* end confdefs.h.  */
| 
| #if defined __GNUC__ && __GNUC__ == 4 && __GNUC_MINOR__ == 8 && !defined __ICC &&   (defined WIN32 || defined WINNT || defined _WIN32 || defined __WIN32          || defined __WIN32__ || defined __WINNT || defined __WINNT__)
| /* OK */
| #else
| # error defined __GNUC__ && __GNUC__ == 4 && __GNUC_MINOR__ == 8 && !defined __ICC &&   (defined WIN32 || defined WINNT || defined _WIN32 || defined __WIN32          || defined __WIN32__ || defined __WINNT || defined __WINNT__)
| #endif
| 
| int
| main (void)
| {
| 
|   ;
|   return 0;
| }
configure:19087: g++ -c -g -O2 -std=c++20 -stdlib=libc++ -pipe  conftest.cpp >&5
conftest.cpp:33:3: error: defined __GNUC__ && __GNUC__ == 4 && __GNUC_MINOR__ == 8 && !defined __ICC
# error defined __GNUC__ && __GNUC__ == 4 && __GNUC_MINOR__ == 8 && !defined __ICC
  ^
1 error generated.
configure:19087: $? = 1
configure: failed program was:
| /* confdefs.h */
| #define PACKAGE_NAME "LRDE Tiger Compiler"
| #define PACKAGE_TARNAME "tc"
| #define PACKAGE_VERSION "1.91.c"
| #define PACKAGE_STRING "LRDE Tiger Compiler 1.91.c"
| #define PACKAGE_BUGREPORT "tiger@lrde.epita.fr"
| #define PACKAGE_URL "http://tiger.lrde.epita.fr"
| #define PACKAGE "tc"
| #define VERSION "1.91.c"
| #define FLEX_MAJOR_VERSION 2
| #define FLEX_MINOR_VERSION 6
| #define FLEX_SUBMINOR_VERSION 4
| #define HAVE_STDIO_H 1
| #define HAVE_STDLIB_H 1
| #define HAVE_STRING_H 1
| #define HAVE_INTTYPES_H 1
| #define HAVE_STDINT_H 1
| #define HAVE_STRINGS_H 1
| #define HAVE_SYS_STAT_H 1
| #define HAVE_SYS_TYPES_H 1
| #define HAVE_UNISTD_H 1
| #define STDC_HEADERS 1
| #define HAVE_DLFCN_H 1
| #define LT_OBJDIR ".libs/"
| #define HAVE_BOOST 1
| #define HAVE_BOOST_CAST_HPP 1
| #define HAVE_BOOST_LEXICAL_CAST_HPP 1
| /* end confdefs.h.  */
| 
| #if defined __GNUC__ && __GNUC__ == 4 && __GNUC_MINOR__ == 8 && !defined __ICC
| /* OK */
| #else
| # error defined __GNUC__ && __GNUC__ == 4 && __GNUC_MINOR__ == 8 && !defined __ICC
| #endif
| 
| int
| main (void)
| {
| 
|   ;
|   return 0;
| }
configure:19087: g++ -c -g -O2 -std=c++20 -stdlib=libc++ -pipe  conftest.cpp >&5
conftest.cpp:33:3: error: defined __GNUC__ && __GNUC__ == 4 && __GNUC_MINOR__ == 7 && !defined __ICC &&   (defined WIN32 || defined WINNT || defined _WIN32 || defined __WIN32          || defined __WIN32__ || defined __WINNT || defined __WINNT__)
# error defined __GNUC__ && __GNUC__ == 4 && __GNUC_MINOR__ == 7 && !defined __ICC &&   (defined WIN32 || defined WINNT || defined _WIN32 || defined __WIN32          || defined __WIN32__ || defined __WINNT || defined __WINNT__)
  ^
1 error generated.
configure:19087: $? = 1
configure: failed program was:
| /* confdefs.h */
| #define PACKAGE_NAME "LRDE Tiger Compiler"
| #define PACKAGE_TARNAME "tc"
| #define PACKAGE_VERSION "1.91.c"
| #define PACKAGE_STRING "LRDE Tiger Compiler 1.91.c"
| #define PACKAGE_BUGREPORT "tiger@lrde.epita.fr"
| #define PACKAGE_URL "http://tiger.lrde.epita.fr"
| #define PACKAGE "tc"
| #define VERSION "1.91.c"
| #define FLEX_MAJOR_VERSION 2
| #define FLEX_MINOR_VERSION 6
| #define FLEX_SUBMINOR_VERSION 4
| #define HAVE_STDIO_H 1
| #define HAVE_STDLIB_H 1
| #define HAVE_STRING_H 1
| #define HAVE_INTTYPES_H 1
| #define HAVE_STDINT_H 1
| #define HAVE_STRINGS_H 1
| #define HAVE_SYS_STAT_H 1
| #define HAVE_SYS_TYPES_H 1
| #define HAVE_UNISTD_H 1
| #define STDC_HEADERS 1
| #define HAVE_DLFCN_H 1
| #define LT_OBJDIR ".libs/"
| #define HAVE_BOOST 1
| #define HAVE_BOOST_CAST_HPP 1
| #define HAVE_BOOST_LEXICAL_CAST_HPP 1
| /* end confdefs.h.  */
| 
| #if defined __GNUC__ && __GNUC__ == 4 && __GNUC_MINOR__ == 7 && !defined __ICC &&   (defined WIN32 || defined WINNT || defined _WIN32 || defined __WIN32          || defined __WIN32__ || defined __WINNT || defined __WINNT__)
| /* OK */
| #else
| # error defined __GNUC__ && __GNUC__ == 4 && __GNUC_MINOR__ == 7 && !defined __ICC &&   (defined WIN32 || defined WINNT || defined _WIN32 || defined __WIN32          || defined __WIN32__ || defined __WINNT || defined __WINNT__)
| #endif
| 
| int
| main (void)
| {
| 
|   ;
|   return 0;
| }
configure:19087: g++ -c -g -O2 -std=c++20 -stdlib=libc++ -pipe  conftest.cpp >&5
conftest.cpp:33:3: error: defined __GNUC__ && __GNUC__ == 4 && __GNUC_MINOR__ == 7 && !defined __ICC
# error defined __GNUC__ && __GNUC__ == 4 && __GNUC_MINOR__ == 7 && !defined __ICC
  ^
1 error generated.
configure:19087: $? = 1
configure: failed program was:
| /* confdefs.h */
| #define PACKAGE_NAME "LRDE Tiger Compiler"
| #define PACKAGE_TARNAME "tc"
| #define PACKAGE_VERSION "1.91.c"
| #define PACKAGE_STRING "LRDE Tiger Compiler 1.91.c"
| #define PACKAGE_BUGREPORT "tiger@lrde.epita.fr"
| #define PACKAGE_URL "http://tiger.lrde.epita.fr"
| #define PACKAGE "tc"
| #define VERSION "1.91.c"
| #define FLEX_MAJOR_VERSION 2
| #define FLEX_MINOR_VERSION 6
| #define FLEX_SUBMINOR_VERSION 4
| #define HAVE_STDIO_H 1
| #define HAVE_STDLIB_H 1
| #define HAVE_STRING_H 1
| #define HAVE_INTTYPES_H 1
| #define HAVE_STDINT_H 1
| #define HAVE_STRINGS_H 1
| #define HAVE_SYS_STAT_H 1
| #define HAVE_SYS_TYPES_H 1
| #define HAVE_UNISTD_H 1
| #define STDC_HEADERS 1
| #define HAVE_DLFCN_H 1
| #define LT_OBJDIR ".libs/"
| #define HAVE_BOOST 1
| #define HAVE_BOOST_CAST_HPP 1
| #define HAVE_BOOST_LEXICAL_CAST_HPP 1
| /* end confdefs.h.  */
| 
| #if defined __GNUC__ && __GNUC__ == 4 && __GNUC_MINOR__ == 7 && !defined __ICC
| /* OK */
| #else
| # error defined __GNUC__ && __GNUC__ == 4 && __GNUC_MINOR__ == 7 && !defined __ICC
| #endif
| 
| int
| main (void)
| {
| 
|   ;
|   return 0;
| }
configure:19087: g++ -c -g -O2 -std=c++20 -stdlib=libc++ -pipe  conftest.cpp >&5
conftest.cpp:33:3: error: defined __GNUC__ && __GNUC__ == 4 && __GNUC_MINOR__ == 6 && !defined __ICC &&   (defined WIN32 || defined WINNT || defined _WIN32 || defined __WIN32          || defined __WIN32__ || defined __WINNT || defined __WINNT__)
# error defined __GNUC__ && __GNUC__ == 4 && __GNUC_MINOR__ == 6 && !defined __ICC &&   (defined WIN32 || defined WINNT || defined _WIN32 || defined __WIN32          || defined __WIN32__ || defined __WINNT || defined __WINNT__)
  ^
1 error generated.
configure:19087: $? = 1
configure: failed program was:
| /* confdefs.h */
| #define PACKAGE_NAME "LRDE Tiger Compiler"
| #define PACKAGE_TARNAME "tc"
| #define PACKAGE_VERSION "1.91.c"
| #define PACKAGE_STRING "LRDE Tiger Compiler 1.91.c"
| #define PACKAGE_BUGREPORT "tiger@lrde.epita.fr"
| #define PACKAGE_URL "http://tiger.lrde.epita.fr"
| #define PACKAGE "tc"
| #define VERSION "1.91.c"
| #define FLEX_MAJOR_VERSION 2
| #define FLEX_MINOR_VERSION 6
| #define FLEX_SUBMINOR_VERSION 4
| #define HAVE_STDIO_H 1
| #define HAVE_STDLIB_H 1
| #define HAVE_STRING_H 1
| #define HAVE_INTTYPES_H 1
| #define HAVE_STDINT_H 1
| #define HAVE_STRINGS_H 1
| #define HAVE_SYS_STAT_H 1
| #define HAVE_SYS_TYPES_H 1
| #define HAVE_UNISTD_H 1
| #define STDC_HEADERS 1
| #define HAVE_DLFCN_H 1
| #define LT_OBJDIR ".libs/"
| #define HAVE_BOOST 1
| #define HAVE_BOOST_CAST_HPP 1
| #define HAVE_BOOST_LEXICAL_CAST_HPP 1
| /* end confdefs.h.  */
| 
| #if defined __GNUC__ && __GNUC__ == 4 && __GNUC_MINOR__ == 6 && !defined __ICC &&   (defined WIN32 || defined WINNT || defined _WIN32 || defined __WIN32          || defined __WIN32__ || defined __WINNT || defined __WINNT__)
| /* OK */
| #else
| # error defined __GNUC__ && __GNUC__ == 4 && __GNUC_MINOR__ == 6 && !defined __ICC &&   (defined WIN32 || defined WINNT || defined _WIN32 || defined __WIN32          || defined __WIN32__ || defined __WINNT || defined __WINNT__)
| #endif
| 
| int
| main (void)
| {
| 
|   ;
|   return 0;
| }
configure:19087: g++ -c -g -O2 -std=c++20 -stdlib=libc++ -pipe  conftest.cpp >&5
conftest.cpp:33:3: error: defined __GNUC__ && __GNUC__ == 4 && __GNUC_MINOR__ == 6 && !defined __ICC
# error defined __GNUC__ && __GNUC__ == 4 && __GNUC_MINOR__ == 6 && !defined __ICC
  ^
1 error generated.
configure:19087: $? = 1
configure: failed program was:
| /* confdefs.h */
| #define PACKAGE_NAME "LRDE Tiger Compiler"
| #define PACKAGE_TARNAME "tc"
| #define PACKAGE_VERSION "1.91.c"
| #define PACKAGE_STRING "LRDE Tiger Compiler 1.91.c"
| #define PACKAGE_BUGREPORT "tiger@lrde.epita.fr"
| #define PACKAGE_URL "http://tiger.lrde.epita.fr"
| #define PACKAGE "tc"
| #define VERSION "1.91.c"
| #define FLEX_MAJOR_VERSION 2
| #define FLEX_MINOR_VERSION 6
| #define FLEX_SUBMINOR_VERSION 4
| #define HAVE_STDIO_H 1
| #define HAVE_STDLIB_H 1
| #define HAVE_STRING_H 1
| #define HAVE_INTTYPES_H 1
| #define HAVE_STDINT_H 1
| #define HAVE_STRINGS_H 1
| #define HAVE_SYS_STAT_H 1
| #define HAVE_SYS_TYPES_H 1
| #define HAVE_UNISTD_H 1
| #define STDC_HEADERS 1
| #define HAVE_DLFCN_H 1
| #define LT_OBJDIR ".libs/"
| #define HAVE_BOOST 1
| #define HAVE_BOOST_CAST_HPP 1
| #define HAVE_BOOST_LEXICAL_CAST_HPP 1
| /* end confdefs.h.  */
| 
| #if defined __GNUC__ && __GNUC__ == 4 && __GNUC_MINOR__ == 6 && !defined __ICC
| /* OK */
| #else
| # error defined __GNUC__ && __GNUC__ == 4 && __GNUC_MINOR__ == 6 && !defined __ICC
| #endif
| 
| int
| main (void)
| {
| 
|   ;
|   return 0;
| }
configure:19087: g++ -c -g -O2 -std=c++20 -stdlib=libc++ -pipe  conftest.cpp >&5
conftest.cpp:33:3: error: defined __GNUC__ && __GNUC__ == 4 && __GNUC_MINOR__ == 5 && !defined __ICC &&   (defined WIN32 || defined WINNT || defined _WIN32 || defined __WIN32          || defined __WIN32__ || defined __WINNT || defined __WINNT__)
# error defined __GNUC__ && __GNUC__ == 4 && __GNUC_MINOR__ == 5 && !defined __ICC &&   (defined WIN32 || defined WINNT || defined _WIN32 || defined __WIN32          || defined __WIN32__ || defined __WINNT || defined __WINNT__)
  ^
1 error generated.
configure:19087: $? = 1
configure: failed program was:
| /* confdefs.h */
| #define PACKAGE_NAME "LRDE Tiger Compiler"
| #define PACKAGE_TARNAME "tc"
| #define PACKAGE_VERSION "1.91.c"
| #define PACKAGE_STRING "LRDE Tiger Compiler 1.91.c"
| #define PACKAGE_BUGREPORT "tiger@lrde.epita.fr"
| #define PACKAGE_URL "http://tiger.lrde.epita.fr"
| #define PACKAGE "tc"
| #define VERSION "1.91.c"
| #define FLEX_MAJOR_VERSION 2
| #define FLEX_MINOR_VERSION 6
| #define FLEX_SUBMINOR_VERSION 4
| #define HAVE_STDIO_H 1
| #define HAVE_STDLIB_H 1
| #define HAVE_STRING_H 1
| #define HAVE_INTTYPES_H 1
| #define HAVE_STDINT_H 1
| #define HAVE_STRINGS_H 1
| #define HAVE_SYS_STAT_H 1
| #define HAVE_SYS_TYPES_H 1
| #define HAVE_UNISTD_H 1
| #define STDC_HEADERS 1
| #define HAVE_DLFCN_H 1
| #define LT_OBJDIR ".libs/"
| #define HAVE_BOOST 1
| #define HAVE_BOOST_CAST_HPP 1
| #define HAVE_BOOST_LEXICAL_CAST_HPP 1
| /* end confdefs.h.  */
| 
| #if defined __GNUC__ && __GNUC__ == 4 && __GNUC_MINOR__ == 5 && !defined __ICC &&   (defined WIN32 || defined WINNT || defined _WIN32 || defined __WIN32          || defined __WIN32__ || defined __WINNT || defined __WINNT__)
| /* OK */
| #else
| # error defined __GNUC__ && __GNUC__ == 4 && __GNUC_MINOR__ == 5 && !defined __ICC &&   (defined WIN32 || defined WINNT || defined _WIN32 || defined __WIN32          || defined __WIN32__ || defined __WINNT || defined __WINNT__)
| #endif
| 
| int
| main (void)
| {
| 
|   ;
|   return 0;
| }
configure:19087: g++ -c -g -O2 -std=c++20 -stdlib=libc++ -pipe  conftest.cpp >&5
conftest.cpp:33:3: error: defined __GNUC__ && __GNUC__ == 4 && __GNUC_MINOR__ == 5 && !defined __ICC
# error defined __GNUC__ && __GNUC__ == 4 && __GNUC_MINOR__ == 5 && !defined __ICC
  ^
1 error generated.
configure:19087: $? = 1
configure: failed program was:
| /* confdefs.h */
| #define PACKAGE_NAME "LRDE Tiger Compiler"
| #define PACKAGE_TARNAME "tc"
| #define PACKAGE_VERSION "1.91.c"
| #define PACKAGE_STRING "LRDE Tiger Compiler 1.91.c"
| #define PACKAGE_BUGREPORT "tiger@lrde.epita.fr"
| #define PACKAGE_URL "http://tiger.lrde.epita.fr"
| #define PACKAGE "tc"
| #define VERSION "1.91.c"
| #define FLEX_MAJOR_VERSION 2
| #define FLEX_MINOR_VERSION 6
| #define FLEX_SUBMINOR_VERSION 4
| #define HAVE_STDIO_H 1
| #define HAVE_STDLIB_H 1
| #define HAVE_STRING_H 1
| #define HAVE_INTTYPES_H 1
| #define HAVE_STDINT_H 1
| #define HAVE_STRINGS_H 1
| #define HAVE_SYS_STAT_H 1
| #define HAVE_SYS_TYPES_H 1
| #define HAVE_UNISTD_H 1
| #define STDC_HEADERS 1
| #define HAVE_DLFCN_H 1
| #define LT_OBJDIR ".libs/"
| #define HAVE_BOOST 1
| #define HAVE_BOOST_CAST_HPP 1
| #define HAVE_BOOST_LEXICAL_CAST_HPP 1
| /* end confdefs.h.  */
| 
| #if defined __GNUC__ && __GNUC__ == 4 && __GNUC_MINOR__ == 5 && !defined __ICC
| /* OK */
| #else
| # error defined __GNUC__ && __GNUC__ == 4 && __GNUC_MINOR__ == 5 && !defined __ICC
| #endif
| 
| int
| main (void)
| {
| 
|   ;
|   return 0;
| }
configure:19087: g++ -c -g -O2 -std=c++20 -stdlib=libc++ -pipe  conftest.cpp >&5
conftest.cpp:33:3: error: defined __GNUC__ && __GNUC__ == 4 && __GNUC_MINOR__ == 4 && !defined __ICC &&   (defined WIN32 || defined WINNT || defined _WIN32 || defined __WIN32          || defined __WIN32__ || defined __WINNT || defined __WINNT__)
# error defined __GNUC__ && __GNUC__ == 4 && __GNUC_MINOR__ == 4 && !defined __ICC &&   (defined WIN32 || defined WINNT || defined _WIN32 || defined __WIN32          || defined __WIN32__ || defined __WINNT || defined __WINNT__)
  ^
1 error generated.
configure:19087: $? = 1
configure: failed program was:
| /* confdefs.h */
| #define PACKAGE_NAME "LRDE Tiger Compiler"
| #define PACKAGE_TARNAME "tc"
| #define PACKAGE_VERSION "1.91.c"
| #define PACKAGE_STRING "LRDE Tiger Compiler 1.91.c"
| #define PACKAGE_BUGREPORT "tiger@lrde.epita.fr"
| #define PACKAGE_URL "http://tiger.lrde.epita.fr"
| #define PACKAGE "tc"
| #define VERSION "1.91.c"
| #define FLEX_MAJOR_VERSION 2
| #define FLEX_MINOR_VERSION 6
| #define FLEX_SUBMINOR_VERSION 4
| #define HAVE_STDIO_H 1
| #define HAVE_STDLIB_H 1
| #define HAVE_STRING_H 1
| #define HAVE_INTTYPES_H 1
| #define HAVE_STDINT_H 1
| #define HAVE_STRINGS_H 1
| #define HAVE_SYS_STAT_H 1
| #define HAVE_SYS_TYPES_H 1
| #define HAVE_UNISTD_H 1
| #define STDC_HEADERS 1
| #define HAVE_DLFCN_H 1
| #define LT_OBJDIR ".libs/"
| #define HAVE_BOOST 1
| #define HAVE_BOOST_CAST_HPP 1
| #define HAVE_BOOST_LEXICAL_CAST_HPP 1
| /* end confdefs.h.  */
| 
| #if defined __GNUC__ && __GNUC__ == 4 && __GNUC_MINOR__ == 4 && !defined __ICC &&   (defined WIN32 || defined WINNT || defined _WIN32 || defined __WIN32          || defined __WIN32__ || defined __WINNT || defined __WINNT__)
| /* OK */
| #else
| # error defined __GNUC__ && __GNUC__ == 4 && __GNUC_MINOR__ == 4 && !defined __ICC &&   (defined WIN32 || defined WINNT || defined _WIN32 || defined __WIN32          || defined __WIN32__ || defined __WINNT || defined __WINNT__)
| #endif
| 
| int
| main (void)
| {
| 
|   ;
|   return 0;
| }
configure:19087: g++ -c -g -O2 -std=c++20 -stdlib=libc++ -pipe  conftest.cpp >&5
conftest.cpp:33:3: error: defined __GNUC__ && __GNUC__ == 4 && __GNUC_MINOR__ == 4 && !defined __ICC
# error defined __GNUC__ && __GNUC__ == 4 && __GNUC_MINOR__ == 4 && !defined __ICC
  ^
1 error generated.
configure:19087: $? = 1
configure: failed program was:
| /* confdefs.h */
| #define PACKAGE_NAME "LRDE Tiger Compiler"
| #define PACKAGE_TARNAME "tc"
| #define PACKAGE_VERSION "1.91.c"
| #define PACKAGE_STRING "LRDE Tiger Compiler 1.91.c"
| #define PACKAGE_BUGREPORT "tiger@lrde.epita.fr"
| #define PACKAGE_URL "http://tiger.lrde.epita.fr"
| #define PACKAGE "tc"
| #define VERSION "1.91.c"
| #define FLEX_MAJOR_VERSION 2
| #define FLEX_MINOR_VERSION 6
| #define FLEX_SUBMINOR_VERSION 4
| #define HAVE_STDIO_H 1
| #define HAVE_STDLIB_H 1
| #define HAVE_STRING_H 1
| #define HAVE_INTTYPES_H 1
| #define HAVE_STDINT_H 1
| #define HAVE_STRINGS_H 1
| #define HAVE_SYS_STAT_H 1
| #define HAVE_SYS_TYPES_H 1
| #define HAVE_UNISTD_H 1
| #define STDC_HEADERS 1
| #define HAVE_DLFCN_H 1
| #define LT_OBJDIR ".libs/"
| #define HAVE_BOOST 1
| #define HAVE_BOOST_CAST_HPP 1
| #define HAVE_BOOST_LEXICAL_CAST_HPP 1
| /* end confdefs.h.  */
| 
| #if defined __GNUC__ && __GNUC__ == 4 && __GNUC_MINOR__ == 4 && !defined __ICC
| /* OK */
| #else
| # error defined __GNUC__ && __GNUC__ == 4 && __GNUC_MINOR__ == 4 && !defined __ICC
| #endif
| 
| int
| main (void)
| {
| 
|   ;
|   return 0;
| }
configure:19087: g++ -c -g -O2 -std=c++20 -stdlib=libc++ -pipe  conftest.cpp >&5
conftest.cpp:33:3: error: defined __GNUC__ && __GNUC__ == 4 && __GNUC_MINOR__ == 3 && !defined __ICC &&   (defined WIN32 || defined WINNT || defined _WIN32 || defined __WIN32          || defined __WIN32__ || defined __WINNT || defined __WINNT__)
# error defined __GNUC__ && __GNUC__ == 4 && __GNUC_MINOR__ == 3 && !defined __ICC &&   (defined WIN32 || defined WINNT || defined _WIN32 || defined __WIN32          || defined __WIN32__ || defined __WINNT || defined __WINNT__)
  ^
1 error generated.
configure:19087: $? = 1
configure: failed program was:
| /* confdefs.h */
| #define PACKAGE_NAME "LRDE Tiger Compiler"
| #define PACKAGE_TARNAME "tc"
| #define PACKAGE_VERSION "1.91.c"
| #define PACKAGE_STRING "LRDE Tiger Compiler 1.91.c"
| #define PACKAGE_BUGREPORT "tiger@lrde.epita.fr"
| #define PACKAGE_URL "http://tiger.lrde.epita.fr"
| #define PACKAGE "tc"
| #define VERSION "1.91.c"
| #define FLEX_MAJOR_VERSION 2
| #define FLEX_MINOR_VERSION 6
| #define FLEX_SUBMINOR_VERSION 4
| #define HAVE_STDIO_H 1
| #define HAVE_STDLIB_H 1
| #define HAVE_STRING_H 1
| #define HAVE_INTTYPES_H 1
| #define HAVE_STDINT_H 1
| #define HAVE_STRINGS_H 1
| #define HAVE_SYS_STAT_H 1
| #define HAVE_SYS_TYPES_H 1
| #define HAVE_UNISTD_H 1
| #define STDC_HEADERS 1
| #define HAVE_DLFCN_H 1
| #define LT_OBJDIR ".libs/"
| #define HAVE_BOOST 1
| #define HAVE_BOOST_CAST_HPP 1
| #define HAVE_BOOST_LEXICAL_CAST_HPP 1
| /* end confdefs.h.  */
| 
| #if defined __GNUC__ && __GNUC__ == 4 && __GNUC_MINOR__ == 3 && !defined __ICC &&   (defined WIN32 || defined WINNT || defined _WIN32 || defined __WIN32          || defined __WIN32__ || defined __WINNT || defined __WINNT__)
| /* OK */
| #else
| # error defined __GNUC__ && __GNUC__ == 4 && __GNUC_MINOR__ == 3 && !defined __ICC &&   (defined WIN32 || defined WINNT || defined _WIN32 || defined __WIN32          || defined __WIN32__ || defined __WINNT || defined __WINNT__)
| #endif
| 
| int
| main (void)
| {
| 
|   ;
|   return 0;
| }
configure:19087: g++ -c -g -O2 -std=c++20 -stdlib=libc++ -pipe  conftest.cpp >&5
conftest.cpp:33:3: error: defined __GNUC__ && __GNUC__ == 4 && __GNUC_MINOR__ == 3 && !defined __ICC
# error defined __GNUC__ && __GNUC__ == 4 && __GNUC_MINOR__ == 3 && !defined __ICC
  ^
1 error generated.
configure:19087: $? = 1
configure: failed program was:
| /* confdefs.h */
| #define PACKAGE_NAME "LRDE Tiger Compiler"
| #define PACKAGE_TARNAME "tc"
| #define PACKAGE_VERSION "1.91.c"
| #define PACKAGE_STRING "LRDE Tiger Compiler 1.91.c"
| #define PACKAGE_BUGREPORT "tiger@lrde.epita.fr"
| #define PACKAGE_URL "http://tiger.lrde.epita.fr"
| #define PACKAGE "tc"
| #define VERSION "1.91.c"
| #define FLEX_MAJOR_VERSION 2
| #define FLEX_MINOR_VERSION 6
| #define FLEX_SUBMINOR_VERSION 4
| #define HAVE_STDIO_H 1
| #define HAVE_STDLIB_H 1
| #define HAVE_STRING_H 1
| #define HAVE_INTTYPES_H 1
| #define HAVE_STDINT_H 1
| #define HAVE_STRINGS_H 1
| #define HAVE_SYS_STAT_H 1
| #define HAVE_SYS_TYPES_H 1
| #define HAVE_UNISTD_H 1
| #define STDC_HEADERS 1
| #define HAVE_DLFCN_H 1
| #define LT_OBJDIR ".libs/"
| #define HAVE_BOOST 1
| #define HAVE_BOOST_CAST_HPP 1
| #define HAVE_BOOST_LEXICAL_CAST_HPP 1
| /* end confdefs.h.  */
| 
| #if defined __GNUC__ && __GNUC__ == 4 && __GNUC_MINOR__ == 3 && !defined __ICC
| /* OK */
| #else
| # error defined __GNUC__ && __GNUC__ == 4 && __GNUC_MINOR__ == 3 && !defined __ICC
| #endif
| 
| int
| main (void)
| {
| 
|   ;
|   return 0;
| }
configure:19087: g++ -c -g -O2 -std=c++20 -stdlib=libc++ -pipe  conftest.cpp >&5
conftest.cpp:33:3: error: defined __GNUC__ && __GNUC__ == 4 && __GNUC_MINOR__ == 2 && !defined __ICC &&   (defined WIN32 || defined WINNT || defined _WIN32 || defined __WIN32          || defined __WIN32__ || defined __WINNT || defined __WINNT__)
# error defined __GNUC__ && __GNUC__ == 4 && __GNUC_MINOR__ == 2 && !defined __ICC &&   (defined WIN32 || defined WINNT || defined _WIN32 || defined __WIN32          || defined __WIN32__ || defined __WINNT || defined __WINNT__)
  ^
1 error generated.
configure:19087: $? = 1
configure: failed program was:
| /* confdefs.h */
| #define PACKAGE_NAME "LRDE Tiger Compiler"
| #define PACKAGE_TARNAME "tc"
| #define PACKAGE_VERSION "1.91.c"
| #define PACKAGE_STRING "LRDE Tiger Compiler 1.91.c"
| #define PACKAGE_BUGREPORT "tiger@lrde.epita.fr"
| #define PACKAGE_URL "http://tiger.lrde.epita.fr"
| #define PACKAGE "tc"
| #define VERSION "1.91.c"
| #define FLEX_MAJOR_VERSION 2
| #define FLEX_MINOR_VERSION 6
| #define FLEX_SUBMINOR_VERSION 4
| #define HAVE_STDIO_H 1
| #define HAVE_STDLIB_H 1
| #define HAVE_STRING_H 1
| #define HAVE_INTTYPES_H 1
| #define HAVE_STDINT_H 1
| #define HAVE_STRINGS_H 1
| #define HAVE_SYS_STAT_H 1
| #define HAVE_SYS_TYPES_H 1
| #define HAVE_UNISTD_H 1
| #define STDC_HEADERS 1
| #define HAVE_DLFCN_H 1
| #define LT_OBJDIR ".libs/"
| #define HAVE_BOOST 1
| #define HAVE_BOOST_CAST_HPP 1
| #define HAVE_BOOST_LEXICAL_CAST_HPP 1
| /* end confdefs.h.  */
| 
| #if defined __GNUC__ && __GNUC__ == 4 && __GNUC_MINOR__ == 2 && !defined __ICC &&   (defined WIN32 || defined WINNT || defined _WIN32 || defined __WIN32          || defined __WIN32__ || defined __WINNT || defined __WINNT__)
| /* OK */
| #else
| # error defined __GNUC__ && __GNUC__ == 4 && __GNUC_MINOR__ == 2 && !defined __ICC &&   (defined WIN32 || defined WINNT || defined _WIN32 || defined __WIN32          || defined __WIN32__ || defined __WINNT || defined __WINNT__)
| #endif
| 
| int
| main (void)
| {
| 
|   ;
|   return 0;
| }
configure:19087: g++ -c -g -O2 -std=c++20 -stdlib=libc++ -pipe  conftest.cpp >&5
configure:19087: $? = 0
configure:19123: result: xgcc42 -xgcc
configure:19156: g++ -c -g -O2 -std=c++20 -stdlib=libc++ -pipe  conftest.cpp >&5
conftest.cpp:33:3: error: MT not needed
# error MT not needed
  ^
1 error generated.
configure:19156: $? = 1
configure: failed program was:
| /* confdefs.h */
| #define PACKAGE_NAME "LRDE Tiger Compiler"
| #define PACKAGE_TARNAME "tc"
| #define PACKAGE_VERSION "1.91.c"
| #define PACKAGE_STRING "LRDE Tiger Compiler 1.91.c"
| #define PACKAGE_BUGREPORT "tiger@lrde.epita.fr"
| #define PACKAGE_URL "http://tiger.lrde.epita.fr"
| #define PACKAGE "tc"
| #define VERSION "1.91.c"
| #define FLEX_MAJOR_VERSION 2
| #define FLEX_MINOR_VERSION 6
| #define FLEX_SUBMINOR_VERSION 4
| #define HAVE_STDIO_H 1
| #define HAVE_STDLIB_H 1
| #define HAVE_STRING_H 1
| #define HAVE_INTTYPES_H 1
| #define HAVE_STDINT_H 1
| #define HAVE_STRINGS_H 1
| #define HAVE_SYS_STAT_H 1
| #define HAVE_SYS_TYPES_H 1
| #define HAVE_UNISTD_H 1
| #define STDC_HEADERS 1
| #define HAVE_DLFCN_H 1
| #define LT_OBJDIR ".libs/"
| #define HAVE_BOOST 1
| #define HAVE_BOOST_CAST_HPP 1
| #define HAVE_BOOST_LEXICAL_CAST_HPP 1
| /* end confdefs.h.  */
| 
| #if defined _REENTRANT || defined _MT || defined __MT__
| /* use -mt */
| #else
| # error MT not needed
| #endif
| 
| int
| main (void)
| {
| 
|   ;
|   return 0;
| }
configure:19189: checking for boost/graph/adjacency_list.hpp
configure:19189: g++ -c -g -O2 -std=c++20 -stdlib=libc++ -pipe  -I/opt/homebrew/opt/boost/include conftest.cpp >&5
configure:19189: $? = 0
configure:19189: result: yes
configure:19209: checking for the Boost graph library
configure:19252: g++ -c -g -O2 -std=c++20 -stdlib=libc++ -pipe  -I/opt/homebrew/opt/boost/include conftest.cpp >&5
configure:19252: $? = 0
configure:19308: re-using the existing conftest.o
configure:19314: g++ -o conftest -g -O2 -std=c++20 -stdlib=libc++ -pipe  -I/opt/homebrew/opt/boost/include  -L/opt/homebrew/opt/boost/lib conftest.o -lboost_graph-xgcc42-mt-1_78  >&5
ld: library not found for -lboost_graph-xgcc42-mt-1_78
clang: error: linker command failed with exit code 1 (use -v to see invocation)
configure:19323: $? = 1
configure:19308: re-using the existing conftest.o
configure:19314: g++ -o conftest -g -O2 -std=c++20 -stdlib=libc++ -pipe  -I/opt/homebrew/opt/boost/include  conftest.o -lboost_graph-xgcc42-mt-1_78  >&5
ld: library not found for -lboost_graph-xgcc42-mt-1_78
clang: error: linker command failed with exit code 1 (use -v to see invocation)
configure:19323: $? = 1
configure:19308: re-using the existing conftest.o
configure:19314: g++ -o conftest -g -O2 -std=c++20 -stdlib=libc++ -pipe  -I/opt/homebrew/opt/boost/include  -L/usr/local/lib conftest.o -lboost_graph-xgcc42-mt-1_78  >&5
ld: library not found for -lboost_graph-xgcc42-mt-1_78
clang: error: linker command failed with exit code 1 (use -v to see invocation)
configure:19323: $? = 1
configure:19308: re-using the existing conftest.o
configure:19314: g++ -o conftest -g -O2 -std=c++20 -stdlib=libc++ -pipe  -I/opt/homebrew/opt/boost/include  -L/usr/lib conftest.o -lboost_graph-xgcc42-mt-1_78  >&5
ld: library not found for -lboost_graph-xgcc42-mt-1_78
clang: error: linker command failed with exit code 1 (use -v to see invocation)
configure:19323: $? = 1
configure:19308: re-using the existing conftest.o
configure:19314: g++ -o conftest -g -O2 -std=c++20 -stdlib=libc++ -pipe  -I/opt/homebrew/opt/boost/include  -L/usr/libexec conftest.o -lboost_graph-xgcc42-mt-1_78  >&5
ld: library not found for -lboost_graph-xgcc42-mt-1_78
clang: error: linker command failed with exit code 1 (use -v to see invocation)
configure:19323: $? = 1
configure:19308: re-using the existing conftest.o
configure:19314: g++ -o conftest -g -O2 -std=c++20 -stdlib=libc++ -pipe  -I/opt/homebrew/opt/boost/include  -L/opt/homebrew/opt/boost conftest.o -lboost_graph-xgcc42-mt-1_78  >&5
ld: library not found for -lboost_graph-xgcc42-mt-1_78
clang: error: linker command failed with exit code 1 (use -v to see invocation)
configure:19323: $? = 1
configure:19308: re-using the existing conftest.o
configure:19314: g++ -o conftest -g -O2 -std=c++20 -stdlib=libc++ -pipe  -I/opt/homebrew/opt/boost/include  -L/opt/homebrew/opt/boost/lib conftest.o -lboost_graph-xgcc42-1_78  >&5
ld: library not found for -lboost_graph-xgcc42-1_78
clang: error: linker command failed with exit code 1 (use -v to see invocation)
configure:19323: $? = 1
configure:19308: re-using the existing conftest.o
configure:19314: g++ -o conftest -g -O2 -std=c++20 -stdlib=libc++ -pipe  -I/opt/homebrew/opt/boost/include  conftest.o -lboost_graph-xgcc42-1_78  >&5
ld: library not found for -lboost_graph-xgcc42-1_78
clang: error: linker command failed with exit code 1 (use -v to see invocation)
configure:19323: $? = 1
configure:19308: re-using the existing conftest.o
configure:19314: g++ -o conftest -g -O2 -std=c++20 -stdlib=libc++ -pipe  -I/opt/homebrew/opt/boost/include  -L/usr/local/lib conftest.o -lboost_graph-xgcc42-1_78  >&5
ld: library not found for -lboost_graph-xgcc42-1_78
clang: error: linker command failed with exit code 1 (use -v to see invocation)
configure:19323: $? = 1
configure:19308: re-using the existing conftest.o
configure:19314: g++ -o conftest -g -O2 -std=c++20 -stdlib=libc++ -pipe  -I/opt/homebrew/opt/boost/include  -L/usr/lib conftest.o -lboost_graph-xgcc42-1_78  >&5
ld: library not found for -lboost_graph-xgcc42-1_78
clang: error: linker command failed with exit code 1 (use -v to see invocation)
configure:19323: $? = 1
configure:19308: re-using the existing conftest.o
configure:19314: g++ -o conftest -g -O2 -std=c++20 -stdlib=libc++ -pipe  -I/opt/homebrew/opt/boost/include  -L/usr/libexec conftest.o -lboost_graph-xgcc42-1_78  >&5
ld: library not found for -lboost_graph-xgcc42-1_78
clang: error: linker command failed with exit code 1 (use -v to see invocation)
configure:19323: $? = 1
configure:19308: re-using the existing conftest.o
configure:19314: g++ -o conftest -g -O2 -std=c++20 -stdlib=libc++ -pipe  -I/opt/homebrew/opt/boost/include  -L/opt/homebrew/opt/boost conftest.o -lboost_graph-xgcc42-1_78  >&5
ld: library not found for -lboost_graph-xgcc42-1_78
clang: error: linker command failed with exit code 1 (use -v to see invocation)
configure:19323: $? = 1
configure:19308: re-using the existing conftest.o
configure:19314: g++ -o conftest -g -O2 -std=c++20 -stdlib=libc++ -pipe  -I/opt/homebrew/opt/boost/include  -L/opt/homebrew/opt/boost/lib conftest.o -lboost_graph-xgcc42-mt-d-1_78  >&5
ld: library not found for -lboost_graph-xgcc42-mt-d-1_78
clang: error: linker command failed with exit code 1 (use -v to see invocation)
configure:19323: $? = 1
configure:19308: re-using the existing conftest.o
configure:19314: g++ -o conftest -g -O2 -std=c++20 -stdlib=libc++ -pipe  -I/opt/homebrew/opt/boost/include  conftest.o -lboost_graph-xgcc42-mt-d-1_78  >&5
ld: library not found for -lboost_graph-xgcc42-mt-d-1_78
clang: error: linker command failed with exit code 1 (use -v to see invocation)
configure:19323: $? = 1
configure:19308: re-using the existing conftest.o
configure:19314: g++ -o conftest -g -O2 -std=c++20 -stdlib=libc++ -pipe  -I/opt/homebrew/opt/boost/include  -L/usr/local/lib conftest.o -lboost_graph-xgcc42-mt-d-1_78  >&5
ld: library not found for -lboost_graph-xgcc42-mt-d-1_78
clang: error: linker command failed with exit code 1 (use -v to see invocation)
configure:19323: $? = 1
configure:19308: re-using the existing conftest.o
configure:19314: g++ -o conftest -g -O2 -std=c++20 -stdlib=libc++ -pipe  -I/opt/homebrew/opt/boost/include  -L/usr/lib conftest.o -lboost_graph-xgcc42-mt-d-1_78  >&5
ld: library not found for -lboost_graph-xgcc42-mt-d-1_78
clang: error: linker command failed with exit code 1 (use -v to see invocation)
configure:19323: $? = 1
configure:19308: re-using the existing conftest.o
configure:19314: g++ -o conftest -g -O2 -std=c++20 -stdlib=libc++ -pipe  -I/opt/homebrew/opt/boost/include  -L/usr/libexec conftest.o -lboost_graph-xgcc42-mt-d-1_78  >&5
ld: library not found for -lboost_graph-xgcc42-mt-d-1_78
clang: error: linker command failed with exit code 1 (use -v to see invocation)
configure:19323: $? = 1
configure:19308: re-using the existing conftest.o
configure:19314: g++ -o conftest -g -O2 -std=c++20 -stdlib=libc++ -pipe  -I/opt/homebrew/opt/boost/include  -L/opt/homebrew/opt/boost conftest.o -lboost_graph-xgcc42-mt-d-1_78  >&5
ld: library not found for -lboost_graph-xgcc42-mt-d-1_78
clang: error: linker command failed with exit code 1 (use -v to see invocation)
configure:19323: $? = 1
configure:19308: re-using the existing conftest.o
configure:19314: g++ -o conftest -g -O2 -std=c++20 -stdlib=libc++ -pipe  -I/opt/homebrew/opt/boost/include  -L/opt/homebrew/opt/boost/lib conftest.o -lboost_graph-xgcc42-d-1_78  >&5
ld: library not found for -lboost_graph-xgcc42-d-1_78
clang: error: linker command failed with exit code 1 (use -v to see invocation)
configure:19323: $? = 1
configure:19308: re-using the existing conftest.o
configure:19314: g++ -o conftest -g -O2 -std=c++20 -stdlib=libc++ -pipe  -I/opt/homebrew/opt/boost/include  conftest.o -lboost_graph-xgcc42-d-1_78  >&5
ld: library not found for -lboost_graph-xgcc42-d-1_78
clang: error: linker command failed with exit code 1 (use -v to see invocation)
configure:19323: $? = 1
configure:19308: re-using the existing conftest.o
configure:19314: g++ -o conftest -g -O2 -std=c++20 -stdlib=libc++ -pipe  -I/opt/homebrew/opt/boost/include  -L/usr/local/lib conftest.o -lboost_graph-xgcc42-d-1_78  >&5
ld: library not found for -lboost_graph-xgcc42-d-1_78
clang: error: linker command failed with exit code 1 (use -v to see invocation)
configure:19323: $? = 1
configure:19308: re-using the existing conftest.o
configure:19314: g++ -o conftest -g -O2 -std=c++20 -stdlib=libc++ -pipe  -I/opt/homebrew/opt/boost/include  -L/usr/lib conftest.o -lboost_graph-xgcc42-d-1_78  >&5
ld: library not found for -lboost_graph-xgcc42-d-1_78
clang: error: linker command failed with exit code 1 (use -v to see invocation)
configure:19323: $? = 1
configure:19308: re-using the existing conftest.o
configure:19314: g++ -o conftest -g -O2 -std=c++20 -stdlib=libc++ -pipe  -I/opt/homebrew/opt/boost/include  -L/usr/libexec conftest.o -lboost_graph-xgcc42-d-1_78  >&5
ld: library not found for -lboost_graph-xgcc42-d-1_78
clang: error: linker command failed with exit code 1 (use -v to see invocation)
configure:19323: $? = 1
configure:19308: re-using the existing conftest.o
configure:19314: g++ -o conftest -g -O2 -std=c++20 -stdlib=libc++ -pipe  -I/opt/homebrew/opt/boost/include  -L/opt/homebrew/opt/boost conftest.o -lboost_graph-xgcc42-d-1_78  >&5
ld: library not found for -lboost_graph-xgcc42-d-1_78
clang: error: linker command failed with exit code 1 (use -v to see invocation)
configure:19323: $? = 1
configure:19308: re-using the existing conftest.o
configure:19314: g++ -o conftest -g -O2 -std=c++20 -stdlib=libc++ -pipe  -I/opt/homebrew/opt/boost/include  -L/opt/homebrew/opt/boost/lib conftest.o -lboost_graph-xgcc42-mt  >&5
ld: library not found for -lboost_graph-xgcc42-mt
clang: error: linker command failed with exit code 1 (use -v to see invocation)
configure:19323: $? = 1
configure:19308: re-using the existing conftest.o
configure:19314: g++ -o conftest -g -O2 -std=c++20 -stdlib=libc++ -pipe  -I/opt/homebrew/opt/boost/include  conftest.o -lboost_graph-xgcc42-mt  >&5
ld: library not found for -lboost_graph-xgcc42-mt
clang: error: linker command failed with exit code 1 (use -v to see invocation)
configure:19323: $? = 1
configure:19308: re-using the existing conftest.o
configure:19314: g++ -o conftest -g -O2 -std=c++20 -stdlib=libc++ -pipe  -I/opt/homebrew/opt/boost/include  -L/usr/local/lib conftest.o -lboost_graph-xgcc42-mt  >&5
ld: library not found for -lboost_graph-xgcc42-mt
clang: error: linker command failed with exit code 1 (use -v to see invocation)
configure:19323: $? = 1
configure:19308: re-using the existing conftest.o
configure:19314: g++ -o conftest -g -O2 -std=c++20 -stdlib=libc++ -pipe  -I/opt/homebrew/opt/boost/include  -L/usr/lib conftest.o -lboost_graph-xgcc42-mt  >&5
ld: library not found for -lboost_graph-xgcc42-mt
clang: error: linker command failed with exit code 1 (use -v to see invocation)
configure:19323: $? = 1
configure:19308: re-using the existing conftest.o
configure:19314: g++ -o conftest -g -O2 -std=c++20 -stdlib=libc++ -pipe  -I/opt/homebrew/opt/boost/include  -L/usr/libexec conftest.o -lboost_graph-xgcc42-mt  >&5
ld: library not found for -lboost_graph-xgcc42-mt
clang: error: linker command failed with exit code 1 (use -v to see invocation)
configure:19323: $? = 1
configure:19308: re-using the existing conftest.o
configure:19314: g++ -o conftest -g -O2 -std=c++20 -stdlib=libc++ -pipe  -I/opt/homebrew/opt/boost/include  -L/opt/homebrew/opt/boost conftest.o -lboost_graph-xgcc42-mt  >&5
ld: library not found for -lboost_graph-xgcc42-mt
clang: error: linker command failed with exit code 1 (use -v to see invocation)
configure:19323: $? = 1
configure:19308: re-using the existing conftest.o
configure:19314: g++ -o conftest -g -O2 -std=c++20 -stdlib=libc++ -pipe  -I/opt/homebrew/opt/boost/include  -L/opt/homebrew/opt/boost/lib conftest.o -lboost_graph-xgcc42  >&5
ld: library not found for -lboost_graph-xgcc42
clang: error: linker command failed with exit code 1 (use -v to see invocation)
configure:19323: $? = 1
configure:19308: re-using the existing conftest.o
configure:19314: g++ -o conftest -g -O2 -std=c++20 -stdlib=libc++ -pipe  -I/opt/homebrew/opt/boost/include  conftest.o -lboost_graph-xgcc42  >&5
ld: library not found for -lboost_graph-xgcc42
clang: error: linker command failed with exit code 1 (use -v to see invocation)
configure:19323: $? = 1
configure:19308: re-using the existing conftest.o
configure:19314: g++ -o conftest -g -O2 -std=c++20 -stdlib=libc++ -pipe  -I/opt/homebrew/opt/boost/include  -L/usr/local/lib conftest.o -lboost_graph-xgcc42  >&5
ld: library not found for -lboost_graph-xgcc42
clang: error: linker command failed with exit code 1 (use -v to see invocation)
configure:19323: $? = 1
configure:19308: re-using the existing conftest.o
configure:19314: g++ -o conftest -g -O2 -std=c++20 -stdlib=libc++ -pipe  -I/opt/homebrew/opt/boost/include  -L/usr/lib conftest.o -lboost_graph-xgcc42  >&5
ld: library not found for -lboost_graph-xgcc42
clang: error: linker command failed with exit code 1 (use -v to see invocation)
configure:19323: $? = 1
configure:19308: re-using the existing conftest.o
configure:19314: g++ -o conftest -g -O2 -std=c++20 -stdlib=libc++ -pipe  -I/opt/homebrew/opt/boost/include  -L/usr/libexec conftest.o -lboost_graph-xgcc42  >&5
ld: library not found for -lboost_graph-xgcc42
clang: error: linker command failed with exit code 1 (use -v to see invocation)
configure:19323: $? = 1
configure:19308: re-using the existing conftest.o
configure:19314: g++ -o conftest -g -O2 -std=c++20 -stdlib=libc++ -pipe  -I/opt/homebrew/opt/boost/include  -L/opt/homebrew/opt/boost conftest.o -lboost_graph-xgcc42  >&5
ld: library not found for -lboost_graph-xgcc42
clang: error: linker command failed with exit code 1 (use -v to see invocation)
configure:19323: $? = 1
configure:19308: re-using the existing conftest.o
configure:19314: g++ -o conftest -g -O2 -std=c++20 -stdlib=libc++ -pipe  -I/opt/homebrew/opt/boost/include  -L/opt/homebrew/opt/boost/lib conftest.o -lboost_graph-xgcc42-mt-d  >&5
ld: library not found for -lboost_graph-xgcc42-mt-d
clang: error: linker command failed with exit code 1 (use -v to see invocation)
configure:19323: $? = 1
configure:19308: re-using the existing conftest.o
configure:19314: g++ -o conftest -g -O2 -std=c++20 -stdlib=libc++ -pipe  -I/opt/homebrew/opt/boost/include  conftest.o -lboost_graph-xgcc42-mt-d  >&5
ld: library not found for -lboost_graph-xgcc42-mt-d
clang: error: linker command failed with exit code 1 (use -v to see invocation)
configure:19323: $? = 1
configure:19308: re-using the existing conftest.o
configure:19314: g++ -o conftest -g -O2 -std=c++20 -stdlib=libc++ -pipe  -I/opt/homebrew/opt/boost/include  -L/usr/local/lib conftest.o -lboost_graph-xgcc42-mt-d  >&5
ld: library not found for -lboost_graph-xgcc42-mt-d
clang: error: linker command failed with exit code 1 (use -v to see invocation)
configure:19323: $? = 1
configure:19308: re-using the existing conftest.o
configure:19314: g++ -o conftest -g -O2 -std=c++20 -stdlib=libc++ -pipe  -I/opt/homebrew/opt/boost/include  -L/usr/lib conftest.o -lboost_graph-xgcc42-mt-d  >&5
ld: library not found for -lboost_graph-xgcc42-mt-d
clang: error: linker command failed with exit code 1 (use -v to see invocation)
configure:19323: $? = 1
configure:19308: re-using the existing conftest.o
configure:19314: g++ -o conftest -g -O2 -std=c++20 -stdlib=libc++ -pipe  -I/opt/homebrew/opt/boost/include  -L/usr/libexec conftest.o -lboost_graph-xgcc42-mt-d  >&5
ld: library not found for -lboost_graph-xgcc42-mt-d
clang: error: linker command failed with exit code 1 (use -v to see invocation)
configure:19323: $? = 1
configure:19308: re-using the existing conftest.o
configure:19314: g++ -o conftest -g -O2 -std=c++20 -stdlib=libc++ -pipe  -I/opt/homebrew/opt/boost/include  -L/opt/homebrew/opt/boost conftest.o -lboost_graph-xgcc42-mt-d  >&5
ld: library not found for -lboost_graph-xgcc42-mt-d
clang: error: linker command failed with exit code 1 (use -v to see invocation)
configure:19323: $? = 1
configure:19308: re-using the existing conftest.o
configure:19314: g++ -o conftest -g -O2 -std=c++20 -stdlib=libc++ -pipe  -I/opt/homebrew/opt/boost/include  -L/opt/homebrew/opt/boost/lib conftest.o -lboost_graph-xgcc42-d  >&5
ld: library not found for -lboost_graph-xgcc42-d
clang: error: linker command failed with exit code 1 (use -v to see invocation)
configure:19323: $? = 1
configure:19308: re-using the existing conftest.o
configure:19314: g++ -o conftest -g -O2 -std=c++20 -stdlib=libc++ -pipe  -I/opt/homebrew/opt/boost/include  conftest.o -lboost_graph-xgcc42-d  >&5
ld: library not found for -lboost_graph-xgcc42-d
clang: error: linker command failed with exit code 1 (use -v to see invocation)
configure:19323: $? = 1
configure:19308: re-using the existing conftest.o
configure:19314: g++ -o conftest -g -O2 -std=c++20 -stdlib=libc++ -pipe  -I/opt/homebrew/opt/boost/include  -L/usr/local/lib conftest.o -lboost_graph-xgcc42-d  >&5
ld: library not found for -lboost_graph-xgcc42-d
clang: error: linker command failed with exit code 1 (use -v to see invocation)
configure:19323: $? = 1
configure:19308: re-using the existing conftest.o
configure:19314: g++ -o conftest -g -O2 -std=c++20 -stdlib=libc++ -pipe  -I/opt/homebrew/opt/boost/include  -L/usr/lib conftest.o -lboost_graph-xgcc42-d  >&5
ld: library not found for -lboost_graph-xgcc42-d
clang: error: linker command failed with exit code 1 (use -v to see invocation)
configure:19323: $? = 1
configure:19308: re-using the existing conftest.o
configure:19314: g++ -o conftest -g -O2 -std=c++20 -stdlib=libc++ -pipe  -I/opt/homebrew/opt/boost/include  -L/usr/libexec conftest.o -lboost_graph-xgcc42-d  >&5
ld: library not found for -lboost_graph-xgcc42-d
clang: error: linker command failed with exit code 1 (use -v to see invocation)
configure:19323: $? = 1
configure:19308: re-using the existing conftest.o
configure:19314: g++ -o conftest -g -O2 -std=c++20 -stdlib=libc++ -pipe  -I/opt/homebrew/opt/boost/include  -L/opt/homebrew/opt/boost conftest.o -lboost_graph-xgcc42-d  >&5
ld: library not found for -lboost_graph-xgcc42-d
clang: error: linker command failed with exit code 1 (use -v to see invocation)
configure:19323: $? = 1
configure:19308: re-using the existing conftest.o
configure:19314: g++ -o conftest -g -O2 -std=c++20 -stdlib=libc++ -pipe  -I/opt/homebrew/opt/boost/include  -L/opt/homebrew/opt/boost/lib conftest.o -lboost_graph-xgcc-mt-1_78  >&5
ld: library not found for -lboost_graph-xgcc-mt-1_78
clang: error: linker command failed with exit code 1 (use -v to see invocation)
configure:19323: $? = 1
configure:19308: re-using the existing conftest.o
configure:19314: g++ -o conftest -g -O2 -std=c++20 -stdlib=libc++ -pipe  -I/opt/homebrew/opt/boost/include  conftest.o -lboost_graph-xgcc-mt-1_78  >&5
ld: library not found for -lboost_graph-xgcc-mt-1_78
clang: error: linker command failed with exit code 1 (use -v to see invocation)
configure:19323: $? = 1
configure:19308: re-using the existing conftest.o
configure:19314: g++ -o conftest -g -O2 -std=c++20 -stdlib=libc++ -pipe  -I/opt/homebrew/opt/boost/include  -L/usr/local/lib conftest.o -lboost_graph-xgcc-mt-1_78  >&5
ld: library not found for -lboost_graph-xgcc-mt-1_78
clang: error: linker command failed with exit code 1 (use -v to see invocation)
configure:19323: $? = 1
configure:19308: re-using the existing conftest.o
configure:19314: g++ -o conftest -g -O2 -std=c++20 -stdlib=libc++ -pipe  -I/opt/homebrew/opt/boost/include  -L/usr/lib conftest.o -lboost_graph-xgcc-mt-1_78  >&5
ld: library not found for -lboost_graph-xgcc-mt-1_78
clang: error: linker command failed with exit code 1 (use -v to see invocation)
configure:19323: $? = 1
configure:19308: re-using the existing conftest.o
configure:19314: g++ -o conftest -g -O2 -std=c++20 -stdlib=libc++ -pipe  -I/opt/homebrew/opt/boost/include  -L/usr/libexec conftest.o -lboost_graph-xgcc-mt-1_78  >&5
ld: library not found for -lboost_graph-xgcc-mt-1_78
clang: error: linker command failed with exit code 1 (use -v to see invocation)
configure:19323: $? = 1
configure:19308: re-using the existing conftest.o
configure:19314: g++ -o conftest -g -O2 -std=c++20 -stdlib=libc++ -pipe  -I/opt/homebrew/opt/boost/include  -L/opt/homebrew/opt/boost conftest.o -lboost_graph-xgcc-mt-1_78  >&5
ld: library not found for -lboost_graph-xgcc-mt-1_78
clang: error: linker command failed with exit code 1 (use -v to see invocation)
configure:19323: $? = 1
configure:19308: re-using the existing conftest.o
configure:19314: g++ -o conftest -g -O2 -std=c++20 -stdlib=libc++ -pipe  -I/opt/homebrew/opt/boost/include  -L/opt/homebrew/opt/boost/lib conftest.o -lboost_graph-xgcc-1_78  >&5
ld: library not found for -lboost_graph-xgcc-1_78
clang: error: linker command failed with exit code 1 (use -v to see invocation)
configure:19323: $? = 1
configure:19308: re-using the existing conftest.o
configure:19314: g++ -o conftest -g -O2 -std=c++20 -stdlib=libc++ -pipe  -I/opt/homebrew/opt/boost/include  conftest.o -lboost_graph-xgcc-1_78  >&5
ld: library not found for -lboost_graph-xgcc-1_78
clang: error: linker command failed with exit code 1 (use -v to see invocation)
configure:19323: $? = 1
configure:19308: re-using the existing conftest.o
configure:19314: g++ -o conftest -g -O2 -std=c++20 -stdlib=libc++ -pipe  -I/opt/homebrew/opt/boost/include  -L/usr/local/lib conftest.o -lboost_graph-xgcc-1_78  >&5
ld: library not found for -lboost_graph-xgcc-1_78
clang: error: linker command failed with exit code 1 (use -v to see invocation)
configure:19323: $? = 1
configure:19308: re-using the existing conftest.o
configure:19314: g++ -o conftest -g -O2 -std=c++20 -stdlib=libc++ -pipe  -I/opt/homebrew/opt/boost/include  -L/usr/lib conftest.o -lboost_graph-xgcc-1_78  >&5
ld: library not found for -lboost_graph-xgcc-1_78
clang: error: linker command failed with exit code 1 (use -v to see invocation)
configure:19323: $? = 1
configure:19308: re-using the existing conftest.o
configure:19314: g++ -o conftest -g -O2 -std=c++20 -stdlib=libc++ -pipe  -I/opt/homebrew/opt/boost/include  -L/usr/libexec conftest.o -lboost_graph-xgcc-1_78  >&5
ld: library not found for -lboost_graph-xgcc-1_78
clang: error: linker command failed with exit code 1 (use -v to see invocation)
configure:19323: $? = 1
configure:19308: re-using the existing conftest.o
configure:19314: g++ -o conftest -g -O2 -std=c++20 -stdlib=libc++ -pipe  -I/opt/homebrew/opt/boost/include  -L/opt/homebrew/opt/boost conftest.o -lboost_graph-xgcc-1_78  >&5
ld: library not found for -lboost_graph-xgcc-1_78
clang: error: linker command failed with exit code 1 (use -v to see invocation)
configure:19323: $? = 1
configure:19308: re-using the existing conftest.o
configure:19314: g++ -o conftest -g -O2 -std=c++20 -stdlib=libc++ -pipe  -I/opt/homebrew/opt/boost/include  -L/opt/homebrew/opt/boost/lib conftest.o -lboost_graph-xgcc-mt-d-1_78  >&5
ld: library not found for -lboost_graph-xgcc-mt-d-1_78
clang: error: linker command failed with exit code 1 (use -v to see invocation)
configure:19323: $? = 1
configure:19308: re-using the existing conftest.o
configure:19314: g++ -o conftest -g -O2 -std=c++20 -stdlib=libc++ -pipe  -I/opt/homebrew/opt/boost/include  conftest.o -lboost_graph-xgcc-mt-d-1_78  >&5
ld: library not found for -lboost_graph-xgcc-mt-d-1_78
clang: error: linker command failed with exit code 1 (use -v to see invocation)
configure:19323: $? = 1
configure:19308: re-using the existing conftest.o
configure:19314: g++ -o conftest -g -O2 -std=c++20 -stdlib=libc++ -pipe  -I/opt/homebrew/opt/boost/include  -L/usr/local/lib conftest.o -lboost_graph-xgcc-mt-d-1_78  >&5
ld: library not found for -lboost_graph-xgcc-mt-d-1_78
clang: error: linker command failed with exit code 1 (use -v to see invocation)
configure:19323: $? = 1
configure:19308: re-using the existing conftest.o
configure:19314: g++ -o conftest -g -O2 -std=c++20 -stdlib=libc++ -pipe  -I/opt/homebrew/opt/boost/include  -L/usr/lib conftest.o -lboost_graph-xgcc-mt-d-1_78  >&5
ld: library not found for -lboost_graph-xgcc-mt-d-1_78
clang: error: linker command failed with exit code 1 (use -v to see invocation)
configure:19323: $? = 1
configure:19308: re-using the existing conftest.o
configure:19314: g++ -o conftest -g -O2 -std=c++20 -stdlib=libc++ -pipe  -I/opt/homebrew/opt/boost/include  -L/usr/libexec conftest.o -lboost_graph-xgcc-mt-d-1_78  >&5
ld: library not found for -lboost_graph-xgcc-mt-d-1_78
clang: error: linker command failed with exit code 1 (use -v to see invocation)
configure:19323: $? = 1
configure:19308: re-using the existing conftest.o
configure:19314: g++ -o conftest -g -O2 -std=c++20 -stdlib=libc++ -pipe  -I/opt/homebrew/opt/boost/include  -L/opt/homebrew/opt/boost conftest.o -lboost_graph-xgcc-mt-d-1_78  >&5
ld: library not found for -lboost_graph-xgcc-mt-d-1_78
clang: error: linker command failed with exit code 1 (use -v to see invocation)
configure:19323: $? = 1
configure:19308: re-using the existing conftest.o
configure:19314: g++ -o conftest -g -O2 -std=c++20 -stdlib=libc++ -pipe  -I/opt/homebrew/opt/boost/include  -L/opt/homebrew/opt/boost/lib conftest.o -lboost_graph-xgcc-d-1_78  >&5
ld: library not found for -lboost_graph-xgcc-d-1_78
clang: error: linker command failed with exit code 1 (use -v to see invocation)
configure:19323: $? = 1
configure:19308: re-using the existing conftest.o
configure:19314: g++ -o conftest -g -O2 -std=c++20 -stdlib=libc++ -pipe  -I/opt/homebrew/opt/boost/include  conftest.o -lboost_graph-xgcc-d-1_78  >&5
ld: library not found for -lboost_graph-xgcc-d-1_78
clang: error: linker command failed with exit code 1 (use -v to see invocation)
configure:19323: $? = 1
configure:19308: re-using the existing conftest.o
configure:19314: g++ -o conftest -g -O2 -std=c++20 -stdlib=libc++ -pipe  -I/opt/homebrew/opt/boost/include  -L/usr/local/lib conftest.o -lboost_graph-xgcc-d-1_78  >&5
ld: library not found for -lboost_graph-xgcc-d-1_78
clang: error: linker command failed with exit code 1 (use -v to see invocation)
configure:19323: $? = 1
configure:19308: re-using the existing conftest.o
configure:19314: g++ -o conftest -g -O2 -std=c++20 -stdlib=libc++ -pipe  -I/opt/homebrew/opt/boost/include  -L/usr/lib conftest.o -lboost_graph-xgcc-d-1_78  >&5
ld: library not found for -lboost_graph-xgcc-d-1_78
clang: error: linker command failed with exit code 1 (use -v to see invocation)
configure:19323: $? = 1
configure:19308: re-using the existing conftest.o
configure:19314: g++ -o conftest -g -O2 -std=c++20 -stdlib=libc++ -pipe  -I/opt/homebrew/opt/boost/include  -L/usr/libexec conftest.o -lboost_graph-xgcc-d-1_78  >&5
ld: library not found for -lboost_graph-xgcc-d-1_78
clang: error: linker command failed with exit code 1 (use -v to see invocation)
configure:19323: $? = 1
configure:19308: re-using the existing conftest.o
configure:19314: g++ -o conftest -g -O2 -std=c++20 -stdlib=libc++ -pipe  -I/opt/homebrew/opt/boost/include  -L/opt/homebrew/opt/boost conftest.o -lboost_graph-xgcc-d-1_78  >&5
ld: library not found for -lboost_graph-xgcc-d-1_78
clang: error: linker command failed with exit code 1 (use -v to see invocation)
configure:19323: $? = 1
configure:19308: re-using the existing conftest.o
configure:19314: g++ -o conftest -g -O2 -std=c++20 -stdlib=libc++ -pipe  -I/opt/homebrew/opt/boost/include  -L/opt/homebrew/opt/boost/lib conftest.o -lboost_graph-xgcc-mt  >&5
ld: library not found for -lboost_graph-xgcc-mt
clang: error: linker command failed with exit code 1 (use -v to see invocation)
configure:19323: $? = 1
configure:19308: re-using the existing conftest.o
configure:19314: g++ -o conftest -g -O2 -std=c++20 -stdlib=libc++ -pipe  -I/opt/homebrew/opt/boost/include  conftest.o -lboost_graph-xgcc-mt  >&5
ld: library not found for -lboost_graph-xgcc-mt
clang: error: linker command failed with exit code 1 (use -v to see invocation)
configure:19323: $? = 1
configure:19308: re-using the existing conftest.o
configure:19314: g++ -o conftest -g -O2 -std=c++20 -stdlib=libc++ -pipe  -I/opt/homebrew/opt/boost/include  -L/usr/local/lib conftest.o -lboost_graph-xgcc-mt  >&5
ld: library not found for -lboost_graph-xgcc-mt
clang: error: linker command failed with exit code 1 (use -v to see invocation)
configure:19323: $? = 1
configure:19308: re-using the existing conftest.o
configure:19314: g++ -o conftest -g -O2 -std=c++20 -stdlib=libc++ -pipe  -I/opt/homebrew/opt/boost/include  -L/usr/lib conftest.o -lboost_graph-xgcc-mt  >&5
ld: library not found for -lboost_graph-xgcc-mt
clang: error: linker command failed with exit code 1 (use -v to see invocation)
configure:19323: $? = 1
configure:19308: re-using the existing conftest.o
configure:19314: g++ -o conftest -g -O2 -std=c++20 -stdlib=libc++ -pipe  -I/opt/homebrew/opt/boost/include  -L/usr/libexec conftest.o -lboost_graph-xgcc-mt  >&5
ld: library not found for -lboost_graph-xgcc-mt
clang: error: linker command failed with exit code 1 (use -v to see invocation)
configure:19323: $? = 1
configure:19308: re-using the existing conftest.o
configure:19314: g++ -o conftest -g -O2 -std=c++20 -stdlib=libc++ -pipe  -I/opt/homebrew/opt/boost/include  -L/opt/homebrew/opt/boost conftest.o -lboost_graph-xgcc-mt  >&5
ld: library not found for -lboost_graph-xgcc-mt
clang: error: linker command failed with exit code 1 (use -v to see invocation)
configure:19323: $? = 1
configure:19308: re-using the existing conftest.o
configure:19314: g++ -o conftest -g -O2 -std=c++20 -stdlib=libc++ -pipe  -I/opt/homebrew/opt/boost/include  -L/opt/homebrew/opt/boost/lib conftest.o -lboost_graph-xgcc  >&5
ld: library not found for -lboost_graph-xgcc
clang: error: linker command failed with exit code 1 (use -v to see invocation)
configure:19323: $? = 1
configure:19308: re-using the existing conftest.o
configure:19314: g++ -o conftest -g -O2 -std=c++20 -stdlib=libc++ -pipe  -I/opt/homebrew/opt/boost/include  conftest.o -lboost_graph-xgcc  >&5
ld: library not found for -lboost_graph-xgcc
clang: error: linker command failed with exit code 1 (use -v to see invocation)
configure:19323: $? = 1
configure:19308: re-using the existing conftest.o
configure:19314: g++ -o conftest -g -O2 -std=c++20 -stdlib=libc++ -pipe  -I/opt/homebrew/opt/boost/include  -L/usr/local/lib conftest.o -lboost_graph-xgcc  >&5
ld: library not found for -lboost_graph-xgcc
clang: error: linker command failed with exit code 1 (use -v to see invocation)
configure:19323: $? = 1
configure:19308: re-using the existing conftest.o
configure:19314: g++ -o conftest -g -O2 -std=c++20 -stdlib=libc++ -pipe  -I/opt/homebrew/opt/boost/include  -L/usr/lib conftest.o -lboost_graph-xgcc  >&5
ld: library not found for -lboost_graph-xgcc
clang: error: linker command failed with exit code 1 (use -v to see invocation)
configure:19323: $? = 1
configure:19308: re-using the existing conftest.o
configure:19314: g++ -o conftest -g -O2 -std=c++20 -stdlib=libc++ -pipe  -I/opt/homebrew/opt/boost/include  -L/usr/libexec conftest.o -lboost_graph-xgcc  >&5
ld: library not found for -lboost_graph-xgcc
clang: error: linker command failed with exit code 1 (use -v to see invocation)
configure:19323: $? = 1
configure:19308: re-using the existing conftest.o
configure:19314: g++ -o conftest -g -O2 -std=c++20 -stdlib=libc++ -pipe  -I/opt/homebrew/opt/boost/include  -L/opt/homebrew/opt/boost conftest.o -lboost_graph-xgcc  >&5
ld: library not found for -lboost_graph-xgcc
clang: error: linker command failed with exit code 1 (use -v to see invocation)
configure:19323: $? = 1
configure:19308: re-using the existing conftest.o
configure:19314: g++ -o conftest -g -O2 -std=c++20 -stdlib=libc++ -pipe  -I/opt/homebrew/opt/boost/include  -L/opt/homebrew/opt/boost/lib conftest.o -lboost_graph-xgcc-mt-d  >&5
ld: library not found for -lboost_graph-xgcc-mt-d
clang: error: linker command failed with exit code 1 (use -v to see invocation)
configure:19323: $? = 1
configure:19308: re-using the existing conftest.o
configure:19314: g++ -o conftest -g -O2 -std=c++20 -stdlib=libc++ -pipe  -I/opt/homebrew/opt/boost/include  conftest.o -lboost_graph-xgcc-mt-d  >&5
ld: library not found for -lboost_graph-xgcc-mt-d
clang: error: linker command failed with exit code 1 (use -v to see invocation)
configure:19323: $? = 1
configure:19308: re-using the existing conftest.o
configure:19314: g++ -o conftest -g -O2 -std=c++20 -stdlib=libc++ -pipe  -I/opt/homebrew/opt/boost/include  -L/usr/local/lib conftest.o -lboost_graph-xgcc-mt-d  >&5
ld: library not found for -lboost_graph-xgcc-mt-d
clang: error: linker command failed with exit code 1 (use -v to see invocation)
configure:19323: $? = 1
configure:19308: re-using the existing conftest.o
configure:19314: g++ -o conftest -g -O2 -std=c++20 -stdlib=libc++ -pipe  -I/opt/homebrew/opt/boost/include  -L/usr/lib conftest.o -lboost_graph-xgcc-mt-d  >&5
ld: library not found for -lboost_graph-xgcc-mt-d
clang: error: linker command failed with exit code 1 (use -v to see invocation)
configure:19323: $? = 1
configure:19308: re-using the existing conftest.o
configure:19314: g++ -o conftest -g -O2 -std=c++20 -stdlib=libc++ -pipe  -I/opt/homebrew/opt/boost/include  -L/usr/libexec conftest.o -lboost_graph-xgcc-mt-d  >&5
ld: library not found for -lboost_graph-xgcc-mt-d
clang: error: linker command failed with exit code 1 (use -v to see invocation)
configure:19323: $? = 1
configure:19308: re-using the existing conftest.o
configure:19314: g++ -o conftest -g -O2 -std=c++20 -stdlib=libc++ -pipe  -I/opt/homebrew/opt/boost/include  -L/opt/homebrew/opt/boost conftest.o -lboost_graph-xgcc-mt-d  >&5
ld: library not found for -lboost_graph-xgcc-mt-d
clang: error: linker command failed with exit code 1 (use -v to see invocation)
configure:19323: $? = 1
configure:19308: re-using the existing conftest.o
configure:19314: g++ -o conftest -g -O2 -std=c++20 -stdlib=libc++ -pipe  -I/opt/homebrew/opt/boost/include  -L/opt/homebrew/opt/boost/lib conftest.o -lboost_graph-xgcc-d  >&5
ld: library not found for -lboost_graph-xgcc-d
clang: error: linker command failed with exit code 1 (use -v to see invocation)
configure:19323: $? = 1
configure:19308: re-using the existing conftest.o
configure:19314: g++ -o conftest -g -O2 -std=c++20 -stdlib=libc++ -pipe  -I/opt/homebrew/opt/boost/include  conftest.o -lboost_graph-xgcc-d  >&5
ld: library not found for -lboost_graph-xgcc-d
clang: error: linker command failed with exit code 1 (use -v to see invocation)
configure:19323: $? = 1
configure:19308: re-using the existing conftest.o
configure:19314: g++ -o conftest -g -O2 -std=c++20 -stdlib=libc++ -pipe  -I/opt/homebrew/opt/boost/include  -L/usr/local/lib conftest.o -lboost_graph-xgcc-d  >&5
ld: library not found for -lboost_graph-xgcc-d
clang: error: linker command failed with exit code 1 (use -v to see invocation)
configure:19323: $? = 1
configure:19308: re-using the existing conftest.o
configure:19314: g++ -o conftest -g -O2 -std=c++20 -stdlib=libc++ -pipe  -I/opt/homebrew/opt/boost/include  -L/usr/lib conftest.o -lboost_graph-xgcc-d  >&5
ld: library not found for -lboost_graph-xgcc-d
clang: error: linker command failed with exit code 1 (use -v to see invocation)
configure:19323: $? = 1
configure:19308: re-using the existing conftest.o
configure:19314: g++ -o conftest -g -O2 -std=c++20 -stdlib=libc++ -pipe  -I/opt/homebrew/opt/boost/include  -L/usr/libexec conftest.o -lboost_graph-xgcc-d  >&5
ld: library not found for -lboost_graph-xgcc-d
clang: error: linker command failed with exit code 1 (use -v to see invocation)
configure:19323: $? = 1
configure:19308: re-using the existing conftest.o
configure:19314: g++ -o conftest -g -O2 -std=c++20 -stdlib=libc++ -pipe  -I/opt/homebrew/opt/boost/include  -L/opt/homebrew/opt/boost conftest.o -lboost_graph-xgcc-d  >&5
ld: library not found for -lboost_graph-xgcc-d
clang: error: linker command failed with exit code 1 (use -v to see invocation)
configure:19323: $? = 1
configure:19308: re-using the existing conftest.o
configure:19314: g++ -o conftest -g -O2 -std=c++20 -stdlib=libc++ -pipe  -I/opt/homebrew/opt/boost/include  -L/opt/homebrew/opt/boost/lib conftest.o -lboost_graph-mt-1_78  >&5
ld: library not found for -lboost_graph-mt-1_78
clang: error: linker command failed with exit code 1 (use -v to see invocation)
configure:19323: $? = 1
configure:19308: re-using the existing conftest.o
configure:19314: g++ -o conftest -g -O2 -std=c++20 -stdlib=libc++ -pipe  -I/opt/homebrew/opt/boost/include  conftest.o -lboost_graph-mt-1_78  >&5
ld: library not found for -lboost_graph-mt-1_78
clang: error: linker command failed with exit code 1 (use -v to see invocation)
configure:19323: $? = 1
configure:19308: re-using the existing conftest.o
configure:19314: g++ -o conftest -g -O2 -std=c++20 -stdlib=libc++ -pipe  -I/opt/homebrew/opt/boost/include  -L/usr/local/lib conftest.o -lboost_graph-mt-1_78  >&5
ld: library not found for -lboost_graph-mt-1_78
clang: error: linker command failed with exit code 1 (use -v to see invocation)
configure:19323: $? = 1
configure:19308: re-using the existing conftest.o
configure:19314: g++ -o conftest -g -O2 -std=c++20 -stdlib=libc++ -pipe  -I/opt/homebrew/opt/boost/include  -L/usr/lib conftest.o -lboost_graph-mt-1_78  >&5
ld: library not found for -lboost_graph-mt-1_78
clang: error: linker command failed with exit code 1 (use -v to see invocation)
configure:19323: $? = 1
configure:19308: re-using the existing conftest.o
configure:19314: g++ -o conftest -g -O2 -std=c++20 -stdlib=libc++ -pipe  -I/opt/homebrew/opt/boost/include  -L/usr/libexec conftest.o -lboost_graph-mt-1_78  >&5
ld: library not found for -lboost_graph-mt-1_78
clang: error: linker command failed with exit code 1 (use -v to see invocation)
configure:19323: $? = 1
configure:19308: re-using the existing conftest.o
configure:19314: g++ -o conftest -g -O2 -std=c++20 -stdlib=libc++ -pipe  -I/opt/homebrew/opt/boost/include  -L/opt/homebrew/opt/boost conftest.o -lboost_graph-mt-1_78  >&5
ld: library not found for -lboost_graph-mt-1_78
clang: error: linker command failed with exit code 1 (use -v to see invocation)
configure:19323: $? = 1
configure:19308: re-using the existing conftest.o
configure:19314: g++ -o conftest -g -O2 -std=c++20 -stdlib=libc++ -pipe  -I/opt/homebrew/opt/boost/include  -L/opt/homebrew/opt/boost/lib conftest.o -lboost_graph-1_78  >&5
ld: library not found for -lboost_graph-1_78
clang: error: linker command failed with exit code 1 (use -v to see invocation)
configure:19323: $? = 1
configure:19308: re-using the existing conftest.o
configure:19314: g++ -o conftest -g -O2 -std=c++20 -stdlib=libc++ -pipe  -I/opt/homebrew/opt/boost/include  conftest.o -lboost_graph-1_78  >&5
ld: library not found for -lboost_graph-1_78
clang: error: linker command failed with exit code 1 (use -v to see invocation)
configure:19323: $? = 1
configure:19308: re-using the existing conftest.o
configure:19314: g++ -o conftest -g -O2 -std=c++20 -stdlib=libc++ -pipe  -I/opt/homebrew/opt/boost/include  -L/usr/local/lib conftest.o -lboost_graph-1_78  >&5
ld: library not found for -lboost_graph-1_78
clang: error: linker command failed with exit code 1 (use -v to see invocation)
configure:19323: $? = 1
configure:19308: re-using the existing conftest.o
configure:19314: g++ -o conftest -g -O2 -std=c++20 -stdlib=libc++ -pipe  -I/opt/homebrew/opt/boost/include  -L/usr/lib conftest.o -lboost_graph-1_78  >&5
ld: library not found for -lboost_graph-1_78
clang: error: linker command failed with exit code 1 (use -v to see invocation)
configure:19323: $? = 1
configure:19308: re-using the existing conftest.o
configure:19314: g++ -o conftest -g -O2 -std=c++20 -stdlib=libc++ -pipe  -I/opt/homebrew/opt/boost/include  -L/usr/libexec conftest.o -lboost_graph-1_78  >&5
ld: library not found for -lboost_graph-1_78
clang: error: linker command failed with exit code 1 (use -v to see invocation)
configure:19323: $? = 1
configure:19308: re-using the existing conftest.o
configure:19314: g++ -o conftest -g -O2 -std=c++20 -stdlib=libc++ -pipe  -I/opt/homebrew/opt/boost/include  -L/opt/homebrew/opt/boost conftest.o -lboost_graph-1_78  >&5
ld: library not found for -lboost_graph-1_78
clang: error: linker command failed with exit code 1 (use -v to see invocation)
configure:19323: $? = 1
configure:19308: re-using the existing conftest.o
configure:19314: g++ -o conftest -g -O2 -std=c++20 -stdlib=libc++ -pipe  -I/opt/homebrew/opt/boost/include  -L/opt/homebrew/opt/boost/lib conftest.o -lboost_graph-mt-d-1_78  >&5
ld: library not found for -lboost_graph-mt-d-1_78
clang: error: linker command failed with exit code 1 (use -v to see invocation)
configure:19323: $? = 1
configure:19308: re-using the existing conftest.o
configure:19314: g++ -o conftest -g -O2 -std=c++20 -stdlib=libc++ -pipe  -I/opt/homebrew/opt/boost/include  conftest.o -lboost_graph-mt-d-1_78  >&5
ld: library not found for -lboost_graph-mt-d-1_78
clang: error: linker command failed with exit code 1 (use -v to see invocation)
configure:19323: $? = 1
configure:19308: re-using the existing conftest.o
configure:19314: g++ -o conftest -g -O2 -std=c++20 -stdlib=libc++ -pipe  -I/opt/homebrew/opt/boost/include  -L/usr/local/lib conftest.o -lboost_graph-mt-d-1_78  >&5
ld: library not found for -lboost_graph-mt-d-1_78
clang: error: linker command failed with exit code 1 (use -v to see invocation)
configure:19323: $? = 1
configure:19308: re-using the existing conftest.o
configure:19314: g++ -o conftest -g -O2 -std=c++20 -stdlib=libc++ -pipe  -I/opt/homebrew/opt/boost/include  -L/usr/lib conftest.o -lboost_graph-mt-d-1_78  >&5
ld: library not found for -lboost_graph-mt-d-1_78
clang: error: linker command failed with exit code 1 (use -v to see invocation)
configure:19323: $? = 1
configure:19308: re-using the existing conftest.o
configure:19314: g++ -o conftest -g -O2 -std=c++20 -stdlib=libc++ -pipe  -I/opt/homebrew/opt/boost/include  -L/usr/libexec conftest.o -lboost_graph-mt-d-1_78  >&5
ld: library not found for -lboost_graph-mt-d-1_78
clang: error: linker command failed with exit code 1 (use -v to see invocation)
configure:19323: $? = 1
configure:19308: re-using the existing conftest.o
configure:19314: g++ -o conftest -g -O2 -std=c++20 -stdlib=libc++ -pipe  -I/opt/homebrew/opt/boost/include  -L/opt/homebrew/opt/boost conftest.o -lboost_graph-mt-d-1_78  >&5
ld: library not found for -lboost_graph-mt-d-1_78
clang: error: linker command failed with exit code 1 (use -v to see invocation)
configure:19323: $? = 1
configure:19308: re-using the existing conftest.o
configure:19314: g++ -o conftest -g -O2 -std=c++20 -stdlib=libc++ -pipe  -I/opt/homebrew/opt/boost/include  -L/opt/homebrew/opt/boost/lib conftest.o -lboost_graph-d-1_78  >&5
ld: library not found for -lboost_graph-d-1_78
clang: error: linker command failed with exit code 1 (use -v to see invocation)
configure:19323: $? = 1
configure:19308: re-using the existing conftest.o
configure:19314: g++ -o conftest -g -O2 -std=c++20 -stdlib=libc++ -pipe  -I/opt/homebrew/opt/boost/include  conftest.o -lboost_graph-d-1_78  >&5
ld: library not found for -lboost_graph-d-1_78
clang: error: linker command failed with exit code 1 (use -v to see invocation)
configure:19323: $? = 1
configure:19308: re-using the existing conftest.o
configure:19314: g++ -o conftest -g -O2 -std=c++20 -stdlib=libc++ -pipe  -I/opt/homebrew/opt/boost/include  -L/usr/local/lib conftest.o -lboost_graph-d-1_78  >&5
ld: library not found for -lboost_graph-d-1_78
clang: error: linker command failed with exit code 1 (use -v to see invocation)
configure:19323: $? = 1
configure:19308: re-using the existing conftest.o
configure:19314: g++ -o conftest -g -O2 -std=c++20 -stdlib=libc++ -pipe  -I/opt/homebrew/opt/boost/include  -L/usr/lib conftest.o -lboost_graph-d-1_78  >&5
ld: library not found for -lboost_graph-d-1_78
clang: error: linker command failed with exit code 1 (use -v to see invocation)
configure:19323: $? = 1
configure:19308: re-using the existing conftest.o
configure:19314: g++ -o conftest -g -O2 -std=c++20 -stdlib=libc++ -pipe  -I/opt/homebrew/opt/boost/include  -L/usr/libexec conftest.o -lboost_graph-d-1_78  >&5
ld: library not found for -lboost_graph-d-1_78
clang: error: linker command failed with exit code 1 (use -v to see invocation)
configure:19323: $? = 1
configure:19308: re-using the existing conftest.o
configure:19314: g++ -o conftest -g -O2 -std=c++20 -stdlib=libc++ -pipe  -I/opt/homebrew/opt/boost/include  -L/opt/homebrew/opt/boost conftest.o -lboost_graph-d-1_78  >&5
ld: library not found for -lboost_graph-d-1_78
clang: error: linker command failed with exit code 1 (use -v to see invocation)
configure:19323: $? = 1
configure:19308: re-using the existing conftest.o
configure:19314: g++ -o conftest -g -O2 -std=c++20 -stdlib=libc++ -pipe  -I/opt/homebrew/opt/boost/include  -L/opt/homebrew/opt/boost/lib conftest.o -lboost_graph-mt  >&5
configure:19323: $? = 0
configure:19371: re-using the existing conftest.o
configure:19377: g++ -o conftest -g -O2 -std=c++20 -stdlib=libc++ -pipe  -I/opt/homebrew/opt/boost/include  -L/opt/homebrew/opt/boost/lib -Wl,-R,/opt/homebrew/opt/boost/lib conftest.o  -lboost_graph-mt >&5
ld: unknown option: -R
clang: error: linker command failed with exit code 1 (use -v to see invocation)
configure:19386: $? = 1
configure:19371: re-using the existing conftest.o
configure:19377: g++ -o conftest -g -O2 -std=c++20 -stdlib=libc++ -pipe  -I/opt/homebrew/opt/boost/include  -L/opt/homebrew/opt/boost/lib -Wl,-rpath,/opt/homebrew/opt/boost/lib conftest.o  -lboost_graph-mt >&5
configure:19386: $? = 0
configure:19438: result: yes
configure:19481: checking for boost/program_options.hpp
configure:19481: g++ -c -g -O2 -std=c++20 -stdlib=libc++ -pipe  -I/opt/homebrew/opt/boost/include conftest.cpp >&5
configure:19481: $? = 0
configure:19481: result: yes
configure:19501: checking for the Boost program_options library
configure:19544: g++ -c -g -O2 -std=c++20 -stdlib=libc++ -pipe  -I/opt/homebrew/opt/boost/include conftest.cpp >&5
configure:19544: $? = 0
configure:19600: re-using the existing conftest.o
configure:19606: g++ -o conftest -g -O2 -std=c++20 -stdlib=libc++ -pipe  -I/opt/homebrew/opt/boost/include  -L/opt/homebrew/opt/boost/lib conftest.o -lboost_program_options-xgcc42-mt-1_78  >&5
ld: library not found for -lboost_program_options-xgcc42-mt-1_78
clang: error: linker command failed with exit code 1 (use -v to see invocation)
configure:19615: $? = 1
configure:19600: re-using the existing conftest.o
configure:19606: g++ -o conftest -g -O2 -std=c++20 -stdlib=libc++ -pipe  -I/opt/homebrew/opt/boost/include  conftest.o -lboost_program_options-xgcc42-mt-1_78  >&5
ld: library not found for -lboost_program_options-xgcc42-mt-1_78
clang: error: linker command failed with exit code 1 (use -v to see invocation)
configure:19615: $? = 1
configure:19600: re-using the existing conftest.o
configure:19606: g++ -o conftest -g -O2 -std=c++20 -stdlib=libc++ -pipe  -I/opt/homebrew/opt/boost/include  -L/usr/local/lib conftest.o -lboost_program_options-xgcc42-mt-1_78  >&5
ld: library not found for -lboost_program_options-xgcc42-mt-1_78
clang: error: linker command failed with exit code 1 (use -v to see invocation)
configure:19615: $? = 1
configure:19600: re-using the existing conftest.o
configure:19606: g++ -o conftest -g -O2 -std=c++20 -stdlib=libc++ -pipe  -I/opt/homebrew/opt/boost/include  -L/usr/lib conftest.o -lboost_program_options-xgcc42-mt-1_78  >&5
ld: library not found for -lboost_program_options-xgcc42-mt-1_78
clang: error: linker command failed with exit code 1 (use -v to see invocation)
configure:19615: $? = 1
configure:19600: re-using the existing conftest.o
configure:19606: g++ -o conftest -g -O2 -std=c++20 -stdlib=libc++ -pipe  -I/opt/homebrew/opt/boost/include  -L/usr/libexec conftest.o -lboost_program_options-xgcc42-mt-1_78  >&5
ld: library not found for -lboost_program_options-xgcc42-mt-1_78
clang: error: linker command failed with exit code 1 (use -v to see invocation)
configure:19615: $? = 1
configure:19600: re-using the existing conftest.o
configure:19606: g++ -o conftest -g -O2 -std=c++20 -stdlib=libc++ -pipe  -I/opt/homebrew/opt/boost/include  -L/opt/homebrew/opt/boost conftest.o -lboost_program_options-xgcc42-mt-1_78  >&5
ld: library not found for -lboost_program_options-xgcc42-mt-1_78
clang: error: linker command failed with exit code 1 (use -v to see invocation)
configure:19615: $? = 1
configure:19600: re-using the existing conftest.o
configure:19606: g++ -o conftest -g -O2 -std=c++20 -stdlib=libc++ -pipe  -I/opt/homebrew/opt/boost/include  -L/opt/homebrew/opt/boost/lib conftest.o -lboost_program_options-xgcc42-1_78  >&5
ld: library not found for -lboost_program_options-xgcc42-1_78
clang: error: linker command failed with exit code 1 (use -v to see invocation)
configure:19615: $? = 1
configure:19600: re-using the existing conftest.o
configure:19606: g++ -o conftest -g -O2 -std=c++20 -stdlib=libc++ -pipe  -I/opt/homebrew/opt/boost/include  conftest.o -lboost_program_options-xgcc42-1_78  >&5
ld: library not found for -lboost_program_options-xgcc42-1_78
clang: error: linker command failed with exit code 1 (use -v to see invocation)
configure:19615: $? = 1
configure:19600: re-using the existing conftest.o
configure:19606: g++ -o conftest -g -O2 -std=c++20 -stdlib=libc++ -pipe  -I/opt/homebrew/opt/boost/include  -L/usr/local/lib conftest.o -lboost_program_options-xgcc42-1_78  >&5
ld: library not found for -lboost_program_options-xgcc42-1_78
clang: error: linker command failed with exit code 1 (use -v to see invocation)
configure:19615: $? = 1
configure:19600: re-using the existing conftest.o
configure:19606: g++ -o conftest -g -O2 -std=c++20 -stdlib=libc++ -pipe  -I/opt/homebrew/opt/boost/include  -L/usr/lib conftest.o -lboost_program_options-xgcc42-1_78  >&5
ld: library not found for -lboost_program_options-xgcc42-1_78
clang: error: linker command failed with exit code 1 (use -v to see invocation)
configure:19615: $? = 1
configure:19600: re-using the existing conftest.o
configure:19606: g++ -o conftest -g -O2 -std=c++20 -stdlib=libc++ -pipe  -I/opt/homebrew/opt/boost/include  -L/usr/libexec conftest.o -lboost_program_options-xgcc42-1_78  >&5
ld: library not found for -lboost_program_options-xgcc42-1_78
clang: error: linker command failed with exit code 1 (use -v to see invocation)
configure:19615: $? = 1
configure:19600: re-using the existing conftest.o
configure:19606: g++ -o conftest -g -O2 -std=c++20 -stdlib=libc++ -pipe  -I/opt/homebrew/opt/boost/include  -L/opt/homebrew/opt/boost conftest.o -lboost_program_options-xgcc42-1_78  >&5
ld: library not found for -lboost_program_options-xgcc42-1_78
clang: error: linker command failed with exit code 1 (use -v to see invocation)
configure:19615: $? = 1
configure:19600: re-using the existing conftest.o
configure:19606: g++ -o conftest -g -O2 -std=c++20 -stdlib=libc++ -pipe  -I/opt/homebrew/opt/boost/include  -L/opt/homebrew/opt/boost/lib conftest.o -lboost_program_options-xgcc42-mt-d-1_78  >&5
ld: library not found for -lboost_program_options-xgcc42-mt-d-1_78
clang: error: linker command failed with exit code 1 (use -v to see invocation)
configure:19615: $? = 1
configure:19600: re-using the existing conftest.o
configure:19606: g++ -o conftest -g -O2 -std=c++20 -stdlib=libc++ -pipe  -I/opt/homebrew/opt/boost/include  conftest.o -lboost_program_options-xgcc42-mt-d-1_78  >&5
ld: library not found for -lboost_program_options-xgcc42-mt-d-1_78
clang: error: linker command failed with exit code 1 (use -v to see invocation)
configure:19615: $? = 1
configure:19600: re-using the existing conftest.o
configure:19606: g++ -o conftest -g -O2 -std=c++20 -stdlib=libc++ -pipe  -I/opt/homebrew/opt/boost/include  -L/usr/local/lib conftest.o -lboost_program_options-xgcc42-mt-d-1_78  >&5
ld: library not found for -lboost_program_options-xgcc42-mt-d-1_78
clang: error: linker command failed with exit code 1 (use -v to see invocation)
configure:19615: $? = 1
configure:19600: re-using the existing conftest.o
configure:19606: g++ -o conftest -g -O2 -std=c++20 -stdlib=libc++ -pipe  -I/opt/homebrew/opt/boost/include  -L/usr/lib conftest.o -lboost_program_options-xgcc42-mt-d-1_78  >&5
ld: library not found for -lboost_program_options-xgcc42-mt-d-1_78
clang: error: linker command failed with exit code 1 (use -v to see invocation)
configure:19615: $? = 1
configure:19600: re-using the existing conftest.o
configure:19606: g++ -o conftest -g -O2 -std=c++20 -stdlib=libc++ -pipe  -I/opt/homebrew/opt/boost/include  -L/usr/libexec conftest.o -lboost_program_options-xgcc42-mt-d-1_78  >&5
ld: library not found for -lboost_program_options-xgcc42-mt-d-1_78
clang: error: linker command failed with exit code 1 (use -v to see invocation)
configure:19615: $? = 1
configure:19600: re-using the existing conftest.o
configure:19606: g++ -o conftest -g -O2 -std=c++20 -stdlib=libc++ -pipe  -I/opt/homebrew/opt/boost/include  -L/opt/homebrew/opt/boost conftest.o -lboost_program_options-xgcc42-mt-d-1_78  >&5
ld: library not found for -lboost_program_options-xgcc42-mt-d-1_78
clang: error: linker command failed with exit code 1 (use -v to see invocation)
configure:19615: $? = 1
configure:19600: re-using the existing conftest.o
configure:19606: g++ -o conftest -g -O2 -std=c++20 -stdlib=libc++ -pipe  -I/opt/homebrew/opt/boost/include  -L/opt/homebrew/opt/boost/lib conftest.o -lboost_program_options-xgcc42-d-1_78  >&5
ld: library not found for -lboost_program_options-xgcc42-d-1_78
clang: error: linker command failed with exit code 1 (use -v to see invocation)
configure:19615: $? = 1
configure:19600: re-using the existing conftest.o
configure:19606: g++ -o conftest -g -O2 -std=c++20 -stdlib=libc++ -pipe  -I/opt/homebrew/opt/boost/include  conftest.o -lboost_program_options-xgcc42-d-1_78  >&5
ld: library not found for -lboost_program_options-xgcc42-d-1_78
clang: error: linker command failed with exit code 1 (use -v to see invocation)
configure:19615: $? = 1
configure:19600: re-using the existing conftest.o
configure:19606: g++ -o conftest -g -O2 -std=c++20 -stdlib=libc++ -pipe  -I/opt/homebrew/opt/boost/include  -L/usr/local/lib conftest.o -lboost_program_options-xgcc42-d-1_78  >&5
ld: library not found for -lboost_program_options-xgcc42-d-1_78
clang: error: linker command failed with exit code 1 (use -v to see invocation)
configure:19615: $? = 1
configure:19600: re-using the existing conftest.o
configure:19606: g++ -o conftest -g -O2 -std=c++20 -stdlib=libc++ -pipe  -I/opt/homebrew/opt/boost/include  -L/usr/lib conftest.o -lboost_program_options-xgcc42-d-1_78  >&5
ld: library not found for -lboost_program_options-xgcc42-d-1_78
clang: error: linker command failed with exit code 1 (use -v to see invocation)
configure:19615: $? = 1
configure:19600: re-using the existing conftest.o
configure:19606: g++ -o conftest -g -O2 -std=c++20 -stdlib=libc++ -pipe  -I/opt/homebrew/opt/boost/include  -L/usr/libexec conftest.o -lboost_program_options-xgcc42-d-1_78  >&5
ld: library not found for -lboost_program_options-xgcc42-d-1_78
clang: error: linker command failed with exit code 1 (use -v to see invocation)
configure:19615: $? = 1
configure:19600: re-using the existing conftest.o
configure:19606: g++ -o conftest -g -O2 -std=c++20 -stdlib=libc++ -pipe  -I/opt/homebrew/opt/boost/include  -L/opt/homebrew/opt/boost conftest.o -lboost_program_options-xgcc42-d-1_78  >&5
ld: library not found for -lboost_program_options-xgcc42-d-1_78
clang: error: linker command failed with exit code 1 (use -v to see invocation)
configure:19615: $? = 1
configure:19600: re-using the existing conftest.o
configure:19606: g++ -o conftest -g -O2 -std=c++20 -stdlib=libc++ -pipe  -I/opt/homebrew/opt/boost/include  -L/opt/homebrew/opt/boost/lib conftest.o -lboost_program_options-xgcc42-mt  >&5
ld: library not found for -lboost_program_options-xgcc42-mt
clang: error: linker command failed with exit code 1 (use -v to see invocation)
configure:19615: $? = 1
configure:19600: re-using the existing conftest.o
configure:19606: g++ -o conftest -g -O2 -std=c++20 -stdlib=libc++ -pipe  -I/opt/homebrew/opt/boost/include  conftest.o -lboost_program_options-xgcc42-mt  >&5
ld: library not found for -lboost_program_options-xgcc42-mt
clang: error: linker command failed with exit code 1 (use -v to see invocation)
configure:19615: $? = 1
configure:19600: re-using the existing conftest.o
configure:19606: g++ -o conftest -g -O2 -std=c++20 -stdlib=libc++ -pipe  -I/opt/homebrew/opt/boost/include  -L/usr/local/lib conftest.o -lboost_program_options-xgcc42-mt  >&5
ld: library not found for -lboost_program_options-xgcc42-mt
clang: error: linker command failed with exit code 1 (use -v to see invocation)
configure:19615: $? = 1
configure:19600: re-using the existing conftest.o
configure:19606: g++ -o conftest -g -O2 -std=c++20 -stdlib=libc++ -pipe  -I/opt/homebrew/opt/boost/include  -L/usr/lib conftest.o -lboost_program_options-xgcc42-mt  >&5
ld: library not found for -lboost_program_options-xgcc42-mt
clang: error: linker command failed with exit code 1 (use -v to see invocation)
configure:19615: $? = 1
configure:19600: re-using the existing conftest.o
configure:19606: g++ -o conftest -g -O2 -std=c++20 -stdlib=libc++ -pipe  -I/opt/homebrew/opt/boost/include  -L/usr/libexec conftest.o -lboost_program_options-xgcc42-mt  >&5
ld: library not found for -lboost_program_options-xgcc42-mt
clang: error: linker command failed with exit code 1 (use -v to see invocation)
configure:19615: $? = 1
configure:19600: re-using the existing conftest.o
configure:19606: g++ -o conftest -g -O2 -std=c++20 -stdlib=libc++ -pipe  -I/opt/homebrew/opt/boost/include  -L/opt/homebrew/opt/boost conftest.o -lboost_program_options-xgcc42-mt  >&5
ld: library not found for -lboost_program_options-xgcc42-mt
clang: error: linker command failed with exit code 1 (use -v to see invocation)
configure:19615: $? = 1
configure:19600: re-using the existing conftest.o
configure:19606: g++ -o conftest -g -O2 -std=c++20 -stdlib=libc++ -pipe  -I/opt/homebrew/opt/boost/include  -L/opt/homebrew/opt/boost/lib conftest.o -lboost_program_options-xgcc42  >&5
ld: library not found for -lboost_program_options-xgcc42
clang: error: linker command failed with exit code 1 (use -v to see invocation)
configure:19615: $? = 1
configure:19600: re-using the existing conftest.o
configure:19606: g++ -o conftest -g -O2 -std=c++20 -stdlib=libc++ -pipe  -I/opt/homebrew/opt/boost/include  conftest.o -lboost_program_options-xgcc42  >&5
ld: library not found for -lboost_program_options-xgcc42
clang: error: linker command failed with exit code 1 (use -v to see invocation)
configure:19615: $? = 1
configure:19600: re-using the existing conftest.o
configure:19606: g++ -o conftest -g -O2 -std=c++20 -stdlib=libc++ -pipe  -I/opt/homebrew/opt/boost/include  -L/usr/local/lib conftest.o -lboost_program_options-xgcc42  >&5
ld: library not found for -lboost_program_options-xgcc42
clang: error: linker command failed with exit code 1 (use -v to see invocation)
configure:19615: $? = 1
configure:19600: re-using the existing conftest.o
configure:19606: g++ -o conftest -g -O2 -std=c++20 -stdlib=libc++ -pipe  -I/opt/homebrew/opt/boost/include  -L/usr/lib conftest.o -lboost_program_options-xgcc42  >&5
ld: library not found for -lboost_program_options-xgcc42
clang: error: linker command failed with exit code 1 (use -v to see invocation)
configure:19615: $? = 1
configure:19600: re-using the existing conftest.o
configure:19606: g++ -o conftest -g -O2 -std=c++20 -stdlib=libc++ -pipe  -I/opt/homebrew/opt/boost/include  -L/usr/libexec conftest.o -lboost_program_options-xgcc42  >&5
ld: library not found for -lboost_program_options-xgcc42
clang: error: linker command failed with exit code 1 (use -v to see invocation)
configure:19615: $? = 1
configure:19600: re-using the existing conftest.o
configure:19606: g++ -o conftest -g -O2 -std=c++20 -stdlib=libc++ -pipe  -I/opt/homebrew/opt/boost/include  -L/opt/homebrew/opt/boost conftest.o -lboost_program_options-xgcc42  >&5
ld: library not found for -lboost_program_options-xgcc42
clang: error: linker command failed with exit code 1 (use -v to see invocation)
configure:19615: $? = 1
configure:19600: re-using the existing conftest.o
configure:19606: g++ -o conftest -g -O2 -std=c++20 -stdlib=libc++ -pipe  -I/opt/homebrew/opt/boost/include  -L/opt/homebrew/opt/boost/lib conftest.o -lboost_program_options-xgcc42-mt-d  >&5
ld: library not found for -lboost_program_options-xgcc42-mt-d
clang: error: linker command failed with exit code 1 (use -v to see invocation)
configure:19615: $? = 1
configure:19600: re-using the existing conftest.o
configure:19606: g++ -o conftest -g -O2 -std=c++20 -stdlib=libc++ -pipe  -I/opt/homebrew/opt/boost/include  conftest.o -lboost_program_options-xgcc42-mt-d  >&5
ld: library not found for -lboost_program_options-xgcc42-mt-d
clang: error: linker command failed with exit code 1 (use -v to see invocation)
configure:19615: $? = 1
configure:19600: re-using the existing conftest.o
configure:19606: g++ -o conftest -g -O2 -std=c++20 -stdlib=libc++ -pipe  -I/opt/homebrew/opt/boost/include  -L/usr/local/lib conftest.o -lboost_program_options-xgcc42-mt-d  >&5
ld: library not found for -lboost_program_options-xgcc42-mt-d
clang: error: linker command failed with exit code 1 (use -v to see invocation)
configure:19615: $? = 1
configure:19600: re-using the existing conftest.o
configure:19606: g++ -o conftest -g -O2 -std=c++20 -stdlib=libc++ -pipe  -I/opt/homebrew/opt/boost/include  -L/usr/lib conftest.o -lboost_program_options-xgcc42-mt-d  >&5
ld: library not found for -lboost_program_options-xgcc42-mt-d
clang: error: linker command failed with exit code 1 (use -v to see invocation)
configure:19615: $? = 1
configure:19600: re-using the existing conftest.o
configure:19606: g++ -o conftest -g -O2 -std=c++20 -stdlib=libc++ -pipe  -I/opt/homebrew/opt/boost/include  -L/usr/libexec conftest.o -lboost_program_options-xgcc42-mt-d  >&5
ld: library not found for -lboost_program_options-xgcc42-mt-d
clang: error: linker command failed with exit code 1 (use -v to see invocation)
configure:19615: $? = 1
configure:19600: re-using the existing conftest.o
configure:19606: g++ -o conftest -g -O2 -std=c++20 -stdlib=libc++ -pipe  -I/opt/homebrew/opt/boost/include  -L/opt/homebrew/opt/boost conftest.o -lboost_program_options-xgcc42-mt-d  >&5
ld: library not found for -lboost_program_options-xgcc42-mt-d
clang: error: linker command failed with exit code 1 (use -v to see invocation)
configure:19615: $? = 1
configure:19600: re-using the existing conftest.o
configure:19606: g++ -o conftest -g -O2 -std=c++20 -stdlib=libc++ -pipe  -I/opt/homebrew/opt/boost/include  -L/opt/homebrew/opt/boost/lib conftest.o -lboost_program_options-xgcc42-d  >&5
ld: library not found for -lboost_program_options-xgcc42-d
clang: error: linker command failed with exit code 1 (use -v to see invocation)
configure:19615: $? = 1
configure:19600: re-using the existing conftest.o
configure:19606: g++ -o conftest -g -O2 -std=c++20 -stdlib=libc++ -pipe  -I/opt/homebrew/opt/boost/include  conftest.o -lboost_program_options-xgcc42-d  >&5
ld: library not found for -lboost_program_options-xgcc42-d
clang: error: linker command failed with exit code 1 (use -v to see invocation)
configure:19615: $? = 1
configure:19600: re-using the existing conftest.o
configure:19606: g++ -o conftest -g -O2 -std=c++20 -stdlib=libc++ -pipe  -I/opt/homebrew/opt/boost/include  -L/usr/local/lib conftest.o -lboost_program_options-xgcc42-d  >&5
ld: library not found for -lboost_program_options-xgcc42-d
clang: error: linker command failed with exit code 1 (use -v to see invocation)
configure:19615: $? = 1
configure:19600: re-using the existing conftest.o
configure:19606: g++ -o conftest -g -O2 -std=c++20 -stdlib=libc++ -pipe  -I/opt/homebrew/opt/boost/include  -L/usr/lib conftest.o -lboost_program_options-xgcc42-d  >&5
ld: library not found for -lboost_program_options-xgcc42-d
clang: error: linker command failed with exit code 1 (use -v to see invocation)
configure:19615: $? = 1
configure:19600: re-using the existing conftest.o
configure:19606: g++ -o conftest -g -O2 -std=c++20 -stdlib=libc++ -pipe  -I/opt/homebrew/opt/boost/include  -L/usr/libexec conftest.o -lboost_program_options-xgcc42-d  >&5
ld: library not found for -lboost_program_options-xgcc42-d
clang: error: linker command failed with exit code 1 (use -v to see invocation)
configure:19615: $? = 1
configure:19600: re-using the existing conftest.o
configure:19606: g++ -o conftest -g -O2 -std=c++20 -stdlib=libc++ -pipe  -I/opt/homebrew/opt/boost/include  -L/opt/homebrew/opt/boost conftest.o -lboost_program_options-xgcc42-d  >&5
ld: library not found for -lboost_program_options-xgcc42-d
clang: error: linker command failed with exit code 1 (use -v to see invocation)
configure:19615: $? = 1
configure:19600: re-using the existing conftest.o
configure:19606: g++ -o conftest -g -O2 -std=c++20 -stdlib=libc++ -pipe  -I/opt/homebrew/opt/boost/include  -L/opt/homebrew/opt/boost/lib conftest.o -lboost_program_options-xgcc-mt-1_78  >&5
ld: library not found for -lboost_program_options-xgcc-mt-1_78
clang: error: linker command failed with exit code 1 (use -v to see invocation)
configure:19615: $? = 1
configure:19600: re-using the existing conftest.o
configure:19606: g++ -o conftest -g -O2 -std=c++20 -stdlib=libc++ -pipe  -I/opt/homebrew/opt/boost/include  conftest.o -lboost_program_options-xgcc-mt-1_78  >&5
ld: library not found for -lboost_program_options-xgcc-mt-1_78
clang: error: linker command failed with exit code 1 (use -v to see invocation)
configure:19615: $? = 1
configure:19600: re-using the existing conftest.o
configure:19606: g++ -o conftest -g -O2 -std=c++20 -stdlib=libc++ -pipe  -I/opt/homebrew/opt/boost/include  -L/usr/local/lib conftest.o -lboost_program_options-xgcc-mt-1_78  >&5
ld: library not found for -lboost_program_options-xgcc-mt-1_78
clang: error: linker command failed with exit code 1 (use -v to see invocation)
configure:19615: $? = 1
configure:19600: re-using the existing conftest.o
configure:19606: g++ -o conftest -g -O2 -std=c++20 -stdlib=libc++ -pipe  -I/opt/homebrew/opt/boost/include  -L/usr/lib conftest.o -lboost_program_options-xgcc-mt-1_78  >&5
ld: library not found for -lboost_program_options-xgcc-mt-1_78
clang: error: linker command failed with exit code 1 (use -v to see invocation)
configure:19615: $? = 1
configure:19600: re-using the existing conftest.o
configure:19606: g++ -o conftest -g -O2 -std=c++20 -stdlib=libc++ -pipe  -I/opt/homebrew/opt/boost/include  -L/usr/libexec conftest.o -lboost_program_options-xgcc-mt-1_78  >&5
ld: library not found for -lboost_program_options-xgcc-mt-1_78
clang: error: linker command failed with exit code 1 (use -v to see invocation)
configure:19615: $? = 1
configure:19600: re-using the existing conftest.o
configure:19606: g++ -o conftest -g -O2 -std=c++20 -stdlib=libc++ -pipe  -I/opt/homebrew/opt/boost/include  -L/opt/homebrew/opt/boost conftest.o -lboost_program_options-xgcc-mt-1_78  >&5
ld: library not found for -lboost_program_options-xgcc-mt-1_78
clang: error: linker command failed with exit code 1 (use -v to see invocation)
configure:19615: $? = 1
configure:19600: re-using the existing conftest.o
configure:19606: g++ -o conftest -g -O2 -std=c++20 -stdlib=libc++ -pipe  -I/opt/homebrew/opt/boost/include  -L/opt/homebrew/opt/boost/lib conftest.o -lboost_program_options-xgcc-1_78  >&5
ld: library not found for -lboost_program_options-xgcc-1_78
clang: error: linker command failed with exit code 1 (use -v to see invocation)
configure:19615: $? = 1
configure:19600: re-using the existing conftest.o
configure:19606: g++ -o conftest -g -O2 -std=c++20 -stdlib=libc++ -pipe  -I/opt/homebrew/opt/boost/include  conftest.o -lboost_program_options-xgcc-1_78  >&5
ld: library not found for -lboost_program_options-xgcc-1_78
clang: error: linker command failed with exit code 1 (use -v to see invocation)
configure:19615: $? = 1
configure:19600: re-using the existing conftest.o
configure:19606: g++ -o conftest -g -O2 -std=c++20 -stdlib=libc++ -pipe  -I/opt/homebrew/opt/boost/include  -L/usr/local/lib conftest.o -lboost_program_options-xgcc-1_78  >&5
ld: library not found for -lboost_program_options-xgcc-1_78
clang: error: linker command failed with exit code 1 (use -v to see invocation)
configure:19615: $? = 1
configure:19600: re-using the existing conftest.o
configure:19606: g++ -o conftest -g -O2 -std=c++20 -stdlib=libc++ -pipe  -I/opt/homebrew/opt/boost/include  -L/usr/lib conftest.o -lboost_program_options-xgcc-1_78  >&5
ld: library not found for -lboost_program_options-xgcc-1_78
clang: error: linker command failed with exit code 1 (use -v to see invocation)
configure:19615: $? = 1
configure:19600: re-using the existing conftest.o
configure:19606: g++ -o conftest -g -O2 -std=c++20 -stdlib=libc++ -pipe  -I/opt/homebrew/opt/boost/include  -L/usr/libexec conftest.o -lboost_program_options-xgcc-1_78  >&5
ld: library not found for -lboost_program_options-xgcc-1_78
clang: error: linker command failed with exit code 1 (use -v to see invocation)
configure:19615: $? = 1
configure:19600: re-using the existing conftest.o
configure:19606: g++ -o conftest -g -O2 -std=c++20 -stdlib=libc++ -pipe  -I/opt/homebrew/opt/boost/include  -L/opt/homebrew/opt/boost conftest.o -lboost_program_options-xgcc-1_78  >&5
ld: library not found for -lboost_program_options-xgcc-1_78
clang: error: linker command failed with exit code 1 (use -v to see invocation)
configure:19615: $? = 1
configure:19600: re-using the existing conftest.o
configure:19606: g++ -o conftest -g -O2 -std=c++20 -stdlib=libc++ -pipe  -I/opt/homebrew/opt/boost/include  -L/opt/homebrew/opt/boost/lib conftest.o -lboost_program_options-xgcc-mt-d-1_78  >&5
ld: library not found for -lboost_program_options-xgcc-mt-d-1_78
clang: error: linker command failed with exit code 1 (use -v to see invocation)
configure:19615: $? = 1
configure:19600: re-using the existing conftest.o
configure:19606: g++ -o conftest -g -O2 -std=c++20 -stdlib=libc++ -pipe  -I/opt/homebrew/opt/boost/include  conftest.o -lboost_program_options-xgcc-mt-d-1_78  >&5
ld: library not found for -lboost_program_options-xgcc-mt-d-1_78
clang: error: linker command failed with exit code 1 (use -v to see invocation)
configure:19615: $? = 1
configure:19600: re-using the existing conftest.o
configure:19606: g++ -o conftest -g -O2 -std=c++20 -stdlib=libc++ -pipe  -I/opt/homebrew/opt/boost/include  -L/usr/local/lib conftest.o -lboost_program_options-xgcc-mt-d-1_78  >&5
ld: library not found for -lboost_program_options-xgcc-mt-d-1_78
clang: error: linker command failed with exit code 1 (use -v to see invocation)
configure:19615: $? = 1
configure:19600: re-using the existing conftest.o
configure:19606: g++ -o conftest -g -O2 -std=c++20 -stdlib=libc++ -pipe  -I/opt/homebrew/opt/boost/include  -L/usr/lib conftest.o -lboost_program_options-xgcc-mt-d-1_78  >&5
ld: library not found for -lboost_program_options-xgcc-mt-d-1_78
clang: error: linker command failed with exit code 1 (use -v to see invocation)
configure:19615: $? = 1
configure:19600: re-using the existing conftest.o
configure:19606: g++ -o conftest -g -O2 -std=c++20 -stdlib=libc++ -pipe  -I/opt/homebrew/opt/boost/include  -L/usr/libexec conftest.o -lboost_program_options-xgcc-mt-d-1_78  >&5
ld: library not found for -lboost_program_options-xgcc-mt-d-1_78
clang: error: linker command failed with exit code 1 (use -v to see invocation)
configure:19615: $? = 1
configure:19600: re-using the existing conftest.o
configure:19606: g++ -o conftest -g -O2 -std=c++20 -stdlib=libc++ -pipe  -I/opt/homebrew/opt/boost/include  -L/opt/homebrew/opt/boost conftest.o -lboost_program_options-xgcc-mt-d-1_78  >&5
ld: library not found for -lboost_program_options-xgcc-mt-d-1_78
clang: error: linker command failed with exit code 1 (use -v to see invocation)
configure:19615: $? = 1
configure:19600: re-using the existing conftest.o
configure:19606: g++ -o conftest -g -O2 -std=c++20 -stdlib=libc++ -pipe  -I/opt/homebrew/opt/boost/include  -L/opt/homebrew/opt/boost/lib conftest.o -lboost_program_options-xgcc-d-1_78  >&5
ld: library not found for -lboost_program_options-xgcc-d-1_78
clang: error: linker command failed with exit code 1 (use -v to see invocation)
configure:19615: $? = 1
configure:19600: re-using the existing conftest.o
configure:19606: g++ -o conftest -g -O2 -std=c++20 -stdlib=libc++ -pipe  -I/opt/homebrew/opt/boost/include  conftest.o -lboost_program_options-xgcc-d-1_78  >&5
ld: library not found for -lboost_program_options-xgcc-d-1_78
clang: error: linker command failed with exit code 1 (use -v to see invocation)
configure:19615: $? = 1
configure:19600: re-using the existing conftest.o
configure:19606: g++ -o conftest -g -O2 -std=c++20 -stdlib=libc++ -pipe  -I/opt/homebrew/opt/boost/include  -L/usr/local/lib conftest.o -lboost_program_options-xgcc-d-1_78  >&5
ld: library not found for -lboost_program_options-xgcc-d-1_78
clang: error: linker command failed with exit code 1 (use -v to see invocation)
configure:19615: $? = 1
configure:19600: re-using the existing conftest.o
configure:19606: g++ -o conftest -g -O2 -std=c++20 -stdlib=libc++ -pipe  -I/opt/homebrew/opt/boost/include  -L/usr/lib conftest.o -lboost_program_options-xgcc-d-1_78  >&5
ld: library not found for -lboost_program_options-xgcc-d-1_78
clang: error: linker command failed with exit code 1 (use -v to see invocation)
configure:19615: $? = 1
configure:19600: re-using the existing conftest.o
configure:19606: g++ -o conftest -g -O2 -std=c++20 -stdlib=libc++ -pipe  -I/opt/homebrew/opt/boost/include  -L/usr/libexec conftest.o -lboost_program_options-xgcc-d-1_78  >&5
ld: library not found for -lboost_program_options-xgcc-d-1_78
clang: error: linker command failed with exit code 1 (use -v to see invocation)
configure:19615: $? = 1
configure:19600: re-using the existing conftest.o
configure:19606: g++ -o conftest -g -O2 -std=c++20 -stdlib=libc++ -pipe  -I/opt/homebrew/opt/boost/include  -L/opt/homebrew/opt/boost conftest.o -lboost_program_options-xgcc-d-1_78  >&5
ld: library not found for -lboost_program_options-xgcc-d-1_78
clang: error: linker command failed with exit code 1 (use -v to see invocation)
configure:19615: $? = 1
configure:19600: re-using the existing conftest.o
configure:19606: g++ -o conftest -g -O2 -std=c++20 -stdlib=libc++ -pipe  -I/opt/homebrew/opt/boost/include  -L/opt/homebrew/opt/boost/lib conftest.o -lboost_program_options-xgcc-mt  >&5
ld: library not found for -lboost_program_options-xgcc-mt
clang: error: linker command failed with exit code 1 (use -v to see invocation)
configure:19615: $? = 1
configure:19600: re-using the existing conftest.o
configure:19606: g++ -o conftest -g -O2 -std=c++20 -stdlib=libc++ -pipe  -I/opt/homebrew/opt/boost/include  conftest.o -lboost_program_options-xgcc-mt  >&5
ld: library not found for -lboost_program_options-xgcc-mt
clang: error: linker command failed with exit code 1 (use -v to see invocation)
configure:19615: $? = 1
configure:19600: re-using the existing conftest.o
configure:19606: g++ -o conftest -g -O2 -std=c++20 -stdlib=libc++ -pipe  -I/opt/homebrew/opt/boost/include  -L/usr/local/lib conftest.o -lboost_program_options-xgcc-mt  >&5
ld: library not found for -lboost_program_options-xgcc-mt
clang: error: linker command failed with exit code 1 (use -v to see invocation)
configure:19615: $? = 1
configure:19600: re-using the existing conftest.o
configure:19606: g++ -o conftest -g -O2 -std=c++20 -stdlib=libc++ -pipe  -I/opt/homebrew/opt/boost/include  -L/usr/lib conftest.o -lboost_program_options-xgcc-mt  >&5
ld: library not found for -lboost_program_options-xgcc-mt
clang: error: linker command failed with exit code 1 (use -v to see invocation)
configure:19615: $? = 1
configure:19600: re-using the existing conftest.o
configure:19606: g++ -o conftest -g -O2 -std=c++20 -stdlib=libc++ -pipe  -I/opt/homebrew/opt/boost/include  -L/usr/libexec conftest.o -lboost_program_options-xgcc-mt  >&5
ld: library not found for -lboost_program_options-xgcc-mt
clang: error: linker command failed with exit code 1 (use -v to see invocation)
configure:19615: $? = 1
configure:19600: re-using the existing conftest.o
configure:19606: g++ -o conftest -g -O2 -std=c++20 -stdlib=libc++ -pipe  -I/opt/homebrew/opt/boost/include  -L/opt/homebrew/opt/boost conftest.o -lboost_program_options-xgcc-mt  >&5
ld: library not found for -lboost_program_options-xgcc-mt
clang: error: linker command failed with exit code 1 (use -v to see invocation)
configure:19615: $? = 1
configure:19600: re-using the existing conftest.o
configure:19606: g++ -o conftest -g -O2 -std=c++20 -stdlib=libc++ -pipe  -I/opt/homebrew/opt/boost/include  -L/opt/homebrew/opt/boost/lib conftest.o -lboost_program_options-xgcc  >&5
ld: library not found for -lboost_program_options-xgcc
clang: error: linker command failed with exit code 1 (use -v to see invocation)
configure:19615: $? = 1
configure:19600: re-using the existing conftest.o
configure:19606: g++ -o conftest -g -O2 -std=c++20 -stdlib=libc++ -pipe  -I/opt/homebrew/opt/boost/include  conftest.o -lboost_program_options-xgcc  >&5
ld: library not found for -lboost_program_options-xgcc
clang: error: linker command failed with exit code 1 (use -v to see invocation)
configure:19615: $? = 1
configure:19600: re-using the existing conftest.o
configure:19606: g++ -o conftest -g -O2 -std=c++20 -stdlib=libc++ -pipe  -I/opt/homebrew/opt/boost/include  -L/usr/local/lib conftest.o -lboost_program_options-xgcc  >&5
ld: library not found for -lboost_program_options-xgcc
clang: error: linker command failed with exit code 1 (use -v to see invocation)
configure:19615: $? = 1
configure:19600: re-using the existing conftest.o
configure:19606: g++ -o conftest -g -O2 -std=c++20 -stdlib=libc++ -pipe  -I/opt/homebrew/opt/boost/include  -L/usr/lib conftest.o -lboost_program_options-xgcc  >&5
ld: library not found for -lboost_program_options-xgcc
clang: error: linker command failed with exit code 1 (use -v to see invocation)
configure:19615: $? = 1
configure:19600: re-using the existing conftest.o
configure:19606: g++ -o conftest -g -O2 -std=c++20 -stdlib=libc++ -pipe  -I/opt/homebrew/opt/boost/include  -L/usr/libexec conftest.o -lboost_program_options-xgcc  >&5
ld: library not found for -lboost_program_options-xgcc
clang: error: linker command failed with exit code 1 (use -v to see invocation)
configure:19615: $? = 1
configure:19600: re-using the existing conftest.o
configure:19606: g++ -o conftest -g -O2 -std=c++20 -stdlib=libc++ -pipe  -I/opt/homebrew/opt/boost/include  -L/opt/homebrew/opt/boost conftest.o -lboost_program_options-xgcc  >&5
ld: library not found for -lboost_program_options-xgcc
clang: error: linker command failed with exit code 1 (use -v to see invocation)
configure:19615: $? = 1
configure:19600: re-using the existing conftest.o
configure:19606: g++ -o conftest -g -O2 -std=c++20 -stdlib=libc++ -pipe  -I/opt/homebrew/opt/boost/include  -L/opt/homebrew/opt/boost/lib conftest.o -lboost_program_options-xgcc-mt-d  >&5
ld: library not found for -lboost_program_options-xgcc-mt-d
clang: error: linker command failed with exit code 1 (use -v to see invocation)
configure:19615: $? = 1
configure:19600: re-using the existing conftest.o
configure:19606: g++ -o conftest -g -O2 -std=c++20 -stdlib=libc++ -pipe  -I/opt/homebrew/opt/boost/include  conftest.o -lboost_program_options-xgcc-mt-d  >&5
ld: library not found for -lboost_program_options-xgcc-mt-d
clang: error: linker command failed with exit code 1 (use -v to see invocation)
configure:19615: $? = 1
configure:19600: re-using the existing conftest.o
configure:19606: g++ -o conftest -g -O2 -std=c++20 -stdlib=libc++ -pipe  -I/opt/homebrew/opt/boost/include  -L/usr/local/lib conftest.o -lboost_program_options-xgcc-mt-d  >&5
ld: library not found for -lboost_program_options-xgcc-mt-d
clang: error: linker command failed with exit code 1 (use -v to see invocation)
configure:19615: $? = 1
configure:19600: re-using the existing conftest.o
configure:19606: g++ -o conftest -g -O2 -std=c++20 -stdlib=libc++ -pipe  -I/opt/homebrew/opt/boost/include  -L/usr/lib conftest.o -lboost_program_options-xgcc-mt-d  >&5
ld: library not found for -lboost_program_options-xgcc-mt-d
clang: error: linker command failed with exit code 1 (use -v to see invocation)
configure:19615: $? = 1
configure:19600: re-using the existing conftest.o
configure:19606: g++ -o conftest -g -O2 -std=c++20 -stdlib=libc++ -pipe  -I/opt/homebrew/opt/boost/include  -L/usr/libexec conftest.o -lboost_program_options-xgcc-mt-d  >&5
ld: library not found for -lboost_program_options-xgcc-mt-d
clang: error: linker command failed with exit code 1 (use -v to see invocation)
configure:19615: $? = 1
configure:19600: re-using the existing conftest.o
configure:19606: g++ -o conftest -g -O2 -std=c++20 -stdlib=libc++ -pipe  -I/opt/homebrew/opt/boost/include  -L/opt/homebrew/opt/boost conftest.o -lboost_program_options-xgcc-mt-d  >&5
ld: library not found for -lboost_program_options-xgcc-mt-d
clang: error: linker command failed with exit code 1 (use -v to see invocation)
configure:19615: $? = 1
configure:19600: re-using the existing conftest.o
configure:19606: g++ -o conftest -g -O2 -std=c++20 -stdlib=libc++ -pipe  -I/opt/homebrew/opt/boost/include  -L/opt/homebrew/opt/boost/lib conftest.o -lboost_program_options-xgcc-d  >&5
ld: library not found for -lboost_program_options-xgcc-d
clang: error: linker command failed with exit code 1 (use -v to see invocation)
configure:19615: $? = 1
configure:19600: re-using the existing conftest.o
configure:19606: g++ -o conftest -g -O2 -std=c++20 -stdlib=libc++ -pipe  -I/opt/homebrew/opt/boost/include  conftest.o -lboost_program_options-xgcc-d  >&5
ld: library not found for -lboost_program_options-xgcc-d
clang: error: linker command failed with exit code 1 (use -v to see invocation)
configure:19615: $? = 1
configure:19600: re-using the existing conftest.o
configure:19606: g++ -o conftest -g -O2 -std=c++20 -stdlib=libc++ -pipe  -I/opt/homebrew/opt/boost/include  -L/usr/local/lib conftest.o -lboost_program_options-xgcc-d  >&5
ld: library not found for -lboost_program_options-xgcc-d
clang: error: linker command failed with exit code 1 (use -v to see invocation)
configure:19615: $? = 1
configure:19600: re-using the existing conftest.o
configure:19606: g++ -o conftest -g -O2 -std=c++20 -stdlib=libc++ -pipe  -I/opt/homebrew/opt/boost/include  -L/usr/lib conftest.o -lboost_program_options-xgcc-d  >&5
ld: library not found for -lboost_program_options-xgcc-d
clang: error: linker command failed with exit code 1 (use -v to see invocation)
configure:19615: $? = 1
configure:19600: re-using the existing conftest.o
configure:19606: g++ -o conftest -g -O2 -std=c++20 -stdlib=libc++ -pipe  -I/opt/homebrew/opt/boost/include  -L/usr/libexec conftest.o -lboost_program_options-xgcc-d  >&5
ld: library not found for -lboost_program_options-xgcc-d
clang: error: linker command failed with exit code 1 (use -v to see invocation)
configure:19615: $? = 1
configure:19600: re-using the existing conftest.o
configure:19606: g++ -o conftest -g -O2 -std=c++20 -stdlib=libc++ -pipe  -I/opt/homebrew/opt/boost/include  -L/opt/homebrew/opt/boost conftest.o -lboost_program_options-xgcc-d  >&5
ld: library not found for -lboost_program_options-xgcc-d
clang: error: linker command failed with exit code 1 (use -v to see invocation)
configure:19615: $? = 1
configure:19600: re-using the existing conftest.o
configure:19606: g++ -o conftest -g -O2 -std=c++20 -stdlib=libc++ -pipe  -I/opt/homebrew/opt/boost/include  -L/opt/homebrew/opt/boost/lib conftest.o -lboost_program_options-mt-1_78  >&5
ld: library not found for -lboost_program_options-mt-1_78
clang: error: linker command failed with exit code 1 (use -v to see invocation)
configure:19615: $? = 1
configure:19600: re-using the existing conftest.o
configure:19606: g++ -o conftest -g -O2 -std=c++20 -stdlib=libc++ -pipe  -I/opt/homebrew/opt/boost/include  conftest.o -lboost_program_options-mt-1_78  >&5
ld: library not found for -lboost_program_options-mt-1_78
clang: error: linker command failed with exit code 1 (use -v to see invocation)
configure:19615: $? = 1
configure:19600: re-using the existing conftest.o
configure:19606: g++ -o conftest -g -O2 -std=c++20 -stdlib=libc++ -pipe  -I/opt/homebrew/opt/boost/include  -L/usr/local/lib conftest.o -lboost_program_options-mt-1_78  >&5
ld: library not found for -lboost_program_options-mt-1_78
clang: error: linker command failed with exit code 1 (use -v to see invocation)
configure:19615: $? = 1
configure:19600: re-using the existing conftest.o
configure:19606: g++ -o conftest -g -O2 -std=c++20 -stdlib=libc++ -pipe  -I/opt/homebrew/opt/boost/include  -L/usr/lib conftest.o -lboost_program_options-mt-1_78  >&5
ld: library not found for -lboost_program_options-mt-1_78
clang: error: linker command failed with exit code 1 (use -v to see invocation)
configure:19615: $? = 1
configure:19600: re-using the existing conftest.o
configure:19606: g++ -o conftest -g -O2 -std=c++20 -stdlib=libc++ -pipe  -I/opt/homebrew/opt/boost/include  -L/usr/libexec conftest.o -lboost_program_options-mt-1_78  >&5
ld: library not found for -lboost_program_options-mt-1_78
clang: error: linker command failed with exit code 1 (use -v to see invocation)
configure:19615: $? = 1
configure:19600: re-using the existing conftest.o
configure:19606: g++ -o conftest -g -O2 -std=c++20 -stdlib=libc++ -pipe  -I/opt/homebrew/opt/boost/include  -L/opt/homebrew/opt/boost conftest.o -lboost_program_options-mt-1_78  >&5
ld: library not found for -lboost_program_options-mt-1_78
clang: error: linker command failed with exit code 1 (use -v to see invocation)
configure:19615: $? = 1
configure:19600: re-using the existing conftest.o
configure:19606: g++ -o conftest -g -O2 -std=c++20 -stdlib=libc++ -pipe  -I/opt/homebrew/opt/boost/include  -L/opt/homebrew/opt/boost/lib conftest.o -lboost_program_options-1_78  >&5
ld: library not found for -lboost_program_options-1_78
clang: error: linker command failed with exit code 1 (use -v to see invocation)
configure:19615: $? = 1
configure:19600: re-using the existing conftest.o
configure:19606: g++ -o conftest -g -O2 -std=c++20 -stdlib=libc++ -pipe  -I/opt/homebrew/opt/boost/include  conftest.o -lboost_program_options-1_78  >&5
ld: library not found for -lboost_program_options-1_78
clang: error: linker command failed with exit code 1 (use -v to see invocation)
configure:19615: $? = 1
configure:19600: re-using the existing conftest.o
configure:19606: g++ -o conftest -g -O2 -std=c++20 -stdlib=libc++ -pipe  -I/opt/homebrew/opt/boost/include  -L/usr/local/lib conftest.o -lboost_program_options-1_78  >&5
ld: library not found for -lboost_program_options-1_78
clang: error: linker command failed with exit code 1 (use -v to see invocation)
configure:19615: $? = 1
configure:19600: re-using the existing conftest.o
configure:19606: g++ -o conftest -g -O2 -std=c++20 -stdlib=libc++ -pipe  -I/opt/homebrew/opt/boost/include  -L/usr/lib conftest.o -lboost_program_options-1_78  >&5
ld: library not found for -lboost_program_options-1_78
clang: error: linker command failed with exit code 1 (use -v to see invocation)
configure:19615: $? = 1
configure:19600: re-using the existing conftest.o
configure:19606: g++ -o conftest -g -O2 -std=c++20 -stdlib=libc++ -pipe  -I/opt/homebrew/opt/boost/include  -L/usr/libexec conftest.o -lboost_program_options-1_78  >&5
ld: library not found for -lboost_program_options-1_78
clang: error: linker command failed with exit code 1 (use -v to see invocation)
configure:19615: $? = 1
configure:19600: re-using the existing conftest.o
configure:19606: g++ -o conftest -g -O2 -std=c++20 -stdlib=libc++ -pipe  -I/opt/homebrew/opt/boost/include  -L/opt/homebrew/opt/boost conftest.o -lboost_program_options-1_78  >&5
ld: library not found for -lboost_program_options-1_78
clang: error: linker command failed with exit code 1 (use -v to see invocation)
configure:19615: $? = 1
configure:19600: re-using the existing conftest.o
configure:19606: g++ -o conftest -g -O2 -std=c++20 -stdlib=libc++ -pipe  -I/opt/homebrew/opt/boost/include  -L/opt/homebrew/opt/boost/lib conftest.o -lboost_program_options-mt-d-1_78  >&5
ld: library not found for -lboost_program_options-mt-d-1_78
clang: error: linker command failed with exit code 1 (use -v to see invocation)
configure:19615: $? = 1
configure:19600: re-using the existing conftest.o
configure:19606: g++ -o conftest -g -O2 -std=c++20 -stdlib=libc++ -pipe  -I/opt/homebrew/opt/boost/include  conftest.o -lboost_program_options-mt-d-1_78  >&5
ld: library not found for -lboost_program_options-mt-d-1_78
clang: error: linker command failed with exit code 1 (use -v to see invocation)
configure:19615: $? = 1
configure:19600: re-using the existing conftest.o
configure:19606: g++ -o conftest -g -O2 -std=c++20 -stdlib=libc++ -pipe  -I/opt/homebrew/opt/boost/include  -L/usr/local/lib conftest.o -lboost_program_options-mt-d-1_78  >&5
ld: library not found for -lboost_program_options-mt-d-1_78
clang: error: linker command failed with exit code 1 (use -v to see invocation)
configure:19615: $? = 1
configure:19600: re-using the existing conftest.o
configure:19606: g++ -o conftest -g -O2 -std=c++20 -stdlib=libc++ -pipe  -I/opt/homebrew/opt/boost/include  -L/usr/lib conftest.o -lboost_program_options-mt-d-1_78  >&5
ld: library not found for -lboost_program_options-mt-d-1_78
clang: error: linker command failed with exit code 1 (use -v to see invocation)
configure:19615: $? = 1
configure:19600: re-using the existing conftest.o
configure:19606: g++ -o conftest -g -O2 -std=c++20 -stdlib=libc++ -pipe  -I/opt/homebrew/opt/boost/include  -L/usr/libexec conftest.o -lboost_program_options-mt-d-1_78  >&5
ld: library not found for -lboost_program_options-mt-d-1_78
clang: error: linker command failed with exit code 1 (use -v to see invocation)
configure:19615: $? = 1
configure:19600: re-using the existing conftest.o
configure:19606: g++ -o conftest -g -O2 -std=c++20 -stdlib=libc++ -pipe  -I/opt/homebrew/opt/boost/include  -L/opt/homebrew/opt/boost conftest.o -lboost_program_options-mt-d-1_78  >&5
ld: library not found for -lboost_program_options-mt-d-1_78
clang: error: linker command failed with exit code 1 (use -v to see invocation)
configure:19615: $? = 1
configure:19600: re-using the existing conftest.o
configure:19606: g++ -o conftest -g -O2 -std=c++20 -stdlib=libc++ -pipe  -I/opt/homebrew/opt/boost/include  -L/opt/homebrew/opt/boost/lib conftest.o -lboost_program_options-d-1_78  >&5
ld: library not found for -lboost_program_options-d-1_78
clang: error: linker command failed with exit code 1 (use -v to see invocation)
configure:19615: $? = 1
configure:19600: re-using the existing conftest.o
configure:19606: g++ -o conftest -g -O2 -std=c++20 -stdlib=libc++ -pipe  -I/opt/homebrew/opt/boost/include  conftest.o -lboost_program_options-d-1_78  >&5
ld: library not found for -lboost_program_options-d-1_78
clang: error: linker command failed with exit code 1 (use -v to see invocation)
configure:19615: $? = 1
configure:19600: re-using the existing conftest.o
configure:19606: g++ -o conftest -g -O2 -std=c++20 -stdlib=libc++ -pipe  -I/opt/homebrew/opt/boost/include  -L/usr/local/lib conftest.o -lboost_program_options-d-1_78  >&5
ld: library not found for -lboost_program_options-d-1_78
clang: error: linker command failed with exit code 1 (use -v to see invocation)
configure:19615: $? = 1
configure:19600: re-using the existing conftest.o
configure:19606: g++ -o conftest -g -O2 -std=c++20 -stdlib=libc++ -pipe  -I/opt/homebrew/opt/boost/include  -L/usr/lib conftest.o -lboost_program_options-d-1_78  >&5
ld: library not found for -lboost_program_options-d-1_78
clang: error: linker command failed with exit code 1 (use -v to see invocation)
configure:19615: $? = 1
configure:19600: re-using the existing conftest.o
configure:19606: g++ -o conftest -g -O2 -std=c++20 -stdlib=libc++ -pipe  -I/opt/homebrew/opt/boost/include  -L/usr/libexec conftest.o -lboost_program_options-d-1_78  >&5
ld: library not found for -lboost_program_options-d-1_78
clang: error: linker command failed with exit code 1 (use -v to see invocation)
configure:19615: $? = 1
configure:19600: re-using the existing conftest.o
configure:19606: g++ -o conftest -g -O2 -std=c++20 -stdlib=libc++ -pipe  -I/opt/homebrew/opt/boost/include  -L/opt/homebrew/opt/boost conftest.o -lboost_program_options-d-1_78  >&5
ld: library not found for -lboost_program_options-d-1_78
clang: error: linker command failed with exit code 1 (use -v to see invocation)
configure:19615: $? = 1
configure:19600: re-using the existing conftest.o
configure:19606: g++ -o conftest -g -O2 -std=c++20 -stdlib=libc++ -pipe  -I/opt/homebrew/opt/boost/include  -L/opt/homebrew/opt/boost/lib conftest.o -lboost_program_options-mt  >&5
configure:19615: $? = 0
configure:19730: result: yes
configure:19764: checking for boost/algorithm/string.hpp
configure:19764: g++ -c -g -O2 -std=c++20 -stdlib=libc++ -pipe  -I/opt/homebrew/opt/boost/include conftest.cpp >&5
configure:19764: $? = 0
configure:19764: result: yes
configure:19804: checking for boost/system/error_code.hpp
configure:19804: g++ -c -g -O2 -std=c++20 -stdlib=libc++ -pipe  -I/opt/homebrew/opt/boost/include conftest.cpp >&5
configure:19804: $? = 0
configure:19804: result: yes
configure:19824: checking for the Boost system library
configure:19867: g++ -c -g -O2 -std=c++20 -stdlib=libc++ -pipe  -I/opt/homebrew/opt/boost/include conftest.cpp >&5
configure:19867: $? = 0
configure:19923: re-using the existing conftest.o
configure:19929: g++ -o conftest -g -O2 -std=c++20 -stdlib=libc++ -pipe  -I/opt/homebrew/opt/boost/include  -L/opt/homebrew/opt/boost/lib conftest.o -lboost_system-xgcc42-mt-1_78  >&5
ld: library not found for -lboost_system-xgcc42-mt-1_78
clang: error: linker command failed with exit code 1 (use -v to see invocation)
configure:19938: $? = 1
configure:19923: re-using the existing conftest.o
configure:19929: g++ -o conftest -g -O2 -std=c++20 -stdlib=libc++ -pipe  -I/opt/homebrew/opt/boost/include  conftest.o -lboost_system-xgcc42-mt-1_78  >&5
ld: library not found for -lboost_system-xgcc42-mt-1_78
clang: error: linker command failed with exit code 1 (use -v to see invocation)
configure:19938: $? = 1
configure:19923: re-using the existing conftest.o
configure:19929: g++ -o conftest -g -O2 -std=c++20 -stdlib=libc++ -pipe  -I/opt/homebrew/opt/boost/include  -L/usr/local/lib conftest.o -lboost_system-xgcc42-mt-1_78  >&5
ld: library not found for -lboost_system-xgcc42-mt-1_78
clang: error: linker command failed with exit code 1 (use -v to see invocation)
configure:19938: $? = 1
configure:19923: re-using the existing conftest.o
configure:19929: g++ -o conftest -g -O2 -std=c++20 -stdlib=libc++ -pipe  -I/opt/homebrew/opt/boost/include  -L/usr/lib conftest.o -lboost_system-xgcc42-mt-1_78  >&5
ld: library not found for -lboost_system-xgcc42-mt-1_78
clang: error: linker command failed with exit code 1 (use -v to see invocation)
configure:19938: $? = 1
configure:19923: re-using the existing conftest.o
configure:19929: g++ -o conftest -g -O2 -std=c++20 -stdlib=libc++ -pipe  -I/opt/homebrew/opt/boost/include  -L/usr/libexec conftest.o -lboost_system-xgcc42-mt-1_78  >&5
ld: library not found for -lboost_system-xgcc42-mt-1_78
clang: error: linker command failed with exit code 1 (use -v to see invocation)
configure:19938: $? = 1
configure:19923: re-using the existing conftest.o
configure:19929: g++ -o conftest -g -O2 -std=c++20 -stdlib=libc++ -pipe  -I/opt/homebrew/opt/boost/include  -L/opt/homebrew/opt/boost conftest.o -lboost_system-xgcc42-mt-1_78  >&5
ld: library not found for -lboost_system-xgcc42-mt-1_78
clang: error: linker command failed with exit code 1 (use -v to see invocation)
configure:19938: $? = 1
configure:19923: re-using the existing conftest.o
configure:19929: g++ -o conftest -g -O2 -std=c++20 -stdlib=libc++ -pipe  -I/opt/homebrew/opt/boost/include  -L/opt/homebrew/opt/boost/lib conftest.o -lboost_system-xgcc42-1_78  >&5
ld: library not found for -lboost_system-xgcc42-1_78
clang: error: linker command failed with exit code 1 (use -v to see invocation)
configure:19938: $? = 1
configure:19923: re-using the existing conftest.o
configure:19929: g++ -o conftest -g -O2 -std=c++20 -stdlib=libc++ -pipe  -I/opt/homebrew/opt/boost/include  conftest.o -lboost_system-xgcc42-1_78  >&5
ld: library not found for -lboost_system-xgcc42-1_78
clang: error: linker command failed with exit code 1 (use -v to see invocation)
configure:19938: $? = 1
configure:19923: re-using the existing conftest.o
configure:19929: g++ -o conftest -g -O2 -std=c++20 -stdlib=libc++ -pipe  -I/opt/homebrew/opt/boost/include  -L/usr/local/lib conftest.o -lboost_system-xgcc42-1_78  >&5
ld: library not found for -lboost_system-xgcc42-1_78
clang: error: linker command failed with exit code 1 (use -v to see invocation)
configure:19938: $? = 1
configure:19923: re-using the existing conftest.o
configure:19929: g++ -o conftest -g -O2 -std=c++20 -stdlib=libc++ -pipe  -I/opt/homebrew/opt/boost/include  -L/usr/lib conftest.o -lboost_system-xgcc42-1_78  >&5
ld: library not found for -lboost_system-xgcc42-1_78
clang: error: linker command failed with exit code 1 (use -v to see invocation)
configure:19938: $? = 1
configure:19923: re-using the existing conftest.o
configure:19929: g++ -o conftest -g -O2 -std=c++20 -stdlib=libc++ -pipe  -I/opt/homebrew/opt/boost/include  -L/usr/libexec conftest.o -lboost_system-xgcc42-1_78  >&5
ld: library not found for -lboost_system-xgcc42-1_78
clang: error: linker command failed with exit code 1 (use -v to see invocation)
configure:19938: $? = 1
configure:19923: re-using the existing conftest.o
configure:19929: g++ -o conftest -g -O2 -std=c++20 -stdlib=libc++ -pipe  -I/opt/homebrew/opt/boost/include  -L/opt/homebrew/opt/boost conftest.o -lboost_system-xgcc42-1_78  >&5
ld: library not found for -lboost_system-xgcc42-1_78
clang: error: linker command failed with exit code 1 (use -v to see invocation)
configure:19938: $? = 1
configure:19923: re-using the existing conftest.o
configure:19929: g++ -o conftest -g -O2 -std=c++20 -stdlib=libc++ -pipe  -I/opt/homebrew/opt/boost/include  -L/opt/homebrew/opt/boost/lib conftest.o -lboost_system-xgcc42-mt-d-1_78  >&5
ld: library not found for -lboost_system-xgcc42-mt-d-1_78
clang: error: linker command failed with exit code 1 (use -v to see invocation)
configure:19938: $? = 1
configure:19923: re-using the existing conftest.o
configure:19929: g++ -o conftest -g -O2 -std=c++20 -stdlib=libc++ -pipe  -I/opt/homebrew/opt/boost/include  conftest.o -lboost_system-xgcc42-mt-d-1_78  >&5
ld: library not found for -lboost_system-xgcc42-mt-d-1_78
clang: error: linker command failed with exit code 1 (use -v to see invocation)
configure:19938: $? = 1
configure:19923: re-using the existing conftest.o
configure:19929: g++ -o conftest -g -O2 -std=c++20 -stdlib=libc++ -pipe  -I/opt/homebrew/opt/boost/include  -L/usr/local/lib conftest.o -lboost_system-xgcc42-mt-d-1_78  >&5
ld: library not found for -lboost_system-xgcc42-mt-d-1_78
clang: error: linker command failed with exit code 1 (use -v to see invocation)
configure:19938: $? = 1
configure:19923: re-using the existing conftest.o
configure:19929: g++ -o conftest -g -O2 -std=c++20 -stdlib=libc++ -pipe  -I/opt/homebrew/opt/boost/include  -L/usr/lib conftest.o -lboost_system-xgcc42-mt-d-1_78  >&5
ld: library not found for -lboost_system-xgcc42-mt-d-1_78
clang: error: linker command failed with exit code 1 (use -v to see invocation)
configure:19938: $? = 1
configure:19923: re-using the existing conftest.o
configure:19929: g++ -o conftest -g -O2 -std=c++20 -stdlib=libc++ -pipe  -I/opt/homebrew/opt/boost/include  -L/usr/libexec conftest.o -lboost_system-xgcc42-mt-d-1_78  >&5
ld: library not found for -lboost_system-xgcc42-mt-d-1_78
clang: error: linker command failed with exit code 1 (use -v to see invocation)
configure:19938: $? = 1
configure:19923: re-using the existing conftest.o
configure:19929: g++ -o conftest -g -O2 -std=c++20 -stdlib=libc++ -pipe  -I/opt/homebrew/opt/boost/include  -L/opt/homebrew/opt/boost conftest.o -lboost_system-xgcc42-mt-d-1_78  >&5
ld: library not found for -lboost_system-xgcc42-mt-d-1_78
clang: error: linker command failed with exit code 1 (use -v to see invocation)
configure:19938: $? = 1
configure:19923: re-using the existing conftest.o
configure:19929: g++ -o conftest -g -O2 -std=c++20 -stdlib=libc++ -pipe  -I/opt/homebrew/opt/boost/include  -L/opt/homebrew/opt/boost/lib conftest.o -lboost_system-xgcc42-d-1_78  >&5
ld: library not found for -lboost_system-xgcc42-d-1_78
clang: error: linker command failed with exit code 1 (use -v to see invocation)
configure:19938: $? = 1
configure:19923: re-using the existing conftest.o
configure:19929: g++ -o conftest -g -O2 -std=c++20 -stdlib=libc++ -pipe  -I/opt/homebrew/opt/boost/include  conftest.o -lboost_system-xgcc42-d-1_78  >&5
ld: library not found for -lboost_system-xgcc42-d-1_78
clang: error: linker command failed with exit code 1 (use -v to see invocation)
configure:19938: $? = 1
configure:19923: re-using the existing conftest.o
configure:19929: g++ -o conftest -g -O2 -std=c++20 -stdlib=libc++ -pipe  -I/opt/homebrew/opt/boost/include  -L/usr/local/lib conftest.o -lboost_system-xgcc42-d-1_78  >&5
ld: library not found for -lboost_system-xgcc42-d-1_78
clang: error: linker command failed with exit code 1 (use -v to see invocation)
configure:19938: $? = 1
configure:19923: re-using the existing conftest.o
configure:19929: g++ -o conftest -g -O2 -std=c++20 -stdlib=libc++ -pipe  -I/opt/homebrew/opt/boost/include  -L/usr/lib conftest.o -lboost_system-xgcc42-d-1_78  >&5
ld: library not found for -lboost_system-xgcc42-d-1_78
clang: error: linker command failed with exit code 1 (use -v to see invocation)
configure:19938: $? = 1
configure:19923: re-using the existing conftest.o
configure:19929: g++ -o conftest -g -O2 -std=c++20 -stdlib=libc++ -pipe  -I/opt/homebrew/opt/boost/include  -L/usr/libexec conftest.o -lboost_system-xgcc42-d-1_78  >&5
ld: library not found for -lboost_system-xgcc42-d-1_78
clang: error: linker command failed with exit code 1 (use -v to see invocation)
configure:19938: $? = 1
configure:19923: re-using the existing conftest.o
configure:19929: g++ -o conftest -g -O2 -std=c++20 -stdlib=libc++ -pipe  -I/opt/homebrew/opt/boost/include  -L/opt/homebrew/opt/boost conftest.o -lboost_system-xgcc42-d-1_78  >&5
ld: library not found for -lboost_system-xgcc42-d-1_78
clang: error: linker command failed with exit code 1 (use -v to see invocation)
configure:19938: $? = 1
configure:19923: re-using the existing conftest.o
configure:19929: g++ -o conftest -g -O2 -std=c++20 -stdlib=libc++ -pipe  -I/opt/homebrew/opt/boost/include  -L/opt/homebrew/opt/boost/lib conftest.o -lboost_system-xgcc42-mt  >&5
ld: library not found for -lboost_system-xgcc42-mt
clang: error: linker command failed with exit code 1 (use -v to see invocation)
configure:19938: $? = 1
configure:19923: re-using the existing conftest.o
configure:19929: g++ -o conftest -g -O2 -std=c++20 -stdlib=libc++ -pipe  -I/opt/homebrew/opt/boost/include  conftest.o -lboost_system-xgcc42-mt  >&5
ld: library not found for -lboost_system-xgcc42-mt
clang: error: linker command failed with exit code 1 (use -v to see invocation)
configure:19938: $? = 1
configure:19923: re-using the existing conftest.o
configure:19929: g++ -o conftest -g -O2 -std=c++20 -stdlib=libc++ -pipe  -I/opt/homebrew/opt/boost/include  -L/usr/local/lib conftest.o -lboost_system-xgcc42-mt  >&5
ld: library not found for -lboost_system-xgcc42-mt
clang: error: linker command failed with exit code 1 (use -v to see invocation)
configure:19938: $? = 1
configure:19923: re-using the existing conftest.o
configure:19929: g++ -o conftest -g -O2 -std=c++20 -stdlib=libc++ -pipe  -I/opt/homebrew/opt/boost/include  -L/usr/lib conftest.o -lboost_system-xgcc42-mt  >&5
ld: library not found for -lboost_system-xgcc42-mt
clang: error: linker command failed with exit code 1 (use -v to see invocation)
configure:19938: $? = 1
configure:19923: re-using the existing conftest.o
configure:19929: g++ -o conftest -g -O2 -std=c++20 -stdlib=libc++ -pipe  -I/opt/homebrew/opt/boost/include  -L/usr/libexec conftest.o -lboost_system-xgcc42-mt  >&5
ld: library not found for -lboost_system-xgcc42-mt
clang: error: linker command failed with exit code 1 (use -v to see invocation)
configure:19938: $? = 1
configure:19923: re-using the existing conftest.o
configure:19929: g++ -o conftest -g -O2 -std=c++20 -stdlib=libc++ -pipe  -I/opt/homebrew/opt/boost/include  -L/opt/homebrew/opt/boost conftest.o -lboost_system-xgcc42-mt  >&5
ld: library not found for -lboost_system-xgcc42-mt
clang: error: linker command failed with exit code 1 (use -v to see invocation)
configure:19938: $? = 1
configure:19923: re-using the existing conftest.o
configure:19929: g++ -o conftest -g -O2 -std=c++20 -stdlib=libc++ -pipe  -I/opt/homebrew/opt/boost/include  -L/opt/homebrew/opt/boost/lib conftest.o -lboost_system-xgcc42  >&5
ld: library not found for -lboost_system-xgcc42
clang: error: linker command failed with exit code 1 (use -v to see invocation)
configure:19938: $? = 1
configure:19923: re-using the existing conftest.o
configure:19929: g++ -o conftest -g -O2 -std=c++20 -stdlib=libc++ -pipe  -I/opt/homebrew/opt/boost/include  conftest.o -lboost_system-xgcc42  >&5
ld: library not found for -lboost_system-xgcc42
clang: error: linker command failed with exit code 1 (use -v to see invocation)
configure:19938: $? = 1
configure:19923: re-using the existing conftest.o
configure:19929: g++ -o conftest -g -O2 -std=c++20 -stdlib=libc++ -pipe  -I/opt/homebrew/opt/boost/include  -L/usr/local/lib conftest.o -lboost_system-xgcc42  >&5
ld: library not found for -lboost_system-xgcc42
clang: error: linker command failed with exit code 1 (use -v to see invocation)
configure:19938: $? = 1
configure:19923: re-using the existing conftest.o
configure:19929: g++ -o conftest -g -O2 -std=c++20 -stdlib=libc++ -pipe  -I/opt/homebrew/opt/boost/include  -L/usr/lib conftest.o -lboost_system-xgcc42  >&5
ld: library not found for -lboost_system-xgcc42
clang: error: linker command failed with exit code 1 (use -v to see invocation)
configure:19938: $? = 1
configure:19923: re-using the existing conftest.o
configure:19929: g++ -o conftest -g -O2 -std=c++20 -stdlib=libc++ -pipe  -I/opt/homebrew/opt/boost/include  -L/usr/libexec conftest.o -lboost_system-xgcc42  >&5
ld: library not found for -lboost_system-xgcc42
clang: error: linker command failed with exit code 1 (use -v to see invocation)
configure:19938: $? = 1
configure:19923: re-using the existing conftest.o
configure:19929: g++ -o conftest -g -O2 -std=c++20 -stdlib=libc++ -pipe  -I/opt/homebrew/opt/boost/include  -L/opt/homebrew/opt/boost conftest.o -lboost_system-xgcc42  >&5
ld: library not found for -lboost_system-xgcc42
clang: error: linker command failed with exit code 1 (use -v to see invocation)
configure:19938: $? = 1
configure:19923: re-using the existing conftest.o
configure:19929: g++ -o conftest -g -O2 -std=c++20 -stdlib=libc++ -pipe  -I/opt/homebrew/opt/boost/include  -L/opt/homebrew/opt/boost/lib conftest.o -lboost_system-xgcc42-mt-d  >&5
ld: library not found for -lboost_system-xgcc42-mt-d
clang: error: linker command failed with exit code 1 (use -v to see invocation)
configure:19938: $? = 1
configure:19923: re-using the existing conftest.o
configure:19929: g++ -o conftest -g -O2 -std=c++20 -stdlib=libc++ -pipe  -I/opt/homebrew/opt/boost/include  conftest.o -lboost_system-xgcc42-mt-d  >&5
ld: library not found for -lboost_system-xgcc42-mt-d
clang: error: linker command failed with exit code 1 (use -v to see invocation)
configure:19938: $? = 1
configure:19923: re-using the existing conftest.o
configure:19929: g++ -o conftest -g -O2 -std=c++20 -stdlib=libc++ -pipe  -I/opt/homebrew/opt/boost/include  -L/usr/local/lib conftest.o -lboost_system-xgcc42-mt-d  >&5
ld: library not found for -lboost_system-xgcc42-mt-d
clang: error: linker command failed with exit code 1 (use -v to see invocation)
configure:19938: $? = 1
configure:19923: re-using the existing conftest.o
configure:19929: g++ -o conftest -g -O2 -std=c++20 -stdlib=libc++ -pipe  -I/opt/homebrew/opt/boost/include  -L/usr/lib conftest.o -lboost_system-xgcc42-mt-d  >&5
ld: library not found for -lboost_system-xgcc42-mt-d
clang: error: linker command failed with exit code 1 (use -v to see invocation)
configure:19938: $? = 1
configure:19923: re-using the existing conftest.o
configure:19929: g++ -o conftest -g -O2 -std=c++20 -stdlib=libc++ -pipe  -I/opt/homebrew/opt/boost/include  -L/usr/libexec conftest.o -lboost_system-xgcc42-mt-d  >&5
ld: library not found for -lboost_system-xgcc42-mt-d
clang: error: linker command failed with exit code 1 (use -v to see invocation)
configure:19938: $? = 1
configure:19923: re-using the existing conftest.o
configure:19929: g++ -o conftest -g -O2 -std=c++20 -stdlib=libc++ -pipe  -I/opt/homebrew/opt/boost/include  -L/opt/homebrew/opt/boost conftest.o -lboost_system-xgcc42-mt-d  >&5
ld: library not found for -lboost_system-xgcc42-mt-d
clang: error: linker command failed with exit code 1 (use -v to see invocation)
configure:19938: $? = 1
configure:19923: re-using the existing conftest.o
configure:19929: g++ -o conftest -g -O2 -std=c++20 -stdlib=libc++ -pipe  -I/opt/homebrew/opt/boost/include  -L/opt/homebrew/opt/boost/lib conftest.o -lboost_system-xgcc42-d  >&5
ld: library not found for -lboost_system-xgcc42-d
clang: error: linker command failed with exit code 1 (use -v to see invocation)
configure:19938: $? = 1
configure:19923: re-using the existing conftest.o
configure:19929: g++ -o conftest -g -O2 -std=c++20 -stdlib=libc++ -pipe  -I/opt/homebrew/opt/boost/include  conftest.o -lboost_system-xgcc42-d  >&5
ld: library not found for -lboost_system-xgcc42-d
clang: error: linker command failed with exit code 1 (use -v to see invocation)
configure:19938: $? = 1
configure:19923: re-using the existing conftest.o
configure:19929: g++ -o conftest -g -O2 -std=c++20 -stdlib=libc++ -pipe  -I/opt/homebrew/opt/boost/include  -L/usr/local/lib conftest.o -lboost_system-xgcc42-d  >&5
ld: library not found for -lboost_system-xgcc42-d
clang: error: linker command failed with exit code 1 (use -v to see invocation)
configure:19938: $? = 1
configure:19923: re-using the existing conftest.o
configure:19929: g++ -o conftest -g -O2 -std=c++20 -stdlib=libc++ -pipe  -I/opt/homebrew/opt/boost/include  -L/usr/lib conftest.o -lboost_system-xgcc42-d  >&5
ld: library not found for -lboost_system-xgcc42-d
clang: error: linker command failed with exit code 1 (use -v to see invocation)
configure:19938: $? = 1
configure:19923: re-using the existing conftest.o
configure:19929: g++ -o conftest -g -O2 -std=c++20 -stdlib=libc++ -pipe  -I/opt/homebrew/opt/boost/include  -L/usr/libexec conftest.o -lboost_system-xgcc42-d  >&5
ld: library not found for -lboost_system-xgcc42-d
clang: error: linker command failed with exit code 1 (use -v to see invocation)
configure:19938: $? = 1
configure:19923: re-using the existing conftest.o
configure:19929: g++ -o conftest -g -O2 -std=c++20 -stdlib=libc++ -pipe  -I/opt/homebrew/opt/boost/include  -L/opt/homebrew/opt/boost conftest.o -lboost_system-xgcc42-d  >&5
ld: library not found for -lboost_system-xgcc42-d
clang: error: linker command failed with exit code 1 (use -v to see invocation)
configure:19938: $? = 1
configure:19923: re-using the existing conftest.o
configure:19929: g++ -o conftest -g -O2 -std=c++20 -stdlib=libc++ -pipe  -I/opt/homebrew/opt/boost/include  -L/opt/homebrew/opt/boost/lib conftest.o -lboost_system-xgcc-mt-1_78  >&5
ld: library not found for -lboost_system-xgcc-mt-1_78
clang: error: linker command failed with exit code 1 (use -v to see invocation)
configure:19938: $? = 1
configure:19923: re-using the existing conftest.o
configure:19929: g++ -o conftest -g -O2 -std=c++20 -stdlib=libc++ -pipe  -I/opt/homebrew/opt/boost/include  conftest.o -lboost_system-xgcc-mt-1_78  >&5
ld: library not found for -lboost_system-xgcc-mt-1_78
clang: error: linker command failed with exit code 1 (use -v to see invocation)
configure:19938: $? = 1
configure:19923: re-using the existing conftest.o
configure:19929: g++ -o conftest -g -O2 -std=c++20 -stdlib=libc++ -pipe  -I/opt/homebrew/opt/boost/include  -L/usr/local/lib conftest.o -lboost_system-xgcc-mt-1_78  >&5
ld: library not found for -lboost_system-xgcc-mt-1_78
clang: error: linker command failed with exit code 1 (use -v to see invocation)
configure:19938: $? = 1
configure:19923: re-using the existing conftest.o
configure:19929: g++ -o conftest -g -O2 -std=c++20 -stdlib=libc++ -pipe  -I/opt/homebrew/opt/boost/include  -L/usr/lib conftest.o -lboost_system-xgcc-mt-1_78  >&5
ld: library not found for -lboost_system-xgcc-mt-1_78
clang: error: linker command failed with exit code 1 (use -v to see invocation)
configure:19938: $? = 1
configure:19923: re-using the existing conftest.o
configure:19929: g++ -o conftest -g -O2 -std=c++20 -stdlib=libc++ -pipe  -I/opt/homebrew/opt/boost/include  -L/usr/libexec conftest.o -lboost_system-xgcc-mt-1_78  >&5
ld: library not found for -lboost_system-xgcc-mt-1_78
clang: error: linker command failed with exit code 1 (use -v to see invocation)
configure:19938: $? = 1
configure:19923: re-using the existing conftest.o
configure:19929: g++ -o conftest -g -O2 -std=c++20 -stdlib=libc++ -pipe  -I/opt/homebrew/opt/boost/include  -L/opt/homebrew/opt/boost conftest.o -lboost_system-xgcc-mt-1_78  >&5
ld: library not found for -lboost_system-xgcc-mt-1_78
clang: error: linker command failed with exit code 1 (use -v to see invocation)
configure:19938: $? = 1
configure:19923: re-using the existing conftest.o
configure:19929: g++ -o conftest -g -O2 -std=c++20 -stdlib=libc++ -pipe  -I/opt/homebrew/opt/boost/include  -L/opt/homebrew/opt/boost/lib conftest.o -lboost_system-xgcc-1_78  >&5
ld: library not found for -lboost_system-xgcc-1_78
clang: error: linker command failed with exit code 1 (use -v to see invocation)
configure:19938: $? = 1
configure:19923: re-using the existing conftest.o
configure:19929: g++ -o conftest -g -O2 -std=c++20 -stdlib=libc++ -pipe  -I/opt/homebrew/opt/boost/include  conftest.o -lboost_system-xgcc-1_78  >&5
ld: library not found for -lboost_system-xgcc-1_78
clang: error: linker command failed with exit code 1 (use -v to see invocation)
configure:19938: $? = 1
configure:19923: re-using the existing conftest.o
configure:19929: g++ -o conftest -g -O2 -std=c++20 -stdlib=libc++ -pipe  -I/opt/homebrew/opt/boost/include  -L/usr/local/lib conftest.o -lboost_system-xgcc-1_78  >&5
ld: library not found for -lboost_system-xgcc-1_78
clang: error: linker command failed with exit code 1 (use -v to see invocation)
configure:19938: $? = 1
configure:19923: re-using the existing conftest.o
configure:19929: g++ -o conftest -g -O2 -std=c++20 -stdlib=libc++ -pipe  -I/opt/homebrew/opt/boost/include  -L/usr/lib conftest.o -lboost_system-xgcc-1_78  >&5
ld: library not found for -lboost_system-xgcc-1_78
clang: error: linker command failed with exit code 1 (use -v to see invocation)
configure:19938: $? = 1
configure:19923: re-using the existing conftest.o
configure:19929: g++ -o conftest -g -O2 -std=c++20 -stdlib=libc++ -pipe  -I/opt/homebrew/opt/boost/include  -L/usr/libexec conftest.o -lboost_system-xgcc-1_78  >&5
ld: library not found for -lboost_system-xgcc-1_78
clang: error: linker command failed with exit code 1 (use -v to see invocation)
configure:19938: $? = 1
configure:19923: re-using the existing conftest.o
configure:19929: g++ -o conftest -g -O2 -std=c++20 -stdlib=libc++ -pipe  -I/opt/homebrew/opt/boost/include  -L/opt/homebrew/opt/boost conftest.o -lboost_system-xgcc-1_78  >&5
ld: library not found for -lboost_system-xgcc-1_78
clang: error: linker command failed with exit code 1 (use -v to see invocation)
configure:19938: $? = 1
configure:19923: re-using the existing conftest.o
configure:19929: g++ -o conftest -g -O2 -std=c++20 -stdlib=libc++ -pipe  -I/opt/homebrew/opt/boost/include  -L/opt/homebrew/opt/boost/lib conftest.o -lboost_system-xgcc-mt-d-1_78  >&5
ld: library not found for -lboost_system-xgcc-mt-d-1_78
clang: error: linker command failed with exit code 1 (use -v to see invocation)
configure:19938: $? = 1
configure:19923: re-using the existing conftest.o
configure:19929: g++ -o conftest -g -O2 -std=c++20 -stdlib=libc++ -pipe  -I/opt/homebrew/opt/boost/include  conftest.o -lboost_system-xgcc-mt-d-1_78  >&5
ld: library not found for -lboost_system-xgcc-mt-d-1_78
clang: error: linker command failed with exit code 1 (use -v to see invocation)
configure:19938: $? = 1
configure:19923: re-using the existing conftest.o
configure:19929: g++ -o conftest -g -O2 -std=c++20 -stdlib=libc++ -pipe  -I/opt/homebrew/opt/boost/include  -L/usr/local/lib conftest.o -lboost_system-xgcc-mt-d-1_78  >&5
ld: library not found for -lboost_system-xgcc-mt-d-1_78
clang: error: linker command failed with exit code 1 (use -v to see invocation)
configure:19938: $? = 1
configure:19923: re-using the existing conftest.o
configure:19929: g++ -o conftest -g -O2 -std=c++20 -stdlib=libc++ -pipe  -I/opt/homebrew/opt/boost/include  -L/usr/lib conftest.o -lboost_system-xgcc-mt-d-1_78  >&5
ld: library not found for -lboost_system-xgcc-mt-d-1_78
clang: error: linker command failed with exit code 1 (use -v to see invocation)
configure:19938: $? = 1
configure:19923: re-using the existing conftest.o
configure:19929: g++ -o conftest -g -O2 -std=c++20 -stdlib=libc++ -pipe  -I/opt/homebrew/opt/boost/include  -L/usr/libexec conftest.o -lboost_system-xgcc-mt-d-1_78  >&5
ld: library not found for -lboost_system-xgcc-mt-d-1_78
clang: error: linker command failed with exit code 1 (use -v to see invocation)
configure:19938: $? = 1
configure:19923: re-using the existing conftest.o
configure:19929: g++ -o conftest -g -O2 -std=c++20 -stdlib=libc++ -pipe  -I/opt/homebrew/opt/boost/include  -L/opt/homebrew/opt/boost conftest.o -lboost_system-xgcc-mt-d-1_78  >&5
ld: library not found for -lboost_system-xgcc-mt-d-1_78
clang: error: linker command failed with exit code 1 (use -v to see invocation)
configure:19938: $? = 1
configure:19923: re-using the existing conftest.o
configure:19929: g++ -o conftest -g -O2 -std=c++20 -stdlib=libc++ -pipe  -I/opt/homebrew/opt/boost/include  -L/opt/homebrew/opt/boost/lib conftest.o -lboost_system-xgcc-d-1_78  >&5
ld: library not found for -lboost_system-xgcc-d-1_78
clang: error: linker command failed with exit code 1 (use -v to see invocation)
configure:19938: $? = 1
configure:19923: re-using the existing conftest.o
configure:19929: g++ -o conftest -g -O2 -std=c++20 -stdlib=libc++ -pipe  -I/opt/homebrew/opt/boost/include  conftest.o -lboost_system-xgcc-d-1_78  >&5
ld: library not found for -lboost_system-xgcc-d-1_78
clang: error: linker command failed with exit code 1 (use -v to see invocation)
configure:19938: $? = 1
configure:19923: re-using the existing conftest.o
configure:19929: g++ -o conftest -g -O2 -std=c++20 -stdlib=libc++ -pipe  -I/opt/homebrew/opt/boost/include  -L/usr/local/lib conftest.o -lboost_system-xgcc-d-1_78  >&5
ld: library not found for -lboost_system-xgcc-d-1_78
clang: error: linker command failed with exit code 1 (use -v to see invocation)
configure:19938: $? = 1
configure:19923: re-using the existing conftest.o
configure:19929: g++ -o conftest -g -O2 -std=c++20 -stdlib=libc++ -pipe  -I/opt/homebrew/opt/boost/include  -L/usr/lib conftest.o -lboost_system-xgcc-d-1_78  >&5
ld: library not found for -lboost_system-xgcc-d-1_78
clang: error: linker command failed with exit code 1 (use -v to see invocation)
configure:19938: $? = 1
configure:19923: re-using the existing conftest.o
configure:19929: g++ -o conftest -g -O2 -std=c++20 -stdlib=libc++ -pipe  -I/opt/homebrew/opt/boost/include  -L/usr/libexec conftest.o -lboost_system-xgcc-d-1_78  >&5
ld: library not found for -lboost_system-xgcc-d-1_78
clang: error: linker command failed with exit code 1 (use -v to see invocation)
configure:19938: $? = 1
configure:19923: re-using the existing conftest.o
configure:19929: g++ -o conftest -g -O2 -std=c++20 -stdlib=libc++ -pipe  -I/opt/homebrew/opt/boost/include  -L/opt/homebrew/opt/boost conftest.o -lboost_system-xgcc-d-1_78  >&5
ld: library not found for -lboost_system-xgcc-d-1_78
clang: error: linker command failed with exit code 1 (use -v to see invocation)
configure:19938: $? = 1
configure:19923: re-using the existing conftest.o
configure:19929: g++ -o conftest -g -O2 -std=c++20 -stdlib=libc++ -pipe  -I/opt/homebrew/opt/boost/include  -L/opt/homebrew/opt/boost/lib conftest.o -lboost_system-xgcc-mt  >&5
ld: library not found for -lboost_system-xgcc-mt
clang: error: linker command failed with exit code 1 (use -v to see invocation)
configure:19938: $? = 1
configure:19923: re-using the existing conftest.o
configure:19929: g++ -o conftest -g -O2 -std=c++20 -stdlib=libc++ -pipe  -I/opt/homebrew/opt/boost/include  conftest.o -lboost_system-xgcc-mt  >&5
ld: library not found for -lboost_system-xgcc-mt
clang: error: linker command failed with exit code 1 (use -v to see invocation)
configure:19938: $? = 1
configure:19923: re-using the existing conftest.o
configure:19929: g++ -o conftest -g -O2 -std=c++20 -stdlib=libc++ -pipe  -I/opt/homebrew/opt/boost/include  -L/usr/local/lib conftest.o -lboost_system-xgcc-mt  >&5
ld: library not found for -lboost_system-xgcc-mt
clang: error: linker command failed with exit code 1 (use -v to see invocation)
configure:19938: $? = 1
configure:19923: re-using the existing conftest.o
configure:19929: g++ -o conftest -g -O2 -std=c++20 -stdlib=libc++ -pipe  -I/opt/homebrew/opt/boost/include  -L/usr/lib conftest.o -lboost_system-xgcc-mt  >&5
ld: library not found for -lboost_system-xgcc-mt
clang: error: linker command failed with exit code 1 (use -v to see invocation)
configure:19938: $? = 1
configure:19923: re-using the existing conftest.o
configure:19929: g++ -o conftest -g -O2 -std=c++20 -stdlib=libc++ -pipe  -I/opt/homebrew/opt/boost/include  -L/usr/libexec conftest.o -lboost_system-xgcc-mt  >&5
ld: library not found for -lboost_system-xgcc-mt
clang: error: linker command failed with exit code 1 (use -v to see invocation)
configure:19938: $? = 1
configure:19923: re-using the existing conftest.o
configure:19929: g++ -o conftest -g -O2 -std=c++20 -stdlib=libc++ -pipe  -I/opt/homebrew/opt/boost/include  -L/opt/homebrew/opt/boost conftest.o -lboost_system-xgcc-mt  >&5
ld: library not found for -lboost_system-xgcc-mt
clang: error: linker command failed with exit code 1 (use -v to see invocation)
configure:19938: $? = 1
configure:19923: re-using the existing conftest.o
configure:19929: g++ -o conftest -g -O2 -std=c++20 -stdlib=libc++ -pipe  -I/opt/homebrew/opt/boost/include  -L/opt/homebrew/opt/boost/lib conftest.o -lboost_system-xgcc  >&5
ld: library not found for -lboost_system-xgcc
clang: error: linker command failed with exit code 1 (use -v to see invocation)
configure:19938: $? = 1
configure:19923: re-using the existing conftest.o
configure:19929: g++ -o conftest -g -O2 -std=c++20 -stdlib=libc++ -pipe  -I/opt/homebrew/opt/boost/include  conftest.o -lboost_system-xgcc  >&5
ld: library not found for -lboost_system-xgcc
clang: error: linker command failed with exit code 1 (use -v to see invocation)
configure:19938: $? = 1
configure:19923: re-using the existing conftest.o
configure:19929: g++ -o conftest -g -O2 -std=c++20 -stdlib=libc++ -pipe  -I/opt/homebrew/opt/boost/include  -L/usr/local/lib conftest.o -lboost_system-xgcc  >&5
ld: library not found for -lboost_system-xgcc
clang: error: linker command failed with exit code 1 (use -v to see invocation)
configure:19938: $? = 1
configure:19923: re-using the existing conftest.o
configure:19929: g++ -o conftest -g -O2 -std=c++20 -stdlib=libc++ -pipe  -I/opt/homebrew/opt/boost/include  -L/usr/lib conftest.o -lboost_system-xgcc  >&5
ld: library not found for -lboost_system-xgcc
clang: error: linker command failed with exit code 1 (use -v to see invocation)
configure:19938: $? = 1
configure:19923: re-using the existing conftest.o
configure:19929: g++ -o conftest -g -O2 -std=c++20 -stdlib=libc++ -pipe  -I/opt/homebrew/opt/boost/include  -L/usr/libexec conftest.o -lboost_system-xgcc  >&5
ld: library not found for -lboost_system-xgcc
clang: error: linker command failed with exit code 1 (use -v to see invocation)
configure:19938: $? = 1
configure:19923: re-using the existing conftest.o
configure:19929: g++ -o conftest -g -O2 -std=c++20 -stdlib=libc++ -pipe  -I/opt/homebrew/opt/boost/include  -L/opt/homebrew/opt/boost conftest.o -lboost_system-xgcc  >&5
ld: library not found for -lboost_system-xgcc
clang: error: linker command failed with exit code 1 (use -v to see invocation)
configure:19938: $? = 1
configure:19923: re-using the existing conftest.o
configure:19929: g++ -o conftest -g -O2 -std=c++20 -stdlib=libc++ -pipe  -I/opt/homebrew/opt/boost/include  -L/opt/homebrew/opt/boost/lib conftest.o -lboost_system-xgcc-mt-d  >&5
ld: library not found for -lboost_system-xgcc-mt-d
clang: error: linker command failed with exit code 1 (use -v to see invocation)
configure:19938: $? = 1
configure:19923: re-using the existing conftest.o
configure:19929: g++ -o conftest -g -O2 -std=c++20 -stdlib=libc++ -pipe  -I/opt/homebrew/opt/boost/include  conftest.o -lboost_system-xgcc-mt-d  >&5
ld: library not found for -lboost_system-xgcc-mt-d
clang: error: linker command failed with exit code 1 (use -v to see invocation)
configure:19938: $? = 1
configure:19923: re-using the existing conftest.o
configure:19929: g++ -o conftest -g -O2 -std=c++20 -stdlib=libc++ -pipe  -I/opt/homebrew/opt/boost/include  -L/usr/local/lib conftest.o -lboost_system-xgcc-mt-d  >&5
ld: library not found for -lboost_system-xgcc-mt-d
clang: error: linker command failed with exit code 1 (use -v to see invocation)
configure:19938: $? = 1
configure:19923: re-using the existing conftest.o
configure:19929: g++ -o conftest -g -O2 -std=c++20 -stdlib=libc++ -pipe  -I/opt/homebrew/opt/boost/include  -L/usr/lib conftest.o -lboost_system-xgcc-mt-d  >&5
ld: library not found for -lboost_system-xgcc-mt-d
clang: error: linker command failed with exit code 1 (use -v to see invocation)
configure:19938: $? = 1
configure:19923: re-using the existing conftest.o
configure:19929: g++ -o conftest -g -O2 -std=c++20 -stdlib=libc++ -pipe  -I/opt/homebrew/opt/boost/include  -L/usr/libexec conftest.o -lboost_system-xgcc-mt-d  >&5
ld: library not found for -lboost_system-xgcc-mt-d
clang: error: linker command failed with exit code 1 (use -v to see invocation)
configure:19938: $? = 1
configure:19923: re-using the existing conftest.o
configure:19929: g++ -o conftest -g -O2 -std=c++20 -stdlib=libc++ -pipe  -I/opt/homebrew/opt/boost/include  -L/opt/homebrew/opt/boost conftest.o -lboost_system-xgcc-mt-d  >&5
ld: library not found for -lboost_system-xgcc-mt-d
clang: error: linker command failed with exit code 1 (use -v to see invocation)
configure:19938: $? = 1
configure:19923: re-using the existing conftest.o
configure:19929: g++ -o conftest -g -O2 -std=c++20 -stdlib=libc++ -pipe  -I/opt/homebrew/opt/boost/include  -L/opt/homebrew/opt/boost/lib conftest.o -lboost_system-xgcc-d  >&5
ld: library not found for -lboost_system-xgcc-d
clang: error: linker command failed with exit code 1 (use -v to see invocation)
configure:19938: $? = 1
configure:19923: re-using the existing conftest.o
configure:19929: g++ -o conftest -g -O2 -std=c++20 -stdlib=libc++ -pipe  -I/opt/homebrew/opt/boost/include  conftest.o -lboost_system-xgcc-d  >&5
ld: library not found for -lboost_system-xgcc-d
clang: error: linker command failed with exit code 1 (use -v to see invocation)
configure:19938: $? = 1
configure:19923: re-using the existing conftest.o
configure:19929: g++ -o conftest -g -O2 -std=c++20 -stdlib=libc++ -pipe  -I/opt/homebrew/opt/boost/include  -L/usr/local/lib conftest.o -lboost_system-xgcc-d  >&5
ld: library not found for -lboost_system-xgcc-d
clang: error: linker command failed with exit code 1 (use -v to see invocation)
configure:19938: $? = 1
configure:19923: re-using the existing conftest.o
configure:19929: g++ -o conftest -g -O2 -std=c++20 -stdlib=libc++ -pipe  -I/opt/homebrew/opt/boost/include  -L/usr/lib conftest.o -lboost_system-xgcc-d  >&5
ld: library not found for -lboost_system-xgcc-d
clang: error: linker command failed with exit code 1 (use -v to see invocation)
configure:19938: $? = 1
configure:19923: re-using the existing conftest.o
configure:19929: g++ -o conftest -g -O2 -std=c++20 -stdlib=libc++ -pipe  -I/opt/homebrew/opt/boost/include  -L/usr/libexec conftest.o -lboost_system-xgcc-d  >&5
ld: library not found for -lboost_system-xgcc-d
clang: error: linker command failed with exit code 1 (use -v to see invocation)
configure:19938: $? = 1
configure:19923: re-using the existing conftest.o
configure:19929: g++ -o conftest -g -O2 -std=c++20 -stdlib=libc++ -pipe  -I/opt/homebrew/opt/boost/include  -L/opt/homebrew/opt/boost conftest.o -lboost_system-xgcc-d  >&5
ld: library not found for -lboost_system-xgcc-d
clang: error: linker command failed with exit code 1 (use -v to see invocation)
configure:19938: $? = 1
configure:19923: re-using the existing conftest.o
configure:19929: g++ -o conftest -g -O2 -std=c++20 -stdlib=libc++ -pipe  -I/opt/homebrew/opt/boost/include  -L/opt/homebrew/opt/boost/lib conftest.o -lboost_system-mt-1_78  >&5
ld: library not found for -lboost_system-mt-1_78
clang: error: linker command failed with exit code 1 (use -v to see invocation)
configure:19938: $? = 1
configure:19923: re-using the existing conftest.o
configure:19929: g++ -o conftest -g -O2 -std=c++20 -stdlib=libc++ -pipe  -I/opt/homebrew/opt/boost/include  conftest.o -lboost_system-mt-1_78  >&5
ld: library not found for -lboost_system-mt-1_78
clang: error: linker command failed with exit code 1 (use -v to see invocation)
configure:19938: $? = 1
configure:19923: re-using the existing conftest.o
configure:19929: g++ -o conftest -g -O2 -std=c++20 -stdlib=libc++ -pipe  -I/opt/homebrew/opt/boost/include  -L/usr/local/lib conftest.o -lboost_system-mt-1_78  >&5
ld: library not found for -lboost_system-mt-1_78
clang: error: linker command failed with exit code 1 (use -v to see invocation)
configure:19938: $? = 1
configure:19923: re-using the existing conftest.o
configure:19929: g++ -o conftest -g -O2 -std=c++20 -stdlib=libc++ -pipe  -I/opt/homebrew/opt/boost/include  -L/usr/lib conftest.o -lboost_system-mt-1_78  >&5
ld: library not found for -lboost_system-mt-1_78
clang: error: linker command failed with exit code 1 (use -v to see invocation)
configure:19938: $? = 1
configure:19923: re-using the existing conftest.o
configure:19929: g++ -o conftest -g -O2 -std=c++20 -stdlib=libc++ -pipe  -I/opt/homebrew/opt/boost/include  -L/usr/libexec conftest.o -lboost_system-mt-1_78  >&5
ld: library not found for -lboost_system-mt-1_78
clang: error: linker command failed with exit code 1 (use -v to see invocation)
configure:19938: $? = 1
configure:19923: re-using the existing conftest.o
configure:19929: g++ -o conftest -g -O2 -std=c++20 -stdlib=libc++ -pipe  -I/opt/homebrew/opt/boost/include  -L/opt/homebrew/opt/boost conftest.o -lboost_system-mt-1_78  >&5
ld: library not found for -lboost_system-mt-1_78
clang: error: linker command failed with exit code 1 (use -v to see invocation)
configure:19938: $? = 1
configure:19923: re-using the existing conftest.o
configure:19929: g++ -o conftest -g -O2 -std=c++20 -stdlib=libc++ -pipe  -I/opt/homebrew/opt/boost/include  -L/opt/homebrew/opt/boost/lib conftest.o -lboost_system-1_78  >&5
ld: library not found for -lboost_system-1_78
clang: error: linker command failed with exit code 1 (use -v to see invocation)
configure:19938: $? = 1
configure:19923: re-using the existing conftest.o
configure:19929: g++ -o conftest -g -O2 -std=c++20 -stdlib=libc++ -pipe  -I/opt/homebrew/opt/boost/include  conftest.o -lboost_system-1_78  >&5
ld: library not found for -lboost_system-1_78
clang: error: linker command failed with exit code 1 (use -v to see invocation)
configure:19938: $? = 1
configure:19923: re-using the existing conftest.o
configure:19929: g++ -o conftest -g -O2 -std=c++20 -stdlib=libc++ -pipe  -I/opt/homebrew/opt/boost/include  -L/usr/local/lib conftest.o -lboost_system-1_78  >&5
ld: library not found for -lboost_system-1_78
clang: error: linker command failed with exit code 1 (use -v to see invocation)
configure:19938: $? = 1
configure:19923: re-using the existing conftest.o
configure:19929: g++ -o conftest -g -O2 -std=c++20 -stdlib=libc++ -pipe  -I/opt/homebrew/opt/boost/include  -L/usr/lib conftest.o -lboost_system-1_78  >&5
ld: library not found for -lboost_system-1_78
clang: error: linker command failed with exit code 1 (use -v to see invocation)
configure:19938: $? = 1
configure:19923: re-using the existing conftest.o
configure:19929: g++ -o conftest -g -O2 -std=c++20 -stdlib=libc++ -pipe  -I/opt/homebrew/opt/boost/include  -L/usr/libexec conftest.o -lboost_system-1_78  >&5
ld: library not found for -lboost_system-1_78
clang: error: linker command failed with exit code 1 (use -v to see invocation)
configure:19938: $? = 1
configure:19923: re-using the existing conftest.o
configure:19929: g++ -o conftest -g -O2 -std=c++20 -stdlib=libc++ -pipe  -I/opt/homebrew/opt/boost/include  -L/opt/homebrew/opt/boost conftest.o -lboost_system-1_78  >&5
ld: library not found for -lboost_system-1_78
clang: error: linker command failed with exit code 1 (use -v to see invocation)
configure:19938: $? = 1
configure:19923: re-using the existing conftest.o
configure:19929: g++ -o conftest -g -O2 -std=c++20 -stdlib=libc++ -pipe  -I/opt/homebrew/opt/boost/include  -L/opt/homebrew/opt/boost/lib conftest.o -lboost_system-mt-d-1_78  >&5
ld: library not found for -lboost_system-mt-d-1_78
clang: error: linker command failed with exit code 1 (use -v to see invocation)
configure:19938: $? = 1
configure:19923: re-using the existing conftest.o
configure:19929: g++ -o conftest -g -O2 -std=c++20 -stdlib=libc++ -pipe  -I/opt/homebrew/opt/boost/include  conftest.o -lboost_system-mt-d-1_78  >&5
ld: library not found for -lboost_system-mt-d-1_78
clang: error: linker command failed with exit code 1 (use -v to see invocation)
configure:19938: $? = 1
configure:19923: re-using the existing conftest.o
configure:19929: g++ -o conftest -g -O2 -std=c++20 -stdlib=libc++ -pipe  -I/opt/homebrew/opt/boost/include  -L/usr/local/lib conftest.o -lboost_system-mt-d-1_78  >&5
ld: library not found for -lboost_system-mt-d-1_78
clang: error: linker command failed with exit code 1 (use -v to see invocation)
configure:19938: $? = 1
configure:19923: re-using the existing conftest.o
configure:19929: g++ -o conftest -g -O2 -std=c++20 -stdlib=libc++ -pipe  -I/opt/homebrew/opt/boost/include  -L/usr/lib conftest.o -lboost_system-mt-d-1_78  >&5
ld: library not found for -lboost_system-mt-d-1_78
clang: error: linker command failed with exit code 1 (use -v to see invocation)
configure:19938: $? = 1
configure:19923: re-using the existing conftest.o
configure:19929: g++ -o conftest -g -O2 -std=c++20 -stdlib=libc++ -pipe  -I/opt/homebrew/opt/boost/include  -L/usr/libexec conftest.o -lboost_system-mt-d-1_78  >&5
ld: library not found for -lboost_system-mt-d-1_78
clang: error: linker command failed with exit code 1 (use -v to see invocation)
configure:19938: $? = 1
configure:19923: re-using the existing conftest.o
configure:19929: g++ -o conftest -g -O2 -std=c++20 -stdlib=libc++ -pipe  -I/opt/homebrew/opt/boost/include  -L/opt/homebrew/opt/boost conftest.o -lboost_system-mt-d-1_78  >&5
ld: library not found for -lboost_system-mt-d-1_78
clang: error: linker command failed with exit code 1 (use -v to see invocation)
configure:19938: $? = 1
configure:19923: re-using the existing conftest.o
configure:19929: g++ -o conftest -g -O2 -std=c++20 -stdlib=libc++ -pipe  -I/opt/homebrew/opt/boost/include  -L/opt/homebrew/opt/boost/lib conftest.o -lboost_system-d-1_78  >&5
ld: library not found for -lboost_system-d-1_78
clang: error: linker command failed with exit code 1 (use -v to see invocation)
configure:19938: $? = 1
configure:19923: re-using the existing conftest.o
configure:19929: g++ -o conftest -g -O2 -std=c++20 -stdlib=libc++ -pipe  -I/opt/homebrew/opt/boost/include  conftest.o -lboost_system-d-1_78  >&5
ld: library not found for -lboost_system-d-1_78
clang: error: linker command failed with exit code 1 (use -v to see invocation)
configure:19938: $? = 1
configure:19923: re-using the existing conftest.o
configure:19929: g++ -o conftest -g -O2 -std=c++20 -stdlib=libc++ -pipe  -I/opt/homebrew/opt/boost/include  -L/usr/local/lib conftest.o -lboost_system-d-1_78  >&5
ld: library not found for -lboost_system-d-1_78
clang: error: linker command failed with exit code 1 (use -v to see invocation)
configure:19938: $? = 1
configure:19923: re-using the existing conftest.o
configure:19929: g++ -o conftest -g -O2 -std=c++20 -stdlib=libc++ -pipe  -I/opt/homebrew/opt/boost/include  -L/usr/lib conftest.o -lboost_system-d-1_78  >&5
ld: library not found for -lboost_system-d-1_78
clang: error: linker command failed with exit code 1 (use -v to see invocation)
configure:19938: $? = 1
configure:19923: re-using the existing conftest.o
configure:19929: g++ -o conftest -g -O2 -std=c++20 -stdlib=libc++ -pipe  -I/opt/homebrew/opt/boost/include  -L/usr/libexec conftest.o -lboost_system-d-1_78  >&5
ld: library not found for -lboost_system-d-1_78
clang: error: linker command failed with exit code 1 (use -v to see invocation)
configure:19938: $? = 1
configure:19923: re-using the existing conftest.o
configure:19929: g++ -o conftest -g -O2 -std=c++20 -stdlib=libc++ -pipe  -I/opt/homebrew/opt/boost/include  -L/opt/homebrew/opt/boost conftest.o -lboost_system-d-1_78  >&5
ld: library not found for -lboost_system-d-1_78
clang: error: linker command failed with exit code 1 (use -v to see invocation)
configure:19938: $? = 1
configure:19923: re-using the existing conftest.o
configure:19929: g++ -o conftest -g -O2 -std=c++20 -stdlib=libc++ -pipe  -I/opt/homebrew/opt/boost/include  -L/opt/homebrew/opt/boost/lib conftest.o -lboost_system-mt  >&5
configure:19938: $? = 0
configure:20053: result: yes
configure:20091: checking whether building tcsh
configure:20109: SWIG use disabled: dynamic libraries disabled
configure:21174: result: no
configure:21330: checking that generated files are newer than configure
configure:21336: result: done
configure:21383: creating ./config.status

## ---------------------- ##
## Running config.status. ##
## ---------------------- ##

This file was extended by LRDE Tiger Compiler config.status 1.91.c, which was
generated by GNU Autoconf 2.71.  Invocation command line was

  CONFIG_FILES    = 
  CONFIG_HEADERS  = 
  CONFIG_LINKS    = 
  CONFIG_COMMANDS = 
  $ ./config.status 

on MacBook-Pro-de-Matheo.local

config.status:1205: creating build-aux/bin/flex++
config.status:1205: creating build-aux/bin/bison++
config.status:1205: creating tcsh/Makefile
config.status:1205: creating doc/Doxyfile
config.status:1205: creating tcsh/run
config.status:1205: creating tests/Makefile
config.status:1205: creating Makefile
config.status:1205: creating config.h
config.status:1371: config.h is unchanged
config.status:1419: executing depfiles commands
config.status:1496: cd .       && sed -e '/# am--include-marker/d' Makefile         | make -f - am--depfiles
/var/folders/hm/3trfhqns1qsb8308dx9g8h8h0000gn/T/GmzVDC24:3044: warning: overriding commands for target `doc/Doxyfile'
/var/folders/hm/3trfhqns1qsb8308dx9g8h8h0000gn/T/GmzVDC24:1437: warning: ignoring old commands for target `doc/Doxyfile'
make: Nothing to be done for `am--depfiles'.
config.status:1501: $? = 0
config.status:1419: executing libtool commands

## ---------------- ##
## Cache variables. ##
## ---------------- ##

ac_cv_BISON_actual_version=3.8.2
ac_cv_BISON_version=yes
ac_cv_FLEX_actual_version=2.6.4
ac_cv_FLEX_version=yes
ac_cv_build=aarch64-apple-darwin21.4.0
ac_cv_c_compiler_gnu=yes
ac_cv_cxx_compiler_gnu=yes
ac_cv_cxx_supports_=yes
ac_cv_cxx_supports__W=yes
ac_cv_cxx_supports__Wall=yes
ac_cv_cxx_supports__Wbad_function_cast=yes
ac_cv_cxx_supports__Wcast_align=yes
ac_cv_cxx_supports__Wcast_qual=yes
ac_cv_cxx_supports__Wformat=yes
ac_cv_cxx_supports__Wmissing_declarations=yes
ac_cv_cxx_supports__Wmissing_prototypes=yes
ac_cv_cxx_supports__Wnested_externs=yes
ac_cv_cxx_supports__Wno_shadow=yes
ac_cv_cxx_supports__Wno_strict_aliasing=yes
ac_cv_cxx_supports__Woverloaded_virtual=yes
ac_cv_cxx_supports__Wstrict_prototypes=yes
ac_cv_cxx_supports__Wunused_function=yes
ac_cv_cxx_supports__Wunused_parameter=yes
ac_cv_cxx_supports__Wwrite_strings=yes
ac_cv_cxx_supports__wd111_193_279_383_444_522_654_810_981_1418=no
ac_cv_env_BISON_set=
ac_cv_env_BISON_value=
ac_cv_env_BOOST_ROOT_set=set
ac_cv_env_BOOST_ROOT_value=/opt/homebrew/opt/boost
ac_cv_env_CCC_set=
ac_cv_env_CCC_value=
ac_cv_env_CC_set=
ac_cv_env_CC_value=
ac_cv_env_CFLAGS_set=
ac_cv_env_CFLAGS_value=
ac_cv_env_CPPFLAGS_set=
ac_cv_env_CPPFLAGS_value=
ac_cv_env_CXXCPP_set=
ac_cv_env_CXXCPP_value=
ac_cv_env_CXXFLAGS_set=
ac_cv_env_CXXFLAGS_value=
ac_cv_env_CXX_set=
ac_cv_env_CXX_value=
ac_cv_env_EMACSLOADPATH_set=
ac_cv_env_EMACSLOADPATH_value=
ac_cv_env_EMACS_set=
ac_cv_env_EMACS_value=
ac_cv_env_FLEX_set=
ac_cv_env_FLEX_value=
ac_cv_env_LDFLAGS_set=
ac_cv_env_LDFLAGS_value=
ac_cv_env_LIBS_set=
ac_cv_env_LIBS_value=
ac_cv_env_LT_SYS_LIBRARY_PATH_set=
ac_cv_env_LT_SYS_LIBRARY_PATH_value=
ac_cv_env_PYTHON_set=
ac_cv_env_PYTHON_value=
ac_cv_env_RUBY_CPPFLAGS_set=
ac_cv_env_RUBY_CPPFLAGS_value=
ac_cv_env_build_alias_set=
ac_cv_env_build_alias_value=
ac_cv_env_host_alias_set=
ac_cv_env_host_alias_value=
ac_cv_env_target_alias_set=
ac_cv_env_target_alias_value=
ac_cv_header_boost_algorithm_string_hpp=yes
ac_cv_header_boost_cast_hpp=yes
ac_cv_header_boost_graph_adjacency_list_hpp=yes
ac_cv_header_boost_lexical_cast_hpp=yes
ac_cv_header_boost_program_options_hpp=yes
ac_cv_header_boost_system_error_code_hpp=yes
ac_cv_header_dlfcn_h=yes
ac_cv_header_inttypes_h=yes
ac_cv_header_stdint_h=yes
ac_cv_header_stdio_h=yes
ac_cv_header_stdlib_h=yes
ac_cv_header_string_h=yes
ac_cv_header_strings_h=yes
ac_cv_header_sys_stat_h=yes
ac_cv_header_sys_types_h=yes
ac_cv_header_unistd_h=yes
ac_cv_host=aarch64-apple-darwin21.4.0
ac_cv_objext=o
ac_cv_path_EGREP='/usr/bin/grep -E'
ac_cv_path_FGREP='/usr/bin/grep -F'
ac_cv_path_GREP=/usr/bin/grep
ac_cv_path_SED=/usr/bin/sed
ac_cv_path_install='/usr/bin/install -c'
ac_cv_path_lt_DD=/bin/dd
ac_cv_prog_AWK=awk
ac_cv_prog_BISON=bison
ac_cv_prog_CLANG_FORMAT=clang-format
ac_cv_prog_CXXCPP='g++ -E'
ac_cv_prog_FLEX=flex
ac_cv_prog_ac_ct_AR=ar
ac_cv_prog_ac_ct_CC=gcc
ac_cv_prog_ac_ct_CXX=g++
ac_cv_prog_ac_ct_DSYMUTIL=dsymutil
ac_cv_prog_ac_ct_LIPO=lipo
ac_cv_prog_ac_ct_NMEDIT=nmedit
ac_cv_prog_ac_ct_OBJDUMP=objdump
ac_cv_prog_ac_ct_OTOOL=otool
ac_cv_prog_ac_ct_RANLIB=ranlib
ac_cv_prog_ac_ct_STRIP=strip
ac_cv_prog_cc_c11=
ac_cv_prog_cc_g=yes
ac_cv_prog_cc_stdc=
ac_cv_prog_cxx_11=no
ac_cv_prog_cxx_g=yes
ac_cv_prog_cxx_stdcxx=
ac_cv_prog_make_make_set=yes
am_cv_CC_dependencies_compiler_type=gcc3
am_cv_CXX_dependencies_compiler_type=gcc3
am_cv_ar_interface=ar
am_cv_lispdir='${datadir}/emacs/site-lisp'
am_cv_make_support_nested_variables=yes
am_cv_prog_cc_c_o=yes
ax_cv_check_cxxflags___pipe=yes
ax_cv_check_cxxflags___std_cpp20__stdlib_libcpp=yes
boost_cv_inc_path=/opt/homebrew/opt/boost/include
boost_cv_lib_graph=yes
boost_cv_lib_graph_LDFLAGS='-L/opt/homebrew/opt/boost/lib -Wl,-rpath,/opt/homebrew/opt/boost/lib'
boost_cv_lib_graph_LDPATH=/opt/homebrew/opt/boost/lib
boost_cv_lib_graph_LIBS=-lboost_graph-mt
boost_cv_lib_program_options=yes
boost_cv_lib_program_options_LDFLAGS='-L/opt/homebrew/opt/boost/lib -Wl,-rpath,/opt/homebrew/opt/boost/lib'
boost_cv_lib_program_options_LDPATH=/opt/homebrew/opt/boost/lib
boost_cv_lib_program_options_LIBS=-lboost_program_options-mt
boost_cv_lib_system=yes
boost_cv_lib_system_LDFLAGS='-L/opt/homebrew/opt/boost/lib -Wl,-rpath,/opt/homebrew/opt/boost/lib'
boost_cv_lib_system_LDPATH=/opt/homebrew/opt/boost/lib
boost_cv_lib_system_LIBS=-lboost_system-mt
boost_cv_lib_tag='xgcc42 -xgcc'
boost_cv_lib_version=1_78
boost_cv_rpath_link_ldflag=-Wl,-rpath,
lt_cv_apple_cc_single_mod=yes
lt_cv_ar_at_file=no
lt_cv_deplibs_check_method=pass_all
lt_cv_file_magic_cmd='$MAGIC_CMD'
lt_cv_file_magic_test_file=
lt_cv_ld_exported_symbols_list=yes
lt_cv_ld_force_load=yes
lt_cv_ld_reload_flag=-r
lt_cv_nm_interface='BSD nm'
lt_cv_objdir=.libs
lt_cv_path_LD=/usr/bin/ld
lt_cv_path_LDCXX=/usr/bin/ld
lt_cv_path_NM='/usr/bin/nm -B'
lt_cv_path_mainfest_tool=no
lt_cv_prog_compiler_c_o=yes
lt_cv_prog_compiler_c_o_CXX=yes
lt_cv_prog_compiler_pic='-fno-common -DPIC'
lt_cv_prog_compiler_pic_CXX='-fno-common -DPIC'
lt_cv_prog_compiler_pic_works=yes
lt_cv_prog_compiler_pic_works_CXX=yes
lt_cv_prog_compiler_rtti_exceptions=no
lt_cv_prog_compiler_static_works=no
lt_cv_prog_compiler_static_works_CXX=no
lt_cv_prog_gnu_ld=no
lt_cv_prog_gnu_ldcxx=no
lt_cv_sharedlib_from_linklib_cmd='printf %s\n'
lt_cv_sys_global_symbol_pipe='sed -n -e '\''s/^.*[	 ]\([ABCDGIRSTW][ABCDGIRSTW]*\)[	 ][	 ]*_\([_A-Za-z][_A-Za-z0-9]*\)$/\1 _\2 \2/p'\'' | sed '\''/ __gnu_lto/d'\'''
lt_cv_sys_global_symbol_to_c_name_address='sed -n -e '\''s/^: \(.*\) .*$/  {"\1", (void *) 0},/p'\'' -e '\''s/^[ABCDGIRSTW][ABCDGIRSTW]* .* \(.*\)$/  {"\1", (void *) \&\1},/p'\'''
lt_cv_sys_global_symbol_to_c_name_address_lib_prefix='sed -n -e '\''s/^: \(.*\) .*$/  {"\1", (void *) 0},/p'\'' -e '\''s/^[ABCDGIRSTW][ABCDGIRSTW]* .* \(lib.*\)$/  {"\1", (void *) \&\1},/p'\'' -e '\''s/^[ABCDGIRSTW][ABCDGIRSTW]* .* \(.*\)$/  {"lib\1", (void *) \&\1},/p'\'''
lt_cv_sys_global_symbol_to_cdecl='sed -n -e '\''s/^T .* \(.*\)$/extern int \1();/p'\'' -e '\''s/^[ABCDGIRSTW][ABCDGIRSTW]* .* \(.*\)$/extern char \1;/p'\'''
lt_cv_sys_global_symbol_to_import=
lt_cv_sys_max_cmd_len=786432
lt_cv_to_host_file_cmd=func_convert_file_noop
lt_cv_to_tool_file_cmd=func_convert_file_noop
lt_cv_truncate_bin='/bin/dd bs=4096 count=1'
tc_cv_with_tcsh=no

## ----------------- ##
## Output variables. ##
## ----------------- ##

ACLOCAL='${SHELL} '\''/Users/matheo/local_doc/info_ing1/tiger/github/build-aux/missing'\'' aclocal-1.16'
AMDEPBACKSLASH='\'
AMDEP_FALSE='#'
AMDEP_TRUE=''
AMTAR='$${TAR-tar}'
AM_BACKSLASH='\'
AM_DEFAULT_V='$(AM_DEFAULT_VERBOSITY)'
AM_DEFAULT_VERBOSITY='0'
AM_V='$(V)'
AR='ar'
AUTOCONF='${SHELL} '\''/Users/matheo/local_doc/info_ing1/tiger/github/build-aux/missing'\'' autoconf'
AUTOHEADER='${SHELL} '\''/Users/matheo/local_doc/info_ing1/tiger/github/build-aux/missing'\'' autoheader'
AUTOMAKE='${SHELL} '\''/Users/matheo/local_doc/info_ing1/tiger/github/build-aux/missing'\'' automake-1.16'
AWK='awk'
BISON='bison'
BOOST_CPPFLAGS='-I/opt/homebrew/opt/boost/include'
BOOST_GRAPH_LDFLAGS='-L/opt/homebrew/opt/boost/lib -Wl,-rpath,/opt/homebrew/opt/boost/lib'
BOOST_GRAPH_LDPATH='/opt/homebrew/opt/boost/lib'
BOOST_GRAPH_LIBS='-lboost_graph-mt'
BOOST_LDPATH='/opt/homebrew/opt/boost/lib'
BOOST_PROGRAM_OPTIONS_LDFLAGS='-L/opt/homebrew/opt/boost/lib -Wl,-rpath,/opt/homebrew/opt/boost/lib'
BOOST_PROGRAM_OPTIONS_LDPATH='/opt/homebrew/opt/boost/lib'
BOOST_PROGRAM_OPTIONS_LIBS='-lboost_program_options-mt'
BOOST_ROOT='/opt/homebrew/opt/boost'
BOOST_SYSTEM_LDFLAGS='-L/opt/homebrew/opt/boost/lib -Wl,-rpath,/opt/homebrew/opt/boost/lib'
BOOST_SYSTEM_LDPATH='/opt/homebrew/opt/boost/lib'
BOOST_SYSTEM_LIBS='-lboost_system-mt'
CC='gcc'
CCDEPMODE='depmode=gcc3'
CFLAGS='-g -O2'
CLANG_FORMAT='clang-format'
CPPFLAGS=''
CSCOPE='cscope'
CTAGS='ctags'
CXX='g++'
CXXCPP='g++ -E'
CXXDEPMODE='depmode=gcc3'
CXXFLAGS='-g -O2 -std=c++20 -stdlib=libc++ -pipe'
CYGPATH_W='echo'
DARWIN_FALSE='#'
DARWIN_TRUE=''
DEFS='-DHAVE_CONFIG_H'
DEPDIR='.deps'
DISTCHECK_CONFIGURE_FLAGS=' '\''--with-boost=/opt/homebrew/opt/boost'\'''
DLLTOOL='false'
DSYMUTIL='dsymutil'
DUMPBIN=''
ECHO_C='\c'
ECHO_N=''
ECHO_T=''
EGREP='/usr/bin/grep -E'
EMACS='no'
EMACSLOADPATH=''
ENABLE_TCSH_FALSE=''
ENABLE_TCSH_TRUE='#'
ETAGS='etags'
EXEEXT=''
FGREP='/usr/bin/grep -F'
FLEX='flex'
GREP='/usr/bin/grep'
IA32_FREEBSD_FALSE=''
IA32_FREEBSD_TRUE='#'
IA32_GNU_LINUX_FALSE=''
IA32_GNU_LINUX_TRUE='#'
INSTALL_DATA='${INSTALL} -m 644'
INSTALL_PROGRAM='${INSTALL}'
INSTALL_SCRIPT='${INSTALL}'
INSTALL_STRIP_PROGRAM='$(install_sh) -c -s'
LD='/usr/bin/ld'
LDFLAGS=''
LIBOBJS=''
LIBS=''
LIBTOOL='$(SHELL) $(top_builddir)/libtool'
LIPO='lipo'
LN_S='ln -s'
LTLIBOBJS=''
LT_SYS_LIBRARY_PATH=''
MAKEINFO='${SHELL} '\''/Users/matheo/local_doc/info_ing1/tiger/github/build-aux/missing'\'' makeinfo'
MANIFEST_TOOL=':'
MKDIR_P='/Users/matheo/local_doc/info_ing1/tiger/github/build-aux/install-sh -c -d'
NM='/usr/bin/nm -B'
NMEDIT='nmedit'
NO_STRICT_ALIASING_CXXFLAGS=' -Wno-strict-aliasing'
OBJDUMP='objdump'
OBJEXT='o'
OTOOL64=':'
OTOOL='otool'
PACKAGE='tc'
PACKAGE_BUGREPORT='tiger@lrde.epita.fr'
PACKAGE_NAME='LRDE Tiger Compiler'
PACKAGE_STRING='LRDE Tiger Compiler 1.91.c'
PACKAGE_TARNAME='tc'
PACKAGE_URL='http://tiger.lrde.epita.fr'
PACKAGE_VERSION='1.91.c'
PATH_SEPARATOR=':'
PYTHON=''
PYTHONINC=''
PYTHON_EXEC_PREFIX=''
PYTHON_PLATFORM=''
PYTHON_PREFIX=''
PYTHON_VERSION=''
RANLIB='ranlib'
RUBY=''
RUBY_CPPFLAGS=''
SED='/usr/bin/sed'
SET_MAKE=''
SHELL='/bin/sh'
STRIP='strip'
SUPPORTED_IA32_FALSE=''
SUPPORTED_IA32_TRUE='#'
SWIG=''
SWIG_LIB=''
VERSION='1.91.c'
WARNING_CXXFLAGS=' -Wall -W -Wcast-align -Wcast-qual -Wformat -Wmissing-prototypes -Wstrict-prototypes -Wwrite-strings -Wbad-function-cast -Wmissing-declarations -Wnested-externs -Wunused-parameter -Wunused-function -Woverloaded-virtual  -Wno-shadow'
ac_ct_AR='ar'
ac_ct_CC='gcc'
ac_ct_CXX='g++'
ac_ct_DUMPBIN=''
am__EXEEXT_FALSE=''
am__EXEEXT_TRUE='#'
am__fastdepCC_FALSE='#'
am__fastdepCC_TRUE=''
am__fastdepCXX_FALSE='#'
am__fastdepCXX_TRUE=''
am__include='-include'
am__isrc=' -I$(srcdir)'
am__leading_dot='.'
am__nodep='_no'
am__quote=''
am__tar='$${TAR-tar} chof - "$$tardir"'
am__untar='$${TAR-tar} xf -'
bindir='${exec_prefix}/bin'
build='aarch64-apple-darwin21.4.0'
build_alias=''
build_cpu='aarch64'
build_os='darwin21.4.0'
build_vendor='apple'
datadir='${datarootdir}'
datarootdir='${prefix}/share'
docdir='${datarootdir}/doc/${PACKAGE_TARNAME}'
dvidir='${docdir}'
exec_prefix='${prefix}'
host='aarch64-apple-darwin21.4.0'
host_alias=''
host_cpu='aarch64'
host_os='darwin21.4.0'
host_vendor='apple'
htmldir='${docdir}'
includedir='${prefix}/include'
infodir='${datarootdir}/info'
install_sh='${SHELL} /Users/matheo/local_doc/info_ing1/tiger/github/build-aux/install-sh'
libdir='${exec_prefix}/lib'
libexecdir='${exec_prefix}/libexec'
lispdir='${datadir}/emacs/site-lisp'
localedir='${datarootdir}/locale'
localstatedir='${prefix}/var'
mandir='${datarootdir}/man'
mkdir_p='$(MKDIR_P)'
oldincludedir='/usr/include'
pdfdir='${docdir}'
pkgpyexecdir=''
pkgpythondir=''
prefix='/usr/local'
program_transform_name='s,x,x,'
psdir='${docdir}'
pyexecdir=''
pythondir=''
runstatedir='${localstatedir}/run'
sbindir='${exec_prefix}/sbin'
sharedstatedir='${prefix}/com'
sysconfdir='${prefix}/etc'
target_alias=''

## ----------- ##
## confdefs.h. ##
## ----------- ##

/* confdefs.h */
#define PACKAGE_NAME "LRDE Tiger Compiler"
#define PACKAGE_TARNAME "tc"
#define PACKAGE_VERSION "1.91.c"
#define PACKAGE_STRING "LRDE Tiger Compiler 1.91.c"
#define PACKAGE_BUGREPORT "tiger@lrde.epita.fr"
#define PACKAGE_URL "http://tiger.lrde.epita.fr"
#define PACKAGE "tc"
#define VERSION "1.91.c"
#define FLEX_MAJOR_VERSION 2
#define FLEX_MINOR_VERSION 6
#define FLEX_SUBMINOR_VERSION 4
#define HAVE_STDIO_H 1
#define HAVE_STDLIB_H 1
#define HAVE_STRING_H 1
#define HAVE_INTTYPES_H 1
#define HAVE_STDINT_H 1
#define HAVE_STRINGS_H 1
#define HAVE_SYS_STAT_H 1
#define HAVE_SYS_TYPES_H 1
#define HAVE_UNISTD_H 1
#define STDC_HEADERS 1
#define HAVE_DLFCN_H 1
#define LT_OBJDIR ".libs/"
#define HAVE_BOOST 1
#define HAVE_BOOST_CAST_HPP 1
#define HAVE_BOOST_LEXICAL_CAST_HPP 1
#define HAVE_BOOST_GRAPH_ADJACENCY_LIST_HPP 1
#define HAVE_BOOST_PROGRAM_OPTIONS_HPP 1
#define HAVE_BOOST_ALGORITHM_STRING_HPP 1
#define HAVE_BOOST_SYSTEM_ERROR_CODE_HPP 1

configure: exit 0
